[2023-04-04 23:15:19.284 +03:00  INF]  Now listening on: https://localhost:7297
[2023-04-04 23:15:19.459 +03:00  INF]  Now listening on: http://localhost:5128
[2023-04-04 23:15:19.466 +03:00  INF]  Application started. Press Ctrl+C to shut down.
[2023-04-04 23:15:19.467 +03:00  INF]  Hosting environment: Development
[2023-04-04 23:15:19.468 +03:00  INF]  Content root path: C:\Users\Aviv\OneDrive\שולחן העבודה\GitHubProjects\AirportProject\Server\Airport
[2023-04-04 23:15:20.290 +03:00  INF]  Request starting HTTP/2 GET https://localhost:7297/swagger/index.html - -
[2023-04-04 23:15:20.680 +03:00  INF]  Request finished HTTP/2 GET https://localhost:7297/swagger/index.html - - - 200 - text/html;charset=utf-8 394.3914ms
[2023-04-04 23:15:20.794 +03:00  INF]  Request starting HTTP/2 GET https://localhost:7297/_vs/browserLink - -
[2023-04-04 23:15:20.794 +03:00  INF]  Request starting HTTP/2 GET https://localhost:7297/_framework/aspnetcore-browser-refresh.js - -
[2023-04-04 23:15:20.815 +03:00  INF]  Request finished HTTP/2 GET https://localhost:7297/_framework/aspnetcore-browser-refresh.js - - - 200 11984 application/javascript;+charset=utf-8 21.4488ms
[2023-04-04 23:15:20.962 +03:00  INF]  Request finished HTTP/2 GET https://localhost:7297/_vs/browserLink - - - 200 - text/javascript;+charset=UTF-8 168.2348ms
[2023-04-04 23:15:21.073 +03:00  INF]  Request starting HTTP/2 GET https://localhost:7297/swagger/v1/swagger.json - -
[2023-04-04 23:15:21.237 +03:00  INF]  Request finished HTTP/2 GET https://localhost:7297/swagger/v1/swagger.json - - - 200 - application/json;charset=utf-8 164.5275ms
[2023-04-04 23:15:31.017 +03:00  INF]  Request starting HTTP/2 POST https://localhost:7297/api/Pilots/AddPilot application/json 29
[2023-04-04 23:15:31.024 +03:00  INF]  CORS policy execution successful.
[2023-04-04 23:15:31.029 +03:00  INF]  Executing endpoint 'FlightSimulator.Controllers.PilotsController.AddPilot (Airport)'
[2023-04-04 23:15:31.049 +03:00  INF]  Route matched with {action = "AddPilot", controller = "Pilots"}. Executing controller action with signature System.Threading.Tasks.Task`1[Microsoft.AspNetCore.Mvc.IActionResult] AddPilot(Core.DTOs.Incoming.PilotInDTO) on controller FlightSimulator.Controllers.PilotsController (Airport).
[2023-04-04 23:15:31.441 +03:00  INF]  Executing BadRequestObjectResult, writing value of type 'Microsoft.AspNetCore.Mvc.ValidationProblemDetails'.
[2023-04-04 23:15:31.451 +03:00  INF]  Executed action FlightSimulator.Controllers.PilotsController.AddPilot (Airport) in 396.5375ms
[2023-04-04 23:15:31.452 +03:00  INF]  Executed endpoint 'FlightSimulator.Controllers.PilotsController.AddPilot (Airport)'
[2023-04-04 23:15:31.455 +03:00  INF]  Request finished HTTP/2 POST https://localhost:7297/api/Pilots/AddPilot application/json 29 - 400 - application/problem+json;+charset=utf-8 437.8904ms
[2023-04-04 23:15:59.327 +03:00  INF]  Request starting HTTP/2 POST https://localhost:7297/api/Pilots/AddPilot application/json 29
[2023-04-04 23:15:59.330 +03:00  INF]  CORS policy execution successful.
[2023-04-04 23:15:59.331 +03:00  INF]  Executing endpoint 'FlightSimulator.Controllers.PilotsController.AddPilot (Airport)'
[2023-04-04 23:15:59.331 +03:00  INF]  Route matched with {action = "AddPilot", controller = "Pilots"}. Executing controller action with signature System.Threading.Tasks.Task`1[Microsoft.AspNetCore.Mvc.IActionResult] AddPilot(Core.DTOs.Incoming.PilotInDTO) on controller FlightSimulator.Controllers.PilotsController (Airport).
[2023-04-04 23:15:59.345 +03:00  INF]  Executing BadRequestObjectResult, writing value of type 'Microsoft.AspNetCore.Mvc.ValidationProblemDetails'.
[2023-04-04 23:15:59.346 +03:00  INF]  Executed action FlightSimulator.Controllers.PilotsController.AddPilot (Airport) in 14.2193ms
[2023-04-04 23:15:59.346 +03:00  INF]  Executed endpoint 'FlightSimulator.Controllers.PilotsController.AddPilot (Airport)'
[2023-04-04 23:15:59.346 +03:00  INF]  Request finished HTTP/2 POST https://localhost:7297/api/Pilots/AddPilot application/json 29 - 400 - application/problem+json;+charset=utf-8 19.5388ms
[2023-04-04 23:16:14.230 +03:00  INF]  Request starting HTTP/2 POST https://localhost:7297/api/Flights/AddDepartureFlight application/json 216
[2023-04-04 23:16:14.232 +03:00  INF]  CORS policy execution successful.
[2023-04-04 23:16:14.232 +03:00  INF]  Executing endpoint 'FlightSimulator.Controllers.FlightsController.AddDepartureFlight (Airport)'
[2023-04-04 23:16:14.239 +03:00  INF]  Route matched with {action = "AddDepartureFlight", controller = "Flights"}. Executing controller action with signature System.Threading.Tasks.Task`1[Microsoft.AspNetCore.Mvc.IActionResult] AddDepartureFlight(Core.DTOs.Incoming.FlightInDTO) on controller FlightSimulator.Controllers.FlightsController (Airport).
[2023-04-04 23:16:14.258 +03:00  INF]  Executing BadRequestObjectResult, writing value of type 'Microsoft.AspNetCore.Mvc.ValidationProblemDetails'.
[2023-04-04 23:16:14.259 +03:00  INF]  Executed action FlightSimulator.Controllers.FlightsController.AddDepartureFlight (Airport) in 20.0725ms
[2023-04-04 23:16:14.259 +03:00  INF]  Executed endpoint 'FlightSimulator.Controllers.FlightsController.AddDepartureFlight (Airport)'
[2023-04-04 23:16:14.260 +03:00  INF]  Request finished HTTP/2 POST https://localhost:7297/api/Flights/AddDepartureFlight application/json 216 - 400 - application/problem+json;+charset=utf-8 29.4927ms
[2023-04-04 23:16:36.682 +03:00  INF]  Now listening on: https://localhost:7297
[2023-04-04 23:16:36.824 +03:00  INF]  Now listening on: http://localhost:5128
[2023-04-04 23:16:36.826 +03:00  INF]  Application started. Press Ctrl+C to shut down.
[2023-04-04 23:16:36.826 +03:00  INF]  Hosting environment: Development
[2023-04-04 23:16:36.826 +03:00  INF]  Content root path: C:\Users\Aviv\OneDrive\שולחן העבודה\GitHubProjects\AirportProject\Server\Airport
[2023-04-04 23:16:37.639 +03:00  INF]  Request starting HTTP/2 GET https://localhost:7297/swagger/index.html - -
[2023-04-04 23:16:37.912 +03:00  INF]  Request finished HTTP/2 GET https://localhost:7297/swagger/index.html - - - 200 - text/html;charset=utf-8 274.6555ms
[2023-04-04 23:16:37.925 +03:00  INF]  Request starting HTTP/2 GET https://localhost:7297/_framework/aspnetcore-browser-refresh.js - -
[2023-04-04 23:16:37.936 +03:00  INF]  Request finished HTTP/2 GET https://localhost:7297/_framework/aspnetcore-browser-refresh.js - - - 200 11984 application/javascript;+charset=utf-8 10.4373ms
[2023-04-04 23:16:37.974 +03:00  INF]  Request starting HTTP/2 GET https://localhost:7297/_vs/browserLink - -
[2023-04-04 23:16:38.044 +03:00  INF]  Request finished HTTP/2 GET https://localhost:7297/_vs/browserLink - - - 200 - text/javascript;+charset=UTF-8 70.0129ms
[2023-04-04 23:16:38.156 +03:00  INF]  Request starting HTTP/2 GET https://localhost:7297/swagger/v1/swagger.json - -
[2023-04-04 23:16:38.290 +03:00  INF]  Request finished HTTP/2 GET https://localhost:7297/swagger/v1/swagger.json - - - 200 - application/json;charset=utf-8 133.3612ms
[2023-04-04 23:16:53.585 +03:00  INF]  Request starting HTTP/2 POST https://localhost:7297/api/Pilots/AddPilot application/json 52
[2023-04-04 23:16:53.593 +03:00  INF]  CORS policy execution successful.
[2023-04-04 23:16:53.599 +03:00  INF]  Executing endpoint 'FlightSimulator.Controllers.PilotsController.AddPilot (Airport)'
[2023-04-04 23:16:53.627 +03:00  INF]  Route matched with {action = "AddPilot", controller = "Pilots"}. Executing controller action with signature System.Threading.Tasks.Task`1[Microsoft.AspNetCore.Mvc.IActionResult] AddPilot(Core.DTOs.Incoming.PilotInDTO) on controller FlightSimulator.Controllers.PilotsController (Airport).
[2023-04-04 23:16:53.997 +03:00  INF]  Executing BadRequestObjectResult, writing value of type 'Microsoft.AspNetCore.Mvc.ValidationProblemDetails'.
[2023-04-04 23:16:54.007 +03:00  INF]  Executed action FlightSimulator.Controllers.PilotsController.AddPilot (Airport) in 374.2602ms
[2023-04-04 23:16:54.008 +03:00  INF]  Executed endpoint 'FlightSimulator.Controllers.PilotsController.AddPilot (Airport)'
[2023-04-04 23:16:54.010 +03:00  INF]  Request finished HTTP/2 POST https://localhost:7297/api/Pilots/AddPilot application/json 52 - 400 - application/problem+json;+charset=utf-8 424.5524ms
