[2023-04-03 13:20:21.208 +03:00  INF]  Executed DbCommand (19ms) [Parameters=[], CommandType='"Text"', CommandTimeout='30']
SELECT 1
[2023-04-03 13:20:21.416 +03:00  INF]  Executed DbCommand (16ms) [Parameters=[], CommandType='"Text"', CommandTimeout='30']
SELECT OBJECT_ID(N'[__EFMigrationsHistory]');
[2023-04-03 13:20:21.420 +03:00  INF]  Executed DbCommand (1ms) [Parameters=[], CommandType='"Text"', CommandTimeout='30']
SELECT 1
[2023-04-03 13:20:21.421 +03:00  INF]  Executed DbCommand (0ms) [Parameters=[], CommandType='"Text"', CommandTimeout='30']
SELECT OBJECT_ID(N'[__EFMigrationsHistory]');
[2023-04-03 13:20:21.449 +03:00  INF]  Executed DbCommand (4ms) [Parameters=[], CommandType='"Text"', CommandTimeout='30']
SELECT [MigrationId], [ProductVersion]
FROM [__EFMigrationsHistory]
ORDER BY [MigrationId];
[2023-04-03 13:20:21.468 +03:00  INF]  Applying migration '20230403102011_UpdateEntities'.
[2023-04-03 13:20:21.588 +03:00  INF]  Executed DbCommand (44ms) [Parameters=[], CommandType='"Text"', CommandTimeout='30']
DECLARE @var0 sysname;
SELECT @var0 = [d].[name]
FROM [sys].[default_constraints] [d]
INNER JOIN [sys].[columns] [c] ON [d].[parent_column_id] = [c].[column_id] AND [d].[parent_object_id] = [c].[object_id]
WHERE ([d].[parent_object_id] = OBJECT_ID(N'[Flights]') AND [c].[name] = N'Name');
IF @var0 IS NOT NULL EXEC(N'ALTER TABLE [Flights] DROP CONSTRAINT [' + @var0 + '];');
ALTER TABLE [Flights] DROP COLUMN [Name];
[2023-04-03 13:20:21.754 +03:00  INF]  Executed DbCommand (165ms) [Parameters=[], CommandType='"Text"', CommandTimeout='30']
EXEC sp_rename N'[Pilots].[Name]', N'LastName', N'COLUMN';
[2023-04-03 13:20:21.759 +03:00  INF]  Executed DbCommand (4ms) [Parameters=[], CommandType='"Text"', CommandTimeout='30']
ALTER TABLE [Pilots] ADD [Age] int NOT NULL DEFAULT 0;
[2023-04-03 13:20:21.762 +03:00  INF]  Executed DbCommand (2ms) [Parameters=[], CommandType='"Text"', CommandTimeout='30']
ALTER TABLE [Pilots] ADD [FirstName] nvarchar(max) NULL;
[2023-04-03 13:20:21.764 +03:00  INF]  Executed DbCommand (1ms) [Parameters=[], CommandType='"Text"', CommandTimeout='30']
ALTER TABLE [Pilots] ADD [Rank] int NOT NULL DEFAULT 0;
[2023-04-03 13:20:21.785 +03:00  INF]  Executed DbCommand (20ms) [Parameters=[], CommandType='"Text"', CommandTimeout='30']
DECLARE @var1 sysname;
SELECT @var1 = [d].[name]
FROM [sys].[default_constraints] [d]
INNER JOIN [sys].[columns] [c] ON [d].[parent_column_id] = [c].[column_id] AND [d].[parent_object_id] = [c].[object_id]
WHERE ([d].[parent_object_id] = OBJECT_ID(N'[Flights]') AND [c].[name] = N'Code');
IF @var1 IS NOT NULL EXEC(N'ALTER TABLE [Flights] DROP CONSTRAINT [' + @var1 + '];');
ALTER TABLE [Flights] ALTER COLUMN [Code] uniqueidentifier NULL;
[2023-04-03 13:20:21.787 +03:00  INF]  Executed DbCommand (1ms) [Parameters=[], CommandType='"Text"', CommandTimeout='30']
ALTER TABLE [Flights] ADD [PlainId] int NULL;
[2023-04-03 13:20:21.791 +03:00  INF]  Executed DbCommand (4ms) [Parameters=[], CommandType='"Text"', CommandTimeout='30']
CREATE TABLE [Company] (
    [Id] int NOT NULL IDENTITY,
    [Name] nvarchar(max) NULL,
    [Country] nvarchar(max) NULL,
    CONSTRAINT [PK_Company] PRIMARY KEY ([Id])
);
[2023-04-03 13:20:21.795 +03:00  INF]  Executed DbCommand (3ms) [Parameters=[], CommandType='"Text"', CommandTimeout='30']
CREATE TABLE [Plain] (
    [Id] int NOT NULL IDENTITY,
    [CompanyId] int NULL,
    [Model] nvarchar(max) NULL,
    [PassangerCount] int NOT NULL,
    CONSTRAINT [PK_Plain] PRIMARY KEY ([Id]),
    CONSTRAINT [FK_Plain_Company_CompanyId] FOREIGN KEY ([CompanyId]) REFERENCES [Company] ([Id])
);
[2023-04-03 13:20:21.806 +03:00  INF]  Executed DbCommand (11ms) [Parameters=[], CommandType='"Text"', CommandTimeout='30']
CREATE INDEX [IX_Flights_PlainId] ON [Flights] ([PlainId]);
[2023-04-03 13:20:21.807 +03:00  INF]  Executed DbCommand (1ms) [Parameters=[], CommandType='"Text"', CommandTimeout='30']
CREATE INDEX [IX_Plain_CompanyId] ON [Plain] ([CompanyId]);
[2023-04-03 13:20:21.813 +03:00  INF]  Executed DbCommand (5ms) [Parameters=[], CommandType='"Text"', CommandTimeout='30']
ALTER TABLE [Flights] ADD CONSTRAINT [FK_Flights_Plain_PlainId] FOREIGN KEY ([PlainId]) REFERENCES [Plain] ([Id]);
[2023-04-03 13:20:21.815 +03:00  INF]  Executed DbCommand (2ms) [Parameters=[], CommandType='"Text"', CommandTimeout='30']
INSERT INTO [__EFMigrationsHistory] ([MigrationId], [ProductVersion])
VALUES (N'20230403102011_UpdateEntities', N'7.0.4');
[2023-04-03 13:20:30.359 +03:00  INF]  Now listening on: https://localhost:7297
[2023-04-03 13:20:30.524 +03:00  INF]  Now listening on: http://localhost:5128
[2023-04-03 13:20:30.527 +03:00  INF]  Application started. Press Ctrl+C to shut down.
[2023-04-03 13:20:30.527 +03:00  INF]  Hosting environment: Development
[2023-04-03 13:20:30.527 +03:00  INF]  Content root path: C:\Users\Aviv\OneDrive\שולחן העבודה\GitHubProjects\AirportProject\Server\Airport
[2023-04-03 13:20:31.550 +03:00  INF]  Request starting HTTP/2 GET https://localhost:7297/swagger/index.html - -
[2023-04-03 13:20:31.968 +03:00  INF]  Request finished HTTP/2 GET https://localhost:7297/swagger/index.html - - - 200 - text/html;charset=utf-8 420.4380ms
[2023-04-03 13:20:32.013 +03:00  INF]  Request starting HTTP/2 GET https://localhost:7297/_framework/aspnetcore-browser-refresh.js - -
[2023-04-03 13:20:32.028 +03:00  INF]  Request finished HTTP/2 GET https://localhost:7297/_framework/aspnetcore-browser-refresh.js - - - 200 11984 application/javascript;+charset=utf-8 15.5561ms
[2023-04-03 13:20:32.068 +03:00  INF]  Request starting HTTP/2 GET https://localhost:7297/_vs/browserLink - -
[2023-04-03 13:20:32.175 +03:00  INF]  Request finished HTTP/2 GET https://localhost:7297/_vs/browserLink - - - 200 - text/javascript;+charset=UTF-8 107.1295ms
[2023-04-03 13:20:32.418 +03:00  INF]  Request starting HTTP/2 GET https://localhost:7297/swagger/v1/swagger.json - -
[2023-04-03 13:20:32.593 +03:00  INF]  Request finished HTTP/2 GET https://localhost:7297/swagger/v1/swagger.json - - - 200 - application/json;charset=utf-8 174.6952ms
[2023-04-03 13:20:43.553 +03:00  INF]  Request starting HTTP/2 POST https://localhost:7297/api/Flights/AddDepartureFlight application/json 331
[2023-04-03 13:20:43.560 +03:00  INF]  CORS policy execution successful.
[2023-04-03 13:20:43.567 +03:00  INF]  Executing endpoint 'FlightSimulator.Controllers.FlightsController.AddDepartureFlight (Airport)'
[2023-04-03 13:20:43.590 +03:00  INF]  Route matched with {action = "AddDepartureFlight", controller = "Flights"}. Executing controller action with signature System.Threading.Tasks.Task`1[Microsoft.AspNetCore.Mvc.IActionResult] AddDepartureFlight(FlightSimulator.Models.FlightDto) on controller FlightSimulator.Controllers.FlightsController (Airport).
[2023-04-03 13:20:45.594 +03:00  INF]  Executed DbCommand (95ms) [Parameters=[@p0='?' (DbType = Int32), @p1='?' (Size = 4000), @p2='?' (Size = 4000), @p3='?' (DbType = Int32)], CommandType='"Text"', CommandTimeout='30']
SET IMPLICIT_TRANSACTIONS OFF;
SET NOCOUNT ON;
INSERT INTO [Pilots] ([Age], [FirstName], [LastName], [Rank])
OUTPUT INSERTED.[Id]
VALUES (@p0, @p1, @p2, @p3);
[2023-04-03 13:20:45.642 +03:00  INF]  Executed DbCommand (7ms) [Parameters=[@p4='?' (DbType = Guid), @p5='?' (DbType = Boolean), @p6='?' (DbType = Int32), @p7='?' (DbType = Int32)], CommandType='"Text"', CommandTimeout='30']
SET IMPLICIT_TRANSACTIONS OFF;
SET NOCOUNT ON;
INSERT INTO [Flights] ([Code], [IsDeparture], [PilotId], [PlainId])
OUTPUT INSERTED.[Id]
VALUES (@p4, @p5, @p6, @p7);
[2023-04-03 13:20:45.674 +03:00  WRN]  Added flight
[2023-04-03 13:20:45.895 +03:00  INF]  Executed DbCommand (4ms) [Parameters=[], CommandType='"Text"', CommandTimeout='30']
SELECT [l].[Id], [l].[CurrentLeg], [l].[LegType], [l].[NextPosibbleLegs], [l].[PauseTime]
FROM [Legs] AS [l]
[2023-04-03 13:20:45.923 +03:00  INF]  Got all legs from db!
[2023-04-03 13:20:45.986 +03:00  INF]  Executed DbCommand (6ms) [Parameters=[@p0='?' (DbType = DateTime2), @p1='?' (DbType = DateTime2), @p2='?' (DbType = Int32), @p3='?' (DbType = Int32), @p4='?' (Size = 4000)], CommandType='"Text"', CommandTimeout='30']
SET IMPLICIT_TRANSACTIONS OFF;
SET NOCOUNT ON;
INSERT INTO [ProcessLogger] ([EnterTime], [ExitTime], [FlightId], [LegId], [Message])
OUTPUT INSERTED.[Id]
VALUES (@p0, @p1, @p2, @p3, @p4);
[2023-04-03 13:20:45.992 +03:00  INF]  Added log
[2023-04-03 13:20:50.118 +03:00  INF]  Executed DbCommand (5ms) [Parameters=[@__procLogId_0='?' (DbType = Int32)], CommandType='"Text"', CommandTimeout='30']
SELECT TOP(1) [p].[Id], [p].[EnterTime], [p].[ExitTime], [p].[FlightId], [p].[LegId], [p].[Message]
FROM [ProcessLogger] AS [p]
WHERE [p].[Id] = @__procLogId_0
[2023-04-03 13:20:50.134 +03:00  INF]  Executed DbCommand (5ms) [Parameters=[@p5='?' (DbType = Int32), @p0='?' (DbType = DateTime2), @p1='?' (DbType = DateTime2), @p2='?' (DbType = Int32), @p3='?' (DbType = Int32), @p4='?' (Size = 4000)], CommandType='"Text"', CommandTimeout='30']
SET IMPLICIT_TRANSACTIONS OFF;
SET NOCOUNT ON;
UPDATE [ProcessLogger] SET [EnterTime] = @p0, [ExitTime] = @p1, [FlightId] = @p2, [LegId] = @p3, [Message] = @p4
OUTPUT 1
WHERE [Id] = @p5;
[2023-04-03 13:20:50.136 +03:00  INF]  updated log
[2023-04-03 13:20:50.141 +03:00  INF]  Executed DbCommand (2ms) [Parameters=[@p0='?' (DbType = DateTime2), @p1='?' (DbType = DateTime2), @p2='?' (DbType = Int32), @p3='?' (DbType = Int32), @p4='?' (Size = 4000)], CommandType='"Text"', CommandTimeout='30']
SET IMPLICIT_TRANSACTIONS OFF;
SET NOCOUNT ON;
INSERT INTO [ProcessLogger] ([EnterTime], [ExitTime], [FlightId], [LegId], [Message])
OUTPUT INSERTED.[Id]
VALUES (@p0, @p1, @p2, @p3, @p4);
[2023-04-03 13:20:50.142 +03:00  INF]  Added log
[2023-04-03 13:20:55.163 +03:00  INF]  Executed DbCommand (1ms) [Parameters=[@__procLogId_0='?' (DbType = Int32)], CommandType='"Text"', CommandTimeout='30']
SELECT TOP(1) [p].[Id], [p].[EnterTime], [p].[ExitTime], [p].[FlightId], [p].[LegId], [p].[Message]
FROM [ProcessLogger] AS [p]
WHERE [p].[Id] = @__procLogId_0
[2023-04-03 13:20:55.168 +03:00  INF]  Executed DbCommand (2ms) [Parameters=[@p5='?' (DbType = Int32), @p0='?' (DbType = DateTime2), @p1='?' (DbType = DateTime2), @p2='?' (DbType = Int32), @p3='?' (DbType = Int32), @p4='?' (Size = 4000)], CommandType='"Text"', CommandTimeout='30']
SET IMPLICIT_TRANSACTIONS OFF;
SET NOCOUNT ON;
UPDATE [ProcessLogger] SET [EnterTime] = @p0, [ExitTime] = @p1, [FlightId] = @p2, [LegId] = @p3, [Message] = @p4
OUTPUT 1
WHERE [Id] = @p5;
[2023-04-03 13:20:55.168 +03:00  INF]  updated log
[2023-04-03 13:20:55.171 +03:00  INF]  Executed DbCommand (1ms) [Parameters=[@p0='?' (DbType = DateTime2), @p1='?' (DbType = DateTime2), @p2='?' (DbType = Int32), @p3='?' (DbType = Int32), @p4='?' (Size = 4000)], CommandType='"Text"', CommandTimeout='30']
SET IMPLICIT_TRANSACTIONS OFF;
SET NOCOUNT ON;
INSERT INTO [ProcessLogger] ([EnterTime], [ExitTime], [FlightId], [LegId], [Message])
OUTPUT INSERTED.[Id]
VALUES (@p0, @p1, @p2, @p3, @p4);
[2023-04-03 13:20:55.172 +03:00  INF]  Added log
[2023-04-03 13:20:57.179 +03:00  INF]  Executed DbCommand (2ms) [Parameters=[@__procLogId_0='?' (DbType = Int32)], CommandType='"Text"', CommandTimeout='30']
SELECT TOP(1) [p].[Id], [p].[EnterTime], [p].[ExitTime], [p].[FlightId], [p].[LegId], [p].[Message]
FROM [ProcessLogger] AS [p]
WHERE [p].[Id] = @__procLogId_0
[2023-04-03 13:20:57.182 +03:00  INF]  Executed DbCommand (2ms) [Parameters=[@p5='?' (DbType = Int32), @p0='?' (DbType = DateTime2), @p1='?' (DbType = DateTime2), @p2='?' (DbType = Int32), @p3='?' (DbType = Int32), @p4='?' (Size = 4000)], CommandType='"Text"', CommandTimeout='30']
SET IMPLICIT_TRANSACTIONS OFF;
SET NOCOUNT ON;
UPDATE [ProcessLogger] SET [EnterTime] = @p0, [ExitTime] = @p1, [FlightId] = @p2, [LegId] = @p3, [Message] = @p4
OUTPUT 1
WHERE [Id] = @p5;
[2023-04-03 13:20:57.183 +03:00  INF]  updated log
[2023-04-03 13:20:57.187 +03:00  ERR]  Successssss
[2023-04-03 13:20:57.195 +03:00  INF]  Executing StatusCodeResult, setting HTTP status code 200
[2023-04-03 13:20:57.202 +03:00  INF]  Executed action FlightSimulator.Controllers.FlightsController.AddDepartureFlight (Airport) in 13605.2558ms
[2023-04-03 13:20:57.204 +03:00  INF]  Executed endpoint 'FlightSimulator.Controllers.FlightsController.AddDepartureFlight (Airport)'
[2023-04-03 13:20:57.216 +03:00  INF]  Request finished HTTP/2 POST https://localhost:7297/api/Flights/AddDepartureFlight application/json 331 - 200 0 - 13663.3275ms
[2023-04-03 13:27:40.293 +03:00  INF]  Now listening on: https://localhost:7297
[2023-04-03 13:27:40.435 +03:00  INF]  Now listening on: http://localhost:5128
[2023-04-03 13:27:40.437 +03:00  INF]  Application started. Press Ctrl+C to shut down.
[2023-04-03 13:27:40.438 +03:00  INF]  Hosting environment: Development
[2023-04-03 13:27:40.438 +03:00  INF]  Content root path: C:\Users\Aviv\OneDrive\שולחן העבודה\GitHubProjects\AirportProject\Server\Airport
[2023-04-03 13:27:41.205 +03:00  INF]  Request starting HTTP/2 GET https://localhost:7297/swagger/index.html - -
[2023-04-03 13:27:41.517 +03:00  INF]  Request finished HTTP/2 GET https://localhost:7297/swagger/index.html - - - 200 - text/html;charset=utf-8 314.0523ms
[2023-04-03 13:27:41.622 +03:00  INF]  Request starting HTTP/2 GET https://localhost:7297/_vs/browserLink - -
[2023-04-03 13:27:41.622 +03:00  INF]  Request starting HTTP/2 GET https://localhost:7297/_framework/aspnetcore-browser-refresh.js - -
[2023-04-03 13:27:41.635 +03:00  INF]  Request finished HTTP/2 GET https://localhost:7297/_framework/aspnetcore-browser-refresh.js - - - 200 11984 application/javascript;+charset=utf-8 11.9616ms
[2023-04-03 13:27:41.682 +03:00  INF]  Request finished HTTP/2 GET https://localhost:7297/_vs/browserLink - - - 200 - text/javascript;+charset=UTF-8 59.3971ms
[2023-04-03 13:27:41.903 +03:00  INF]  Request starting HTTP/2 GET https://localhost:7297/swagger/v1/swagger.json - -
[2023-04-03 13:27:42.037 +03:00  INF]  Request finished HTTP/2 GET https://localhost:7297/swagger/v1/swagger.json - - - 200 - application/json;charset=utf-8 133.5899ms
[2023-04-03 13:27:48.301 +03:00  INF]  Request starting HTTP/2 POST https://localhost:7297/api/Flights/AddDepartureFlight application/json 331
[2023-04-03 13:27:48.308 +03:00  INF]  CORS policy execution successful.
[2023-04-03 13:27:48.313 +03:00  INF]  Executing endpoint 'FlightSimulator.Controllers.FlightsController.AddDepartureFlight (Airport)'
[2023-04-03 13:27:48.335 +03:00  INF]  Route matched with {action = "AddDepartureFlight", controller = "Flights"}. Executing controller action with signature System.Threading.Tasks.Task`1[Microsoft.AspNetCore.Mvc.IActionResult] AddDepartureFlight(Core.Dtos.IFlightDto) on controller FlightSimulator.Controllers.FlightsController (Airport).
[2023-04-03 13:27:48.575 +03:00  INF]  Executed action FlightSimulator.Controllers.FlightsController.AddDepartureFlight (Airport) in 233.1639ms
[2023-04-03 13:27:48.578 +03:00  INF]  Executed endpoint 'FlightSimulator.Controllers.FlightsController.AddDepartureFlight (Airport)'
[2023-04-03 13:27:48.580 +03:00  ERR]  An unhandled exception has occurred while executing the request.
System.NotSupportedException: Deserialization of interface types is not supported. Type 'Core.Dtos.IFlightDto'. Path: $ | LineNumber: 0 | BytePositionInLine: 1.
 ---> System.NotSupportedException: Deserialization of interface types is not supported. Type 'Core.Dtos.IFlightDto'.
   --- End of inner exception stack trace ---
   at System.Text.Json.ThrowHelper.ThrowNotSupportedException(ReadStack& state, Utf8JsonReader& reader, NotSupportedException ex)
   at System.Text.Json.Serialization.Converters.ObjectDefaultConverter`1.OnTryRead(Utf8JsonReader& reader, Type typeToConvert, JsonSerializerOptions options, ReadStack& state, T& value)
   at System.Text.Json.Serialization.JsonConverter`1.TryRead(Utf8JsonReader& reader, Type typeToConvert, JsonSerializerOptions options, ReadStack& state, T& value)
   at System.Text.Json.Serialization.JsonConverter`1.ReadCore(Utf8JsonReader& reader, JsonSerializerOptions options, ReadStack& state)
   at System.Text.Json.Serialization.JsonConverter`1.ReadCoreAsObject(Utf8JsonReader& reader, JsonSerializerOptions options, ReadStack& state)
   at System.Text.Json.JsonSerializer.ReadCore[TValue](Utf8JsonReader& reader, JsonTypeInfo jsonTypeInfo, ReadStack& state)
   at System.Text.Json.JsonSerializer.ContinueDeserialize[TValue](ReadBufferState& bufferState, JsonReaderState& jsonReaderState, ReadStack& readStack, JsonTypeInfo jsonTypeInfo)
   at System.Text.Json.JsonSerializer.ReadFromStreamAsync[TValue](Stream utf8Json, JsonTypeInfo jsonTypeInfo, CancellationToken cancellationToken)
   at Microsoft.AspNetCore.Mvc.Formatters.SystemTextJsonInputFormatter.ReadRequestBodyAsync(InputFormatterContext context, Encoding encoding)
   at Microsoft.AspNetCore.Mvc.Formatters.SystemTextJsonInputFormatter.ReadRequestBodyAsync(InputFormatterContext context, Encoding encoding)
   at Microsoft.AspNetCore.Mvc.ModelBinding.Binders.BodyModelBinder.BindModelAsync(ModelBindingContext bindingContext)
   at Microsoft.AspNetCore.Mvc.ModelBinding.ParameterBinder.BindModelAsync(ActionContext actionContext, IModelBinder modelBinder, IValueProvider valueProvider, ParameterDescriptor parameter, ModelMetadata metadata, Object value, Object container)
   at Microsoft.AspNetCore.Mvc.Controllers.ControllerBinderDelegateProvider.<>c__DisplayClass0_0.<<CreateBinderDelegate>g__Bind|0>d.MoveNext()
--- End of stack trace from previous location ---
   at Microsoft.AspNetCore.Mvc.Infrastructure.ControllerActionInvoker.<InvokeInnerFilterAsync>g__Awaited|13_0(ControllerActionInvoker invoker, Task lastTask, State next, Scope scope, Object state, Boolean isCompleted)
   at Microsoft.AspNetCore.Mvc.Infrastructure.ResourceInvoker.<InvokeFilterPipelineAsync>g__Awaited|20_0(ResourceInvoker invoker, Task lastTask, State next, Scope scope, Object state, Boolean isCompleted)
   at Microsoft.AspNetCore.Mvc.Infrastructure.ResourceInvoker.<InvokeAsync>g__Logged|17_1(ResourceInvoker invoker)
   at Microsoft.AspNetCore.Mvc.Infrastructure.ResourceInvoker.<InvokeAsync>g__Logged|17_1(ResourceInvoker invoker)
   at Microsoft.AspNetCore.Routing.EndpointMiddleware.<Invoke>g__AwaitRequestTask|6_0(Endpoint endpoint, Task requestTask, ILogger logger)
   at Microsoft.AspNetCore.Authorization.AuthorizationMiddleware.Invoke(HttpContext context)
   at Swashbuckle.AspNetCore.SwaggerUI.SwaggerUIMiddleware.Invoke(HttpContext httpContext)
   at Swashbuckle.AspNetCore.Swagger.SwaggerMiddleware.Invoke(HttpContext httpContext, ISwaggerProvider swaggerProvider)
   at Microsoft.AspNetCore.Authentication.AuthenticationMiddleware.Invoke(HttpContext context)
   at Microsoft.AspNetCore.Diagnostics.DeveloperExceptionPageMiddlewareImpl.Invoke(HttpContext context)
[2023-04-03 13:27:48.622 +03:00  INF]  Request finished HTTP/2 POST https://localhost:7297/api/Flights/AddDepartureFlight application/json 331 - 500 - text/plain;+charset=utf-8 321.3844ms
[2023-04-03 13:44:14.374 +03:00  INF]  Now listening on: https://localhost:7297
[2023-04-03 13:44:14.583 +03:00  INF]  Now listening on: http://localhost:5128
[2023-04-03 13:44:14.586 +03:00  INF]  Application started. Press Ctrl+C to shut down.
[2023-04-03 13:44:14.586 +03:00  INF]  Hosting environment: Development
[2023-04-03 13:44:14.586 +03:00  INF]  Content root path: C:\Users\Aviv\OneDrive\שולחן העבודה\GitHubProjects\AirportProject\Server\Airport
[2023-04-03 13:44:15.044 +03:00  INF]  Request starting HTTP/2 GET https://localhost:7297/swagger/index.html - -
[2023-04-03 13:44:15.347 +03:00  INF]  Request finished HTTP/2 GET https://localhost:7297/swagger/index.html - - - 200 - text/html;charset=utf-8 304.6115ms
[2023-04-03 13:44:15.367 +03:00  INF]  Request starting HTTP/2 GET https://localhost:7297/_framework/aspnetcore-browser-refresh.js - -
[2023-04-03 13:44:15.381 +03:00  INF]  Request finished HTTP/2 GET https://localhost:7297/_framework/aspnetcore-browser-refresh.js - - - 200 11984 application/javascript;+charset=utf-8 14.3456ms
[2023-04-03 13:44:15.443 +03:00  INF]  Request starting HTTP/2 GET https://localhost:7297/_vs/browserLink - -
[2023-04-03 13:44:15.507 +03:00  INF]  Request finished HTTP/2 GET https://localhost:7297/_vs/browserLink - - - 200 - text/javascript;+charset=UTF-8 64.3186ms
[2023-04-03 13:44:15.627 +03:00  INF]  Request starting HTTP/2 GET https://localhost:7297/swagger/v1/swagger.json - -
[2023-04-03 13:44:15.762 +03:00  INF]  Request finished HTTP/2 GET https://localhost:7297/swagger/v1/swagger.json - - - 200 - application/json;charset=utf-8 134.8917ms
[2023-04-03 13:44:20.933 +03:00  INF]  Request starting HTTP/2 POST https://localhost:7297/api/Flights/AddDepartureFlight application/json 331
[2023-04-03 13:44:20.940 +03:00  INF]  CORS policy execution successful.
[2023-04-03 13:44:20.946 +03:00  INF]  Executing endpoint 'FlightSimulator.Controllers.FlightsController.AddDepartureFlight (Airport)'
[2023-04-03 13:44:20.969 +03:00  INF]  Route matched with {action = "AddDepartureFlight", controller = "Flights"}. Executing controller action with signature System.Threading.Tasks.Task`1[Microsoft.AspNetCore.Mvc.IActionResult] AddDepartureFlight(Core.Dtos.IFlightDto) on controller FlightSimulator.Controllers.FlightsController (Airport).
[2023-04-03 13:44:21.611 +03:00  INF]  Executed action FlightSimulator.Controllers.FlightsController.AddDepartureFlight (Airport) in 636.0087ms
[2023-04-03 13:44:21.615 +03:00  INF]  Executed endpoint 'FlightSimulator.Controllers.FlightsController.AddDepartureFlight (Airport)'
[2023-04-03 13:44:21.618 +03:00  ERR]  An unhandled exception has occurred while executing the request.
System.NotSupportedException: Deserialization of interface types is not supported. Type 'Core.Dtos.IFlightDto'. Path: $ | LineNumber: 0 | BytePositionInLine: 1.
 ---> System.NotSupportedException: Deserialization of interface types is not supported. Type 'Core.Dtos.IFlightDto'.
   --- End of inner exception stack trace ---
   at System.Text.Json.ThrowHelper.ThrowNotSupportedException(ReadStack& state, Utf8JsonReader& reader, NotSupportedException ex)
   at System.Text.Json.Serialization.Converters.ObjectDefaultConverter`1.OnTryRead(Utf8JsonReader& reader, Type typeToConvert, JsonSerializerOptions options, ReadStack& state, T& value)
   at System.Text.Json.Serialization.JsonConverter`1.TryRead(Utf8JsonReader& reader, Type typeToConvert, JsonSerializerOptions options, ReadStack& state, T& value)
   at System.Text.Json.Serialization.JsonConverter`1.ReadCore(Utf8JsonReader& reader, JsonSerializerOptions options, ReadStack& state)
   at System.Text.Json.Serialization.JsonConverter`1.ReadCoreAsObject(Utf8JsonReader& reader, JsonSerializerOptions options, ReadStack& state)
   at System.Text.Json.JsonSerializer.ReadCore[TValue](Utf8JsonReader& reader, JsonTypeInfo jsonTypeInfo, ReadStack& state)
   at System.Text.Json.JsonSerializer.ContinueDeserialize[TValue](ReadBufferState& bufferState, JsonReaderState& jsonReaderState, ReadStack& readStack, JsonTypeInfo jsonTypeInfo)
   at System.Text.Json.JsonSerializer.ReadFromStreamAsync[TValue](Stream utf8Json, JsonTypeInfo jsonTypeInfo, CancellationToken cancellationToken)
   at Microsoft.AspNetCore.Mvc.Formatters.SystemTextJsonInputFormatter.ReadRequestBodyAsync(InputFormatterContext context, Encoding encoding)
   at Microsoft.AspNetCore.Mvc.Formatters.SystemTextJsonInputFormatter.ReadRequestBodyAsync(InputFormatterContext context, Encoding encoding)
   at Microsoft.AspNetCore.Mvc.ModelBinding.Binders.BodyModelBinder.BindModelAsync(ModelBindingContext bindingContext)
   at Microsoft.AspNetCore.Mvc.ModelBinding.ParameterBinder.BindModelAsync(ActionContext actionContext, IModelBinder modelBinder, IValueProvider valueProvider, ParameterDescriptor parameter, ModelMetadata metadata, Object value, Object container)
   at Microsoft.AspNetCore.Mvc.Controllers.ControllerBinderDelegateProvider.<>c__DisplayClass0_0.<<CreateBinderDelegate>g__Bind|0>d.MoveNext()
--- End of stack trace from previous location ---
   at Microsoft.AspNetCore.Mvc.Infrastructure.ControllerActionInvoker.<InvokeInnerFilterAsync>g__Awaited|13_0(ControllerActionInvoker invoker, Task lastTask, State next, Scope scope, Object state, Boolean isCompleted)
   at Microsoft.AspNetCore.Mvc.Infrastructure.ResourceInvoker.<InvokeFilterPipelineAsync>g__Awaited|20_0(ResourceInvoker invoker, Task lastTask, State next, Scope scope, Object state, Boolean isCompleted)
   at Microsoft.AspNetCore.Mvc.Infrastructure.ResourceInvoker.<InvokeAsync>g__Logged|17_1(ResourceInvoker invoker)
   at Microsoft.AspNetCore.Mvc.Infrastructure.ResourceInvoker.<InvokeAsync>g__Logged|17_1(ResourceInvoker invoker)
   at Microsoft.AspNetCore.Routing.EndpointMiddleware.<Invoke>g__AwaitRequestTask|6_0(Endpoint endpoint, Task requestTask, ILogger logger)
   at Microsoft.AspNetCore.Authorization.AuthorizationMiddleware.Invoke(HttpContext context)
   at Swashbuckle.AspNetCore.SwaggerUI.SwaggerUIMiddleware.Invoke(HttpContext httpContext)
   at Swashbuckle.AspNetCore.Swagger.SwaggerMiddleware.Invoke(HttpContext httpContext, ISwaggerProvider swaggerProvider)
   at Microsoft.AspNetCore.Authentication.AuthenticationMiddleware.Invoke(HttpContext context)
   at Microsoft.AspNetCore.Diagnostics.DeveloperExceptionPageMiddlewareImpl.Invoke(HttpContext context)
[2023-04-03 13:44:21.665 +03:00  INF]  Request finished HTTP/2 POST https://localhost:7297/api/Flights/AddDepartureFlight application/json 331 - 500 - text/plain;+charset=utf-8 731.7892ms
[2023-04-03 13:47:05.209 +03:00  INF]  Now listening on: https://localhost:7297
[2023-04-03 13:47:05.351 +03:00  INF]  Now listening on: http://localhost:5128
[2023-04-03 13:47:05.354 +03:00  INF]  Application started. Press Ctrl+C to shut down.
[2023-04-03 13:47:05.354 +03:00  INF]  Hosting environment: Development
[2023-04-03 13:47:05.354 +03:00  INF]  Content root path: C:\Users\Aviv\OneDrive\שולחן העבודה\GitHubProjects\AirportProject\Server\Airport
[2023-04-03 13:47:05.679 +03:00  INF]  Request starting HTTP/2 GET https://localhost:7297/swagger/index.html - -
[2023-04-03 13:47:06.001 +03:00  INF]  Request finished HTTP/2 GET https://localhost:7297/swagger/index.html - - - 200 - text/html;charset=utf-8 324.1321ms
[2023-04-03 13:47:06.019 +03:00  INF]  Request starting HTTP/2 GET https://localhost:7297/_framework/aspnetcore-browser-refresh.js - -
[2023-04-03 13:47:06.025 +03:00  INF]  Request finished HTTP/2 GET https://localhost:7297/_framework/aspnetcore-browser-refresh.js - - - 200 11984 application/javascript;+charset=utf-8 6.1161ms
[2023-04-03 13:47:06.068 +03:00  INF]  Request starting HTTP/2 GET https://localhost:7297/_vs/browserLink - -
[2023-04-03 13:47:06.124 +03:00  INF]  Request finished HTTP/2 GET https://localhost:7297/_vs/browserLink - - - 200 - text/javascript;+charset=UTF-8 55.9773ms
[2023-04-03 13:47:06.250 +03:00  INF]  Request starting HTTP/2 GET https://localhost:7297/swagger/v1/swagger.json - -
[2023-04-03 13:47:06.386 +03:00  INF]  Request finished HTTP/2 GET https://localhost:7297/swagger/v1/swagger.json - - - 200 - application/json;charset=utf-8 135.8113ms
[2023-04-03 13:47:20.179 +03:00  INF]  Request starting HTTP/2 POST https://localhost:7297/api/Flights/AddDepartureFlight application/json 331
[2023-04-03 13:47:20.186 +03:00  INF]  CORS policy execution successful.
[2023-04-03 13:47:20.191 +03:00  INF]  Executing endpoint 'FlightSimulator.Controllers.FlightsController.AddDepartureFlight (Airport)'
[2023-04-03 13:47:20.213 +03:00  INF]  Route matched with {action = "AddDepartureFlight", controller = "Flights"}. Executing controller action with signature System.Threading.Tasks.Task`1[Microsoft.AspNetCore.Mvc.IActionResult] AddDepartureFlight(Core.Dtos.IFlightDto) on controller FlightSimulator.Controllers.FlightsController (Airport).
[2023-04-03 13:47:20.448 +03:00  INF]  Executed action FlightSimulator.Controllers.FlightsController.AddDepartureFlight (Airport) in 229.809ms
[2023-04-03 13:47:20.450 +03:00  INF]  Executed endpoint 'FlightSimulator.Controllers.FlightsController.AddDepartureFlight (Airport)'
[2023-04-03 13:47:20.452 +03:00  ERR]  An unhandled exception has occurred while executing the request.
System.NotSupportedException: Deserialization of interface types is not supported. Type 'Core.Dtos.IFlightDto'. Path: $ | LineNumber: 0 | BytePositionInLine: 1.
 ---> System.NotSupportedException: Deserialization of interface types is not supported. Type 'Core.Dtos.IFlightDto'.
   --- End of inner exception stack trace ---
   at System.Text.Json.ThrowHelper.ThrowNotSupportedException(ReadStack& state, Utf8JsonReader& reader, NotSupportedException ex)
   at System.Text.Json.Serialization.Converters.ObjectDefaultConverter`1.OnTryRead(Utf8JsonReader& reader, Type typeToConvert, JsonSerializerOptions options, ReadStack& state, T& value)
   at System.Text.Json.Serialization.JsonConverter`1.TryRead(Utf8JsonReader& reader, Type typeToConvert, JsonSerializerOptions options, ReadStack& state, T& value)
   at System.Text.Json.Serialization.JsonConverter`1.ReadCore(Utf8JsonReader& reader, JsonSerializerOptions options, ReadStack& state)
   at System.Text.Json.Serialization.JsonConverter`1.ReadCoreAsObject(Utf8JsonReader& reader, JsonSerializerOptions options, ReadStack& state)
   at System.Text.Json.JsonSerializer.ReadCore[TValue](Utf8JsonReader& reader, JsonTypeInfo jsonTypeInfo, ReadStack& state)
   at System.Text.Json.JsonSerializer.ContinueDeserialize[TValue](ReadBufferState& bufferState, JsonReaderState& jsonReaderState, ReadStack& readStack, JsonTypeInfo jsonTypeInfo)
   at System.Text.Json.JsonSerializer.ReadFromStreamAsync[TValue](Stream utf8Json, JsonTypeInfo jsonTypeInfo, CancellationToken cancellationToken)
   at Microsoft.AspNetCore.Mvc.Formatters.SystemTextJsonInputFormatter.ReadRequestBodyAsync(InputFormatterContext context, Encoding encoding)
   at Microsoft.AspNetCore.Mvc.Formatters.SystemTextJsonInputFormatter.ReadRequestBodyAsync(InputFormatterContext context, Encoding encoding)
   at Microsoft.AspNetCore.Mvc.ModelBinding.Binders.BodyModelBinder.BindModelAsync(ModelBindingContext bindingContext)
   at Microsoft.AspNetCore.Mvc.ModelBinding.ParameterBinder.BindModelAsync(ActionContext actionContext, IModelBinder modelBinder, IValueProvider valueProvider, ParameterDescriptor parameter, ModelMetadata metadata, Object value, Object container)
   at Microsoft.AspNetCore.Mvc.Controllers.ControllerBinderDelegateProvider.<>c__DisplayClass0_0.<<CreateBinderDelegate>g__Bind|0>d.MoveNext()
--- End of stack trace from previous location ---
   at Microsoft.AspNetCore.Mvc.Infrastructure.ControllerActionInvoker.<InvokeInnerFilterAsync>g__Awaited|13_0(ControllerActionInvoker invoker, Task lastTask, State next, Scope scope, Object state, Boolean isCompleted)
   at Microsoft.AspNetCore.Mvc.Infrastructure.ResourceInvoker.<InvokeFilterPipelineAsync>g__Awaited|20_0(ResourceInvoker invoker, Task lastTask, State next, Scope scope, Object state, Boolean isCompleted)
   at Microsoft.AspNetCore.Mvc.Infrastructure.ResourceInvoker.<InvokeAsync>g__Logged|17_1(ResourceInvoker invoker)
   at Microsoft.AspNetCore.Mvc.Infrastructure.ResourceInvoker.<InvokeAsync>g__Logged|17_1(ResourceInvoker invoker)
   at Microsoft.AspNetCore.Routing.EndpointMiddleware.<Invoke>g__AwaitRequestTask|6_0(Endpoint endpoint, Task requestTask, ILogger logger)
   at Microsoft.AspNetCore.Authorization.AuthorizationMiddleware.Invoke(HttpContext context)
   at Swashbuckle.AspNetCore.SwaggerUI.SwaggerUIMiddleware.Invoke(HttpContext httpContext)
   at Swashbuckle.AspNetCore.Swagger.SwaggerMiddleware.Invoke(HttpContext httpContext, ISwaggerProvider swaggerProvider)
   at Microsoft.AspNetCore.Authentication.AuthenticationMiddleware.Invoke(HttpContext context)
   at Microsoft.AspNetCore.Diagnostics.DeveloperExceptionPageMiddlewareImpl.Invoke(HttpContext context)
[2023-04-03 13:47:20.494 +03:00  INF]  Request finished HTTP/2 POST https://localhost:7297/api/Flights/AddDepartureFlight application/json 331 - 500 - text/plain;+charset=utf-8 315.2787ms
[2023-04-03 14:14:40.117 +03:00  INF]  Now listening on: https://localhost:7297
[2023-04-03 14:14:40.262 +03:00  INF]  Now listening on: http://localhost:5128
[2023-04-03 14:14:40.265 +03:00  INF]  Application started. Press Ctrl+C to shut down.
[2023-04-03 14:14:40.265 +03:00  INF]  Hosting environment: Development
[2023-04-03 14:14:40.265 +03:00  INF]  Content root path: C:\Users\Aviv\OneDrive\שולחן העבודה\GitHubProjects\AirportProject\Server\Airport
[2023-04-03 14:14:40.946 +03:00  INF]  Request starting HTTP/2 GET https://localhost:7297/swagger/index.html - -
[2023-04-03 14:14:41.240 +03:00  INF]  Request finished HTTP/2 GET https://localhost:7297/swagger/index.html - - - 200 - text/html;charset=utf-8 295.7243ms
[2023-04-03 14:14:41.251 +03:00  INF]  Request starting HTTP/2 GET https://localhost:7297/_framework/aspnetcore-browser-refresh.js - -
[2023-04-03 14:14:41.261 +03:00  INF]  Request finished HTTP/2 GET https://localhost:7297/_framework/aspnetcore-browser-refresh.js - - - 200 11984 application/javascript;+charset=utf-8 9.8425ms
[2023-04-03 14:14:41.300 +03:00  INF]  Request starting HTTP/2 GET https://localhost:7297/_vs/browserLink - -
[2023-04-03 14:14:41.361 +03:00  INF]  Request finished HTTP/2 GET https://localhost:7297/_vs/browserLink - - - 200 - text/javascript;+charset=UTF-8 60.2530ms
[2023-04-03 14:14:41.471 +03:00  INF]  Request starting HTTP/2 GET https://localhost:7297/swagger/v1/swagger.json - -
[2023-04-03 14:14:41.612 +03:00  INF]  Request finished HTTP/2 GET https://localhost:7297/swagger/v1/swagger.json - - - 200 - application/json;charset=utf-8 140.7620ms
[2023-04-03 14:14:46.108 +03:00  INF]  Request starting HTTP/2 POST https://localhost:7297/api/Flights/AddDepartureFlight application/json 331
[2023-04-03 14:14:46.115 +03:00  INF]  CORS policy execution successful.
[2023-04-03 14:14:46.121 +03:00  INF]  Executing endpoint 'FlightSimulator.Controllers.FlightsController.AddDepartureFlight (Airport)'
[2023-04-03 14:14:46.143 +03:00  INF]  Route matched with {action = "AddDepartureFlight", controller = "Flights"}. Executing controller action with signature System.Threading.Tasks.Task`1[Microsoft.AspNetCore.Mvc.IActionResult] AddDepartureFlight(Core.Dtos.FlightDTO) on controller FlightSimulator.Controllers.FlightsController (Airport).
[2023-04-03 14:14:48.344 +03:00  INF]  Executed DbCommand (92ms) [Parameters=[@p0='?' (DbType = Int32), @p1='?' (Size = 4000), @p2='?' (Size = 4000), @p3='?' (DbType = Int32)], CommandType='"Text"', CommandTimeout='30']
SET IMPLICIT_TRANSACTIONS OFF;
SET NOCOUNT ON;
INSERT INTO [Pilots] ([Age], [FirstName], [LastName], [Rank])
OUTPUT INSERTED.[Id]
VALUES (@p0, @p1, @p2, @p3);
[2023-04-03 14:14:48.387 +03:00  INF]  Executed DbCommand (5ms) [Parameters=[@p4='?' (DbType = Guid), @p5='?' (DbType = Boolean), @p6='?' (DbType = Int32), @p7='?' (DbType = Int32)], CommandType='"Text"', CommandTimeout='30']
SET IMPLICIT_TRANSACTIONS OFF;
SET NOCOUNT ON;
INSERT INTO [Flights] ([Code], [IsDeparture], [PilotId], [PlainId])
OUTPUT INSERTED.[Id]
VALUES (@p4, @p5, @p6, @p7);
[2023-04-03 14:14:48.418 +03:00  WRN]  Added flight
[2023-04-03 14:14:48.624 +03:00  INF]  Executed DbCommand (3ms) [Parameters=[], CommandType='"Text"', CommandTimeout='30']
SELECT [l].[Id], [l].[CurrentLeg], [l].[LegType], [l].[NextPosibbleLegs], [l].[PauseTime]
FROM [Legs] AS [l]
[2023-04-03 14:14:48.649 +03:00  INF]  Got all legs from db!
[2023-04-03 14:14:48.710 +03:00  INF]  Executed DbCommand (5ms) [Parameters=[@p0='?' (DbType = DateTime2), @p1='?' (DbType = DateTime2), @p2='?' (DbType = Int32), @p3='?' (DbType = Int32), @p4='?' (Size = 4000)], CommandType='"Text"', CommandTimeout='30']
SET IMPLICIT_TRANSACTIONS OFF;
SET NOCOUNT ON;
INSERT INTO [ProcessLogger] ([EnterTime], [ExitTime], [FlightId], [LegId], [Message])
OUTPUT INSERTED.[Id]
VALUES (@p0, @p1, @p2, @p3, @p4);
[2023-04-03 14:14:48.715 +03:00  INF]  Added log
[2023-04-03 14:14:52.819 +03:00  INF]  Executed DbCommand (2ms) [Parameters=[@__procLogId_0='?' (DbType = Int32)], CommandType='"Text"', CommandTimeout='30']
SELECT TOP(1) [p].[Id], [p].[EnterTime], [p].[ExitTime], [p].[FlightId], [p].[LegId], [p].[Message]
FROM [ProcessLogger] AS [p]
WHERE [p].[Id] = @__procLogId_0
[2023-04-03 14:14:52.835 +03:00  INF]  Executed DbCommand (5ms) [Parameters=[@p5='?' (DbType = Int32), @p0='?' (DbType = DateTime2), @p1='?' (DbType = DateTime2), @p2='?' (DbType = Int32), @p3='?' (DbType = Int32), @p4='?' (Size = 4000)], CommandType='"Text"', CommandTimeout='30']
SET IMPLICIT_TRANSACTIONS OFF;
SET NOCOUNT ON;
UPDATE [ProcessLogger] SET [EnterTime] = @p0, [ExitTime] = @p1, [FlightId] = @p2, [LegId] = @p3, [Message] = @p4
OUTPUT 1
WHERE [Id] = @p5;
[2023-04-03 14:14:52.838 +03:00  INF]  updated log
[2023-04-03 14:14:52.842 +03:00  INF]  Executed DbCommand (2ms) [Parameters=[@p0='?' (DbType = DateTime2), @p1='?' (DbType = DateTime2), @p2='?' (DbType = Int32), @p3='?' (DbType = Int32), @p4='?' (Size = 4000)], CommandType='"Text"', CommandTimeout='30']
SET IMPLICIT_TRANSACTIONS OFF;
SET NOCOUNT ON;
INSERT INTO [ProcessLogger] ([EnterTime], [ExitTime], [FlightId], [LegId], [Message])
OUTPUT INSERTED.[Id]
VALUES (@p0, @p1, @p2, @p3, @p4);
[2023-04-03 14:14:52.843 +03:00  INF]  Added log
[2023-04-03 14:14:57.852 +03:00  INF]  Executed DbCommand (1ms) [Parameters=[@__procLogId_0='?' (DbType = Int32)], CommandType='"Text"', CommandTimeout='30']
SELECT TOP(1) [p].[Id], [p].[EnterTime], [p].[ExitTime], [p].[FlightId], [p].[LegId], [p].[Message]
FROM [ProcessLogger] AS [p]
WHERE [p].[Id] = @__procLogId_0
[2023-04-03 14:14:57.857 +03:00  INF]  Executed DbCommand (3ms) [Parameters=[@p5='?' (DbType = Int32), @p0='?' (DbType = DateTime2), @p1='?' (DbType = DateTime2), @p2='?' (DbType = Int32), @p3='?' (DbType = Int32), @p4='?' (Size = 4000)], CommandType='"Text"', CommandTimeout='30']
SET IMPLICIT_TRANSACTIONS OFF;
SET NOCOUNT ON;
UPDATE [ProcessLogger] SET [EnterTime] = @p0, [ExitTime] = @p1, [FlightId] = @p2, [LegId] = @p3, [Message] = @p4
OUTPUT 1
WHERE [Id] = @p5;
[2023-04-03 14:14:57.857 +03:00  INF]  updated log
[2023-04-03 14:14:57.859 +03:00  INF]  Executed DbCommand (1ms) [Parameters=[@p0='?' (DbType = DateTime2), @p1='?' (DbType = DateTime2), @p2='?' (DbType = Int32), @p3='?' (DbType = Int32), @p4='?' (Size = 4000)], CommandType='"Text"', CommandTimeout='30']
SET IMPLICIT_TRANSACTIONS OFF;
SET NOCOUNT ON;
INSERT INTO [ProcessLogger] ([EnterTime], [ExitTime], [FlightId], [LegId], [Message])
OUTPUT INSERTED.[Id]
VALUES (@p0, @p1, @p2, @p3, @p4);
[2023-04-03 14:14:57.860 +03:00  INF]  Added log
[2023-04-03 14:14:59.871 +03:00  INF]  Executed DbCommand (1ms) [Parameters=[@__procLogId_0='?' (DbType = Int32)], CommandType='"Text"', CommandTimeout='30']
SELECT TOP(1) [p].[Id], [p].[EnterTime], [p].[ExitTime], [p].[FlightId], [p].[LegId], [p].[Message]
FROM [ProcessLogger] AS [p]
WHERE [p].[Id] = @__procLogId_0
[2023-04-03 14:14:59.874 +03:00  INF]  Executed DbCommand (2ms) [Parameters=[@p5='?' (DbType = Int32), @p0='?' (DbType = DateTime2), @p1='?' (DbType = DateTime2), @p2='?' (DbType = Int32), @p3='?' (DbType = Int32), @p4='?' (Size = 4000)], CommandType='"Text"', CommandTimeout='30']
SET IMPLICIT_TRANSACTIONS OFF;
SET NOCOUNT ON;
UPDATE [ProcessLogger] SET [EnterTime] = @p0, [ExitTime] = @p1, [FlightId] = @p2, [LegId] = @p3, [Message] = @p4
OUTPUT 1
WHERE [Id] = @p5;
[2023-04-03 14:14:59.875 +03:00  INF]  updated log
[2023-04-03 14:14:59.879 +03:00  ERR]  Successssss
[2023-04-03 14:14:59.886 +03:00  INF]  Executing StatusCodeResult, setting HTTP status code 200
[2023-04-03 14:14:59.891 +03:00  INF]  Executed action FlightSimulator.Controllers.FlightsController.AddDepartureFlight (Airport) in 13742.6467ms
[2023-04-03 14:14:59.892 +03:00  INF]  Executed endpoint 'FlightSimulator.Controllers.FlightsController.AddDepartureFlight (Airport)'
[2023-04-03 14:14:59.901 +03:00  INF]  Request finished HTTP/2 POST https://localhost:7297/api/Flights/AddDepartureFlight application/json 331 - 200 0 - 13794.0221ms
[2023-04-03 14:43:10.365 +03:00  INF]  Now listening on: https://localhost:7297
[2023-04-03 14:43:10.505 +03:00  INF]  Now listening on: http://localhost:5128
[2023-04-03 14:43:10.507 +03:00  INF]  Application started. Press Ctrl+C to shut down.
[2023-04-03 14:43:10.508 +03:00  INF]  Hosting environment: Development
[2023-04-03 14:43:10.508 +03:00  INF]  Content root path: C:\Users\Aviv\OneDrive\שולחן העבודה\GitHubProjects\AirportProject\Server\Airport
[2023-04-03 14:43:11.673 +03:00  INF]  Request starting HTTP/2 GET https://localhost:7297/swagger/index.html - -
[2023-04-03 14:43:11.959 +03:00  INF]  Request finished HTTP/2 GET https://localhost:7297/swagger/index.html - - - 200 - text/html;charset=utf-8 287.5211ms
[2023-04-03 14:43:11.974 +03:00  INF]  Request starting HTTP/2 GET https://localhost:7297/_framework/aspnetcore-browser-refresh.js - -
[2023-04-03 14:43:11.984 +03:00  INF]  Request finished HTTP/2 GET https://localhost:7297/_framework/aspnetcore-browser-refresh.js - - - 200 11984 application/javascript;+charset=utf-8 9.7790ms
[2023-04-03 14:43:12.025 +03:00  INF]  Request starting HTTP/2 GET https://localhost:7297/_vs/browserLink - -
[2023-04-03 14:43:12.085 +03:00  INF]  Request finished HTTP/2 GET https://localhost:7297/_vs/browserLink - - - 200 - text/javascript;+charset=UTF-8 60.0103ms
[2023-04-03 14:43:12.206 +03:00  INF]  Request starting HTTP/2 GET https://localhost:7297/swagger/v1/swagger.json - -
[2023-04-03 14:43:12.345 +03:00  INF]  Request finished HTTP/2 GET https://localhost:7297/swagger/v1/swagger.json - - - 200 - application/json;charset=utf-8 138.7508ms
[2023-04-03 14:43:16.014 +03:00  INF]  Request starting HTTP/2 POST https://localhost:7297/api/Flights/AddDepartureFlight application/json 331
[2023-04-03 14:43:16.021 +03:00  INF]  CORS policy execution successful.
[2023-04-03 14:43:16.028 +03:00  INF]  Executing endpoint 'FlightSimulator.Controllers.FlightsController.AddDepartureFlight (Airport)'
[2023-04-03 14:43:16.049 +03:00  INF]  Route matched with {action = "AddDepartureFlight", controller = "Flights"}. Executing controller action with signature System.Threading.Tasks.Task`1[Microsoft.AspNetCore.Mvc.IActionResult] AddDepartureFlight(Core.Dtos.FlightDTO) on controller FlightSimulator.Controllers.FlightsController (Airport).
[2023-04-03 14:43:18.019 +03:00  INF]  Executed DbCommand (64ms) [Parameters=[@p0='?' (Size = 4000), @p1='?' (Size = 4000), @p2='?' (DbType = Int32), @p3='?' (Size = 4000), @p4='?' (Size = 4000), @p5='?' (DbType = Int32)], CommandType='"Text"', CommandTimeout='30']
SET NOCOUNT ON;
INSERT INTO [Company] ([Country], [Name])
OUTPUT INSERTED.[Id]
VALUES (@p0, @p1);
INSERT INTO [Pilots] ([Age], [FirstName], [LastName], [Rank])
OUTPUT INSERTED.[Id]
VALUES (@p2, @p3, @p4, @p5);
[2023-04-03 14:43:18.062 +03:00  INF]  Executed DbCommand (4ms) [Parameters=[@p6='?' (DbType = Int32), @p7='?' (Size = 4000), @p8='?' (DbType = Int32)], CommandType='"Text"', CommandTimeout='30']
SET IMPLICIT_TRANSACTIONS OFF;
SET NOCOUNT ON;
INSERT INTO [Plain] ([CompanyId], [Model], [PassangerCount])
OUTPUT INSERTED.[Id]
VALUES (@p6, @p7, @p8);
[2023-04-03 14:43:18.068 +03:00  INF]  Executed DbCommand (4ms) [Parameters=[@p9='?' (DbType = Guid), @p10='?' (DbType = Boolean), @p11='?' (DbType = Int32), @p12='?' (DbType = Int32)], CommandType='"Text"', CommandTimeout='30']
SET IMPLICIT_TRANSACTIONS OFF;
SET NOCOUNT ON;
INSERT INTO [Flights] ([Code], [IsDeparture], [PilotId], [PlainId])
OUTPUT INSERTED.[Id]
VALUES (@p9, @p10, @p11, @p12);
[2023-04-03 14:43:18.102 +03:00  WRN]  Added flight
[2023-04-03 14:43:18.315 +03:00  INF]  Executed DbCommand (4ms) [Parameters=[], CommandType='"Text"', CommandTimeout='30']
SELECT [l].[Id], [l].[CurrentLeg], [l].[LegType], [l].[NextPosibbleLegs], [l].[PauseTime]
FROM [Legs] AS [l]
[2023-04-03 14:43:18.344 +03:00  INF]  Got all legs from db!
[2023-04-03 14:43:18.410 +03:00  INF]  Executed DbCommand (5ms) [Parameters=[@p0='?' (DbType = DateTime2), @p1='?' (DbType = DateTime2), @p2='?' (DbType = Int32), @p3='?' (DbType = Int32), @p4='?' (Size = 4000)], CommandType='"Text"', CommandTimeout='30']
SET IMPLICIT_TRANSACTIONS OFF;
SET NOCOUNT ON;
INSERT INTO [ProcessLogger] ([EnterTime], [ExitTime], [FlightId], [LegId], [Message])
OUTPUT INSERTED.[Id]
VALUES (@p0, @p1, @p2, @p3, @p4);
[2023-04-03 14:43:18.414 +03:00  INF]  Added log
[2023-04-03 14:43:22.526 +03:00  INF]  Executed DbCommand (2ms) [Parameters=[@__procLogId_0='?' (DbType = Int32)], CommandType='"Text"', CommandTimeout='30']
SELECT TOP(1) [p].[Id], [p].[EnterTime], [p].[ExitTime], [p].[FlightId], [p].[LegId], [p].[Message]
FROM [ProcessLogger] AS [p]
WHERE [p].[Id] = @__procLogId_0
[2023-04-03 14:43:22.542 +03:00  INF]  Executed DbCommand (5ms) [Parameters=[@p5='?' (DbType = Int32), @p0='?' (DbType = DateTime2), @p1='?' (DbType = DateTime2), @p2='?' (DbType = Int32), @p3='?' (DbType = Int32), @p4='?' (Size = 4000)], CommandType='"Text"', CommandTimeout='30']
SET IMPLICIT_TRANSACTIONS OFF;
SET NOCOUNT ON;
UPDATE [ProcessLogger] SET [EnterTime] = @p0, [ExitTime] = @p1, [FlightId] = @p2, [LegId] = @p3, [Message] = @p4
OUTPUT 1
WHERE [Id] = @p5;
[2023-04-03 14:43:22.544 +03:00  INF]  updated log
[2023-04-03 14:43:22.549 +03:00  INF]  Executed DbCommand (1ms) [Parameters=[@p0='?' (DbType = DateTime2), @p1='?' (DbType = DateTime2), @p2='?' (DbType = Int32), @p3='?' (DbType = Int32), @p4='?' (Size = 4000)], CommandType='"Text"', CommandTimeout='30']
SET IMPLICIT_TRANSACTIONS OFF;
SET NOCOUNT ON;
INSERT INTO [ProcessLogger] ([EnterTime], [ExitTime], [FlightId], [LegId], [Message])
OUTPUT INSERTED.[Id]
VALUES (@p0, @p1, @p2, @p3, @p4);
[2023-04-03 14:43:22.549 +03:00  INF]  Added log
[2023-04-03 14:43:27.571 +03:00  INF]  Executed DbCommand (1ms) [Parameters=[@__procLogId_0='?' (DbType = Int32)], CommandType='"Text"', CommandTimeout='30']
SELECT TOP(1) [p].[Id], [p].[EnterTime], [p].[ExitTime], [p].[FlightId], [p].[LegId], [p].[Message]
FROM [ProcessLogger] AS [p]
WHERE [p].[Id] = @__procLogId_0
[2023-04-03 14:43:27.575 +03:00  INF]  Executed DbCommand (3ms) [Parameters=[@p5='?' (DbType = Int32), @p0='?' (DbType = DateTime2), @p1='?' (DbType = DateTime2), @p2='?' (DbType = Int32), @p3='?' (DbType = Int32), @p4='?' (Size = 4000)], CommandType='"Text"', CommandTimeout='30']
SET IMPLICIT_TRANSACTIONS OFF;
SET NOCOUNT ON;
UPDATE [ProcessLogger] SET [EnterTime] = @p0, [ExitTime] = @p1, [FlightId] = @p2, [LegId] = @p3, [Message] = @p4
OUTPUT 1
WHERE [Id] = @p5;
[2023-04-03 14:43:27.575 +03:00  INF]  updated log
[2023-04-03 14:43:27.578 +03:00  INF]  Executed DbCommand (2ms) [Parameters=[@p0='?' (DbType = DateTime2), @p1='?' (DbType = DateTime2), @p2='?' (DbType = Int32), @p3='?' (DbType = Int32), @p4='?' (Size = 4000)], CommandType='"Text"', CommandTimeout='30']
SET IMPLICIT_TRANSACTIONS OFF;
SET NOCOUNT ON;
INSERT INTO [ProcessLogger] ([EnterTime], [ExitTime], [FlightId], [LegId], [Message])
OUTPUT INSERTED.[Id]
VALUES (@p0, @p1, @p2, @p3, @p4);
[2023-04-03 14:43:27.578 +03:00  INF]  Added log
[2023-04-03 14:43:29.597 +03:00  INF]  Executed DbCommand (1ms) [Parameters=[@__procLogId_0='?' (DbType = Int32)], CommandType='"Text"', CommandTimeout='30']
SELECT TOP(1) [p].[Id], [p].[EnterTime], [p].[ExitTime], [p].[FlightId], [p].[LegId], [p].[Message]
FROM [ProcessLogger] AS [p]
WHERE [p].[Id] = @__procLogId_0
[2023-04-03 14:43:29.600 +03:00  INF]  Executed DbCommand (1ms) [Parameters=[@p5='?' (DbType = Int32), @p0='?' (DbType = DateTime2), @p1='?' (DbType = DateTime2), @p2='?' (DbType = Int32), @p3='?' (DbType = Int32), @p4='?' (Size = 4000)], CommandType='"Text"', CommandTimeout='30']
SET IMPLICIT_TRANSACTIONS OFF;
SET NOCOUNT ON;
UPDATE [ProcessLogger] SET [EnterTime] = @p0, [ExitTime] = @p1, [FlightId] = @p2, [LegId] = @p3, [Message] = @p4
OUTPUT 1
WHERE [Id] = @p5;
[2023-04-03 14:43:29.600 +03:00  INF]  updated log
[2023-04-03 14:43:29.604 +03:00  ERR]  Successssss
[2023-04-03 14:43:29.611 +03:00  INF]  Executing StatusCodeResult, setting HTTP status code 200
[2023-04-03 14:43:29.616 +03:00  INF]  Executed action FlightSimulator.Controllers.FlightsController.AddDepartureFlight (Airport) in 13562.0047ms
[2023-04-03 14:43:29.617 +03:00  INF]  Executed endpoint 'FlightSimulator.Controllers.FlightsController.AddDepartureFlight (Airport)'
[2023-04-03 14:43:29.625 +03:00  INF]  Request finished HTTP/2 POST https://localhost:7297/api/Flights/AddDepartureFlight application/json 331 - 200 0 - 13611.0020ms
[2023-04-03 14:45:28.345 +03:00  INF]  Now listening on: https://localhost:7297
[2023-04-03 14:45:28.497 +03:00  INF]  Now listening on: http://localhost:5128
[2023-04-03 14:45:28.500 +03:00  INF]  Application started. Press Ctrl+C to shut down.
[2023-04-03 14:45:28.500 +03:00  INF]  Hosting environment: Development
[2023-04-03 14:45:28.500 +03:00  INF]  Content root path: C:\Users\Aviv\OneDrive\שולחן העבודה\GitHubProjects\AirportProject\Server\Airport
[2023-04-03 14:45:29.134 +03:00  INF]  Request starting HTTP/2 GET https://localhost:7297/swagger/index.html - -
[2023-04-03 14:45:29.427 +03:00  INF]  Request finished HTTP/2 GET https://localhost:7297/swagger/index.html - - - 200 - text/html;charset=utf-8 297.3298ms
[2023-04-03 14:45:29.553 +03:00  INF]  Request starting HTTP/2 GET https://localhost:7297/_vs/browserLink - -
[2023-04-03 14:45:29.553 +03:00  INF]  Request starting HTTP/2 GET https://localhost:7297/_framework/aspnetcore-browser-refresh.js - -
[2023-04-03 14:45:29.565 +03:00  INF]  Request finished HTTP/2 GET https://localhost:7297/_framework/aspnetcore-browser-refresh.js - - - 200 11984 application/javascript;+charset=utf-8 12.0218ms
[2023-04-03 14:45:29.612 +03:00  INF]  Request finished HTTP/2 GET https://localhost:7297/_vs/browserLink - - - 200 - text/javascript;+charset=UTF-8 59.2222ms
[2023-04-03 14:45:29.740 +03:00  INF]  Request starting HTTP/2 GET https://localhost:7297/swagger/v1/swagger.json - -
[2023-04-03 14:45:29.900 +03:00  INF]  Request finished HTTP/2 GET https://localhost:7297/swagger/v1/swagger.json - - - 200 - application/json;charset=utf-8 159.8534ms
[2023-04-03 14:45:36.111 +03:00  INF]  Request starting HTTP/2 POST https://localhost:7297/api/Flights/AddDepartureFlight application/json 331
[2023-04-03 14:45:36.118 +03:00  INF]  CORS policy execution successful.
[2023-04-03 14:45:36.123 +03:00  INF]  Executing endpoint 'FlightSimulator.Controllers.FlightsController.AddDepartureFlight (Airport)'
[2023-04-03 14:45:36.148 +03:00  INF]  Route matched with {action = "AddDepartureFlight", controller = "Flights"}. Executing controller action with signature System.Threading.Tasks.Task`1[Microsoft.AspNetCore.Mvc.IActionResult] AddDepartureFlight(Core.Dtos.FlightDTO) on controller FlightSimulator.Controllers.FlightsController (Airport).
[2023-04-03 14:45:38.314 +03:00  INF]  Executed DbCommand (74ms) [Parameters=[@p0='?' (Size = 4000), @p1='?' (Size = 4000), @p2='?' (DbType = Int32), @p3='?' (Size = 4000), @p4='?' (Size = 4000), @p5='?' (DbType = Int32)], CommandType='"Text"', CommandTimeout='30']
SET NOCOUNT ON;
INSERT INTO [Company] ([Country], [Name])
OUTPUT INSERTED.[Id]
VALUES (@p0, @p1);
INSERT INTO [Pilots] ([Age], [FirstName], [LastName], [Rank])
OUTPUT INSERTED.[Id]
VALUES (@p2, @p3, @p4, @p5);
[2023-04-03 14:45:38.365 +03:00  INF]  Executed DbCommand (4ms) [Parameters=[@p6='?' (DbType = Int32), @p7='?' (Size = 4000), @p8='?' (DbType = Int32)], CommandType='"Text"', CommandTimeout='30']
SET IMPLICIT_TRANSACTIONS OFF;
SET NOCOUNT ON;
INSERT INTO [Plain] ([CompanyId], [Model], [PassangerCount])
OUTPUT INSERTED.[Id]
VALUES (@p6, @p7, @p8);
[2023-04-03 14:45:38.369 +03:00  INF]  Executed DbCommand (2ms) [Parameters=[@p9='?' (DbType = Guid), @p10='?' (DbType = Boolean), @p11='?' (DbType = Int32), @p12='?' (DbType = Int32)], CommandType='"Text"', CommandTimeout='30']
SET IMPLICIT_TRANSACTIONS OFF;
SET NOCOUNT ON;
INSERT INTO [Flights] ([Code], [IsDeparture], [PilotId], [PlainId])
OUTPUT INSERTED.[Id]
VALUES (@p9, @p10, @p11, @p12);
[2023-04-03 14:45:38.403 +03:00  WRN]  Added flight
[2023-04-03 14:45:38.632 +03:00  INF]  Executed DbCommand (3ms) [Parameters=[], CommandType='"Text"', CommandTimeout='30']
SELECT [l].[Id], [l].[CurrentLeg], [l].[LegType], [l].[NextPosibbleLegs], [l].[PauseTime]
FROM [Legs] AS [l]
[2023-04-03 14:45:38.663 +03:00  INF]  Got all legs from db!
[2023-04-03 14:45:38.726 +03:00  INF]  Executed DbCommand (4ms) [Parameters=[@p0='?' (DbType = DateTime2), @p1='?' (DbType = DateTime2), @p2='?' (DbType = Int32), @p3='?' (DbType = Int32), @p4='?' (Size = 4000)], CommandType='"Text"', CommandTimeout='30']
SET IMPLICIT_TRANSACTIONS OFF;
SET NOCOUNT ON;
INSERT INTO [ProcessLogger] ([EnterTime], [ExitTime], [FlightId], [LegId], [Message])
OUTPUT INSERTED.[Id]
VALUES (@p0, @p1, @p2, @p3, @p4);
[2023-04-03 14:45:38.732 +03:00  INF]  Added log
[2023-04-03 14:45:42.849 +03:00  INF]  Executed DbCommand (2ms) [Parameters=[@__procLogId_0='?' (DbType = Int32)], CommandType='"Text"', CommandTimeout='30']
SELECT TOP(1) [p].[Id], [p].[EnterTime], [p].[ExitTime], [p].[FlightId], [p].[LegId], [p].[Message]
FROM [ProcessLogger] AS [p]
WHERE [p].[Id] = @__procLogId_0
[2023-04-03 14:45:42.864 +03:00  INF]  Executed DbCommand (4ms) [Parameters=[@p5='?' (DbType = Int32), @p0='?' (DbType = DateTime2), @p1='?' (DbType = DateTime2), @p2='?' (DbType = Int32), @p3='?' (DbType = Int32), @p4='?' (Size = 4000)], CommandType='"Text"', CommandTimeout='30']
SET IMPLICIT_TRANSACTIONS OFF;
SET NOCOUNT ON;
UPDATE [ProcessLogger] SET [EnterTime] = @p0, [ExitTime] = @p1, [FlightId] = @p2, [LegId] = @p3, [Message] = @p4
OUTPUT 1
WHERE [Id] = @p5;
[2023-04-03 14:45:42.867 +03:00  INF]  updated log
[2023-04-03 14:45:42.872 +03:00  INF]  Executed DbCommand (2ms) [Parameters=[@p0='?' (DbType = DateTime2), @p1='?' (DbType = DateTime2), @p2='?' (DbType = Int32), @p3='?' (DbType = Int32), @p4='?' (Size = 4000)], CommandType='"Text"', CommandTimeout='30']
SET IMPLICIT_TRANSACTIONS OFF;
SET NOCOUNT ON;
INSERT INTO [ProcessLogger] ([EnterTime], [ExitTime], [FlightId], [LegId], [Message])
OUTPUT INSERTED.[Id]
VALUES (@p0, @p1, @p2, @p3, @p4);
[2023-04-03 14:45:42.872 +03:00  INF]  Added log
[2023-04-03 14:45:47.884 +03:00  INF]  Executed DbCommand (1ms) [Parameters=[@__procLogId_0='?' (DbType = Int32)], CommandType='"Text"', CommandTimeout='30']
SELECT TOP(1) [p].[Id], [p].[EnterTime], [p].[ExitTime], [p].[FlightId], [p].[LegId], [p].[Message]
FROM [ProcessLogger] AS [p]
WHERE [p].[Id] = @__procLogId_0
[2023-04-03 14:45:47.887 +03:00  INF]  Executed DbCommand (1ms) [Parameters=[@p5='?' (DbType = Int32), @p0='?' (DbType = DateTime2), @p1='?' (DbType = DateTime2), @p2='?' (DbType = Int32), @p3='?' (DbType = Int32), @p4='?' (Size = 4000)], CommandType='"Text"', CommandTimeout='30']
SET IMPLICIT_TRANSACTIONS OFF;
SET NOCOUNT ON;
UPDATE [ProcessLogger] SET [EnterTime] = @p0, [ExitTime] = @p1, [FlightId] = @p2, [LegId] = @p3, [Message] = @p4
OUTPUT 1
WHERE [Id] = @p5;
[2023-04-03 14:45:47.887 +03:00  INF]  updated log
[2023-04-03 14:45:47.890 +03:00  INF]  Executed DbCommand (1ms) [Parameters=[@p0='?' (DbType = DateTime2), @p1='?' (DbType = DateTime2), @p2='?' (DbType = Int32), @p3='?' (DbType = Int32), @p4='?' (Size = 4000)], CommandType='"Text"', CommandTimeout='30']
SET IMPLICIT_TRANSACTIONS OFF;
SET NOCOUNT ON;
INSERT INTO [ProcessLogger] ([EnterTime], [ExitTime], [FlightId], [LegId], [Message])
OUTPUT INSERTED.[Id]
VALUES (@p0, @p1, @p2, @p3, @p4);
[2023-04-03 14:45:47.891 +03:00  INF]  Added log
[2023-04-03 14:45:49.901 +03:00  INF]  Executed DbCommand (2ms) [Parameters=[@__procLogId_0='?' (DbType = Int32)], CommandType='"Text"', CommandTimeout='30']
SELECT TOP(1) [p].[Id], [p].[EnterTime], [p].[ExitTime], [p].[FlightId], [p].[LegId], [p].[Message]
FROM [ProcessLogger] AS [p]
WHERE [p].[Id] = @__procLogId_0
[2023-04-03 14:45:49.904 +03:00  INF]  Executed DbCommand (2ms) [Parameters=[@p5='?' (DbType = Int32), @p0='?' (DbType = DateTime2), @p1='?' (DbType = DateTime2), @p2='?' (DbType = Int32), @p3='?' (DbType = Int32), @p4='?' (Size = 4000)], CommandType='"Text"', CommandTimeout='30']
SET IMPLICIT_TRANSACTIONS OFF;
SET NOCOUNT ON;
UPDATE [ProcessLogger] SET [EnterTime] = @p0, [ExitTime] = @p1, [FlightId] = @p2, [LegId] = @p3, [Message] = @p4
OUTPUT 1
WHERE [Id] = @p5;
[2023-04-03 14:45:49.904 +03:00  INF]  updated log
[2023-04-03 14:45:49.908 +03:00  ERR]  Successssss
[2023-04-03 14:45:49.916 +03:00  INF]  Executing StatusCodeResult, setting HTTP status code 200
[2023-04-03 14:45:49.921 +03:00  INF]  Executed action FlightSimulator.Controllers.FlightsController.AddDepartureFlight (Airport) in 13768.1298ms
[2023-04-03 14:45:49.922 +03:00  INF]  Executed endpoint 'FlightSimulator.Controllers.FlightsController.AddDepartureFlight (Airport)'
[2023-04-03 14:45:49.931 +03:00  INF]  Request finished HTTP/2 POST https://localhost:7297/api/Flights/AddDepartureFlight application/json 331 - 200 0 - 13820.2413ms
[2023-04-03 15:04:51.707 +03:00  INF]  Now listening on: https://localhost:7297
[2023-04-03 15:04:51.859 +03:00  INF]  Now listening on: http://localhost:5128
[2023-04-03 15:04:51.861 +03:00  INF]  Application started. Press Ctrl+C to shut down.
[2023-04-03 15:04:51.862 +03:00  INF]  Hosting environment: Development
[2023-04-03 15:04:51.862 +03:00  INF]  Content root path: C:\Users\Aviv\OneDrive\שולחן העבודה\GitHubProjects\AirportProject\Server\Airport
[2023-04-03 15:04:52.787 +03:00  INF]  Request starting HTTP/2 GET https://localhost:7297/swagger/index.html - -
[2023-04-03 15:04:53.054 +03:00  INF]  Request finished HTTP/2 GET https://localhost:7297/swagger/index.html - - - 200 - text/html;charset=utf-8 269.2091ms
[2023-04-03 15:04:53.070 +03:00  INF]  Request starting HTTP/2 GET https://localhost:7297/_framework/aspnetcore-browser-refresh.js - -
[2023-04-03 15:04:53.076 +03:00  INF]  Request finished HTTP/2 GET https://localhost:7297/_framework/aspnetcore-browser-refresh.js - - - 200 11984 application/javascript;+charset=utf-8 5.7254ms
[2023-04-03 15:04:53.117 +03:00  INF]  Request starting HTTP/2 GET https://localhost:7297/_vs/browserLink - -
[2023-04-03 15:04:53.177 +03:00  INF]  Request finished HTTP/2 GET https://localhost:7297/_vs/browserLink - - - 200 - text/javascript;+charset=UTF-8 60.2449ms
[2023-04-03 15:04:53.328 +03:00  INF]  Request starting HTTP/2 GET https://localhost:7297/swagger/v1/swagger.json - -
[2023-04-03 15:04:53.485 +03:00  INF]  Request finished HTTP/2 GET https://localhost:7297/swagger/v1/swagger.json - - - 200 - application/json;charset=utf-8 156.7171ms
[2023-04-03 15:05:00.045 +03:00  INF]  Request starting HTTP/2 POST https://localhost:7297/api/Pilots/AddPilot application/json 76
[2023-04-03 15:05:00.053 +03:00  INF]  CORS policy execution successful.
[2023-04-03 15:05:00.058 +03:00  INF]  Executing endpoint 'FlightSimulator.Controllers.PilotsController.AddStam (Airport)'
[2023-04-03 15:05:00.077 +03:00  INF]  Route matched with {action = "AddStam", controller = "Pilots"}. Executing controller action with signature System.Threading.Tasks.Task`1[Microsoft.AspNetCore.Mvc.IActionResult] AddStam(Core.DTOs.Incoming.PilotInDTO) on controller FlightSimulator.Controllers.PilotsController (Airport).
[2023-04-03 15:05:02.039 +03:00  INF]  Executed DbCommand (69ms) [Parameters=[@p0='?' (DbType = Int32), @p1='?' (Size = 4000), @p2='?' (Size = 4000), @p3='?' (DbType = Int32)], CommandType='"Text"', CommandTimeout='30']
SET IMPLICIT_TRANSACTIONS OFF;
SET NOCOUNT ON;
INSERT INTO [Pilots] ([Age], [FirstName], [LastName], [Rank])
OUTPUT INSERTED.[Id]
VALUES (@p0, @p1, @p2, @p3);
[2023-04-03 15:05:02.114 +03:00  WRN]  Added pilot
[2023-04-03 15:05:02.114 +03:00  INF]  Successssss adding pilot
[2023-04-03 15:05:02.127 +03:00  INF]  Executing OkObjectResult, writing value of type 'System.String'.
[2023-04-03 15:05:02.137 +03:00  INF]  Executed action FlightSimulator.Controllers.PilotsController.AddStam (Airport) in 2053.2386ms
[2023-04-03 15:05:02.138 +03:00  INF]  Executed endpoint 'FlightSimulator.Controllers.PilotsController.AddStam (Airport)'
[2023-04-03 15:05:02.146 +03:00  INF]  Request finished HTTP/2 POST https://localhost:7297/api/Pilots/AddPilot application/json 76 - 200 - text/plain;+charset=utf-8 2100.7482ms
[2023-04-03 15:19:59.926 +03:00  INF]  Now listening on: https://localhost:7297
[2023-04-03 15:20:00.078 +03:00  INF]  Now listening on: http://localhost:5128
[2023-04-03 15:20:00.080 +03:00  INF]  Application started. Press Ctrl+C to shut down.
[2023-04-03 15:20:00.081 +03:00  INF]  Hosting environment: Development
[2023-04-03 15:20:00.081 +03:00  INF]  Content root path: C:\Users\Aviv\OneDrive\שולחן העבודה\GitHubProjects\AirportProject\Server\Airport
[2023-04-03 15:20:00.983 +03:00  INF]  Request starting HTTP/2 GET https://localhost:7297/swagger/index.html - -
[2023-04-03 15:20:01.249 +03:00  INF]  Request finished HTTP/2 GET https://localhost:7297/swagger/index.html - - - 200 - text/html;charset=utf-8 268.4963ms
[2023-04-03 15:20:01.342 +03:00  INF]  Request starting HTTP/2 GET https://localhost:7297/_framework/aspnetcore-browser-refresh.js - -
[2023-04-03 15:20:01.354 +03:00  INF]  Request finished HTTP/2 GET https://localhost:7297/_framework/aspnetcore-browser-refresh.js - - - 200 11984 application/javascript;+charset=utf-8 11.4906ms
[2023-04-03 15:20:01.374 +03:00  INF]  Request starting HTTP/2 GET https://localhost:7297/_vs/browserLink - -
[2023-04-03 15:20:01.433 +03:00  INF]  Request finished HTTP/2 GET https://localhost:7297/_vs/browserLink - - - 200 - text/javascript;+charset=UTF-8 58.6847ms
[2023-04-03 15:20:01.573 +03:00  INF]  Request starting HTTP/2 GET https://localhost:7297/swagger/v1/swagger.json - -
[2023-04-03 15:20:01.712 +03:00  INF]  Request finished HTTP/2 GET https://localhost:7297/swagger/v1/swagger.json - - - 200 - application/json;charset=utf-8 138.6469ms
[2023-04-03 15:20:36.307 +03:00  INF]  Request starting HTTP/2 POST https://localhost:7297/api/Pilots/AddPilot application/json 72
[2023-04-03 15:20:36.314 +03:00  INF]  CORS policy execution successful.
[2023-04-03 15:20:36.319 +03:00  INF]  Executing endpoint 'FlightSimulator.Controllers.PilotsController.AddStam (Airport)'
[2023-04-03 15:20:36.340 +03:00  INF]  Route matched with {action = "AddStam", controller = "Pilots"}. Executing controller action with signature System.Threading.Tasks.Task`1[Microsoft.AspNetCore.Mvc.IActionResult] AddStam(Core.DTOs.Incoming.PilotInDTO) on controller FlightSimulator.Controllers.PilotsController (Airport).
[2023-04-03 15:20:38.416 +03:00  INF]  Executed DbCommand (68ms) [Parameters=[@p0='?' (DbType = Int32), @p1='?' (Size = 4000), @p2='?' (Size = 4000), @p3='?' (DbType = Int32)], CommandType='"Text"', CommandTimeout='30']
SET IMPLICIT_TRANSACTIONS OFF;
SET NOCOUNT ON;
INSERT INTO [Pilots] ([Age], [FirstName], [LastName], [Rank])
OUTPUT INSERTED.[Id]
VALUES (@p0, @p1, @p2, @p3);
[2023-04-03 15:20:38.480 +03:00  WRN]  Added pilot
[2023-04-03 15:20:38.480 +03:00  INF]  Successssss adding pilot
[2023-04-03 15:20:38.489 +03:00  INF]  Executing OkObjectResult, writing value of type 'System.String'.
[2023-04-03 15:20:38.496 +03:00  INF]  Executed action FlightSimulator.Controllers.PilotsController.AddStam (Airport) in 2150.8378ms
[2023-04-03 15:20:38.498 +03:00  INF]  Executed endpoint 'FlightSimulator.Controllers.PilotsController.AddStam (Airport)'
[2023-04-03 15:20:38.508 +03:00  INF]  Request finished HTTP/2 POST https://localhost:7297/api/Pilots/AddPilot application/json 72 - 200 - text/plain;+charset=utf-8 2201.1324ms
[2023-04-03 15:20:44.882 +03:00  INF]  Request starting HTTP/2 GET https://localhost:7297/api/Pilots/Pilots - -
[2023-04-03 15:20:44.886 +03:00  INF]  Executing endpoint 'FlightSimulator.Controllers.PilotsController.GetAllPilots (Airport)'
[2023-04-03 15:20:44.890 +03:00  INF]  Route matched with {action = "GetAllPilots", controller = "Pilots"}. Executing controller action with signature System.Threading.Tasks.Task`1[Microsoft.AspNetCore.Mvc.IActionResult] GetAllPilots() on controller FlightSimulator.Controllers.PilotsController (Airport).
[2023-04-03 15:20:45.190 +03:00  INF]  Executed DbCommand (5ms) [Parameters=[], CommandType='"Text"', CommandTimeout='30']
SELECT [p].[Id], [p].[Age], [p].[FirstName], [p].[LastName], [p].[Rank]
FROM [Pilots] AS [p]
[2023-04-03 15:20:45.227 +03:00  INF]  Executing OkObjectResult, writing value of type 'System.Collections.Generic.List`1[[Core.DTOs.Outcoming.PilotOutDTO, Core, Version=1.0.0.0, Culture=neutral, PublicKeyToken=null]]'.
[2023-04-03 15:20:45.233 +03:00  INF]  Executed action FlightSimulator.Controllers.PilotsController.GetAllPilots (Airport) in 342.7152ms
[2023-04-03 15:20:45.233 +03:00  INF]  Executed endpoint 'FlightSimulator.Controllers.PilotsController.GetAllPilots (Airport)'
[2023-04-03 15:20:45.234 +03:00  INF]  Request finished HTTP/2 GET https://localhost:7297/api/Pilots/Pilots - - - 200 - application/json;+charset=utf-8 352.3871ms
[2023-04-03 15:23:35.598 +03:00  INF]  Now listening on: https://localhost:7297
[2023-04-03 15:23:35.745 +03:00  INF]  Now listening on: http://localhost:5128
[2023-04-03 15:23:35.748 +03:00  INF]  Application started. Press Ctrl+C to shut down.
[2023-04-03 15:23:35.748 +03:00  INF]  Hosting environment: Development
[2023-04-03 15:23:35.748 +03:00  INF]  Content root path: C:\Users\Aviv\OneDrive\שולחן העבודה\GitHubProjects\AirportProject\Server\Airport
[2023-04-03 15:23:36.902 +03:00  INF]  Request starting HTTP/2 GET https://localhost:7297/swagger/index.html - -
[2023-04-03 15:23:37.173 +03:00  INF]  Request finished HTTP/2 GET https://localhost:7297/swagger/index.html - - - 200 - text/html;charset=utf-8 272.9093ms
[2023-04-03 15:23:37.182 +03:00  INF]  Request starting HTTP/2 GET https://localhost:7297/_framework/aspnetcore-browser-refresh.js - -
[2023-04-03 15:23:37.193 +03:00  INF]  Request finished HTTP/2 GET https://localhost:7297/_framework/aspnetcore-browser-refresh.js - - - 200 11984 application/javascript;+charset=utf-8 11.1414ms
[2023-04-03 15:23:37.232 +03:00  INF]  Request starting HTTP/2 GET https://localhost:7297/_vs/browserLink - -
[2023-04-03 15:23:37.293 +03:00  INF]  Request finished HTTP/2 GET https://localhost:7297/_vs/browserLink - - - 200 - text/javascript;+charset=UTF-8 60.9814ms
[2023-04-03 15:23:37.415 +03:00  INF]  Request starting HTTP/2 GET https://localhost:7297/swagger/v1/swagger.json - -
[2023-04-03 15:23:37.565 +03:00  INF]  Request finished HTTP/2 GET https://localhost:7297/swagger/v1/swagger.json - - - 200 - application/json;charset=utf-8 150.0901ms
[2023-04-03 15:23:50.239 +03:00  INF]  Request starting HTTP/2 POST https://localhost:7297/api/Pilots/AddPilot application/json 73
[2023-04-03 15:23:50.248 +03:00  INF]  CORS policy execution successful.
[2023-04-03 15:23:50.253 +03:00  INF]  Executing endpoint 'FlightSimulator.Controllers.PilotsController.AddStam (Airport)'
[2023-04-03 15:23:50.279 +03:00  INF]  Route matched with {action = "AddStam", controller = "Pilots"}. Executing controller action with signature System.Threading.Tasks.Task`1[Microsoft.AspNetCore.Mvc.IActionResult] AddStam(Core.DTOs.Incoming.PilotInDTO) on controller FlightSimulator.Controllers.PilotsController (Airport).
[2023-04-03 15:23:52.339 +03:00  INF]  Executed DbCommand (88ms) [Parameters=[@p0='?' (DbType = Int32), @p1='?' (Size = 4000), @p2='?' (Size = 4000), @p3='?' (DbType = Int32)], CommandType='"Text"', CommandTimeout='30']
SET IMPLICIT_TRANSACTIONS OFF;
SET NOCOUNT ON;
INSERT INTO [Pilots] ([Age], [FirstName], [LastName], [Rank])
OUTPUT INSERTED.[Id]
VALUES (@p0, @p1, @p2, @p3);
[2023-04-03 15:23:52.425 +03:00  WRN]  Added pilot
[2023-04-03 15:23:52.426 +03:00  INF]  Successssss adding pilot
[2023-04-03 15:23:52.441 +03:00  INF]  Executing CreatedAtActionResult, writing value of type 'Core.DTOs.Outcoming.PilotOutDTO'.
[2023-04-03 15:23:52.471 +03:00  INF]  Executed action FlightSimulator.Controllers.PilotsController.AddStam (Airport) in 2185.6214ms
[2023-04-03 15:23:52.474 +03:00  INF]  Executed endpoint 'FlightSimulator.Controllers.PilotsController.AddStam (Airport)'
[2023-04-03 15:23:52.477 +03:00  ERR]  An unhandled exception has occurred while executing the request.
System.InvalidOperationException: No route matches the supplied values.
   at Microsoft.AspNetCore.Mvc.CreatedAtActionResult.OnFormatting(ActionContext context)
   at Microsoft.AspNetCore.Mvc.Infrastructure.ObjectResultExecutor.ExecuteAsyncCore(ActionContext context, ObjectResult result, Type objectType, Object value)
   at Microsoft.AspNetCore.Mvc.Infrastructure.ObjectResultExecutor.ExecuteAsync(ActionContext context, ObjectResult result)
   at Microsoft.AspNetCore.Mvc.Infrastructure.ResourceInvoker.ResultNext[TFilter,TFilterAsync](State& next, Scope& scope, Object& state, Boolean& isCompleted)
   at Microsoft.AspNetCore.Mvc.Infrastructure.ResourceInvoker.InvokeNextResultFilterAsync[TFilter,TFilterAsync]()
--- End of stack trace from previous location ---
   at Microsoft.AspNetCore.Mvc.Infrastructure.ResourceInvoker.Rethrow(ResultExecutedContextSealed context)
   at Microsoft.AspNetCore.Mvc.Infrastructure.ResourceInvoker.ResultNext[TFilter,TFilterAsync](State& next, Scope& scope, Object& state, Boolean& isCompleted)
   at Microsoft.AspNetCore.Mvc.Infrastructure.ResourceInvoker.InvokeResultFilters()
--- End of stack trace from previous location ---
   at Microsoft.AspNetCore.Mvc.Infrastructure.ResourceInvoker.<InvokeFilterPipelineAsync>g__Awaited|20_0(ResourceInvoker invoker, Task lastTask, State next, Scope scope, Object state, Boolean isCompleted)
   at Microsoft.AspNetCore.Mvc.Infrastructure.ResourceInvoker.<InvokeAsync>g__Logged|17_1(ResourceInvoker invoker)
   at Microsoft.AspNetCore.Mvc.Infrastructure.ResourceInvoker.<InvokeAsync>g__Logged|17_1(ResourceInvoker invoker)
   at Microsoft.AspNetCore.Routing.EndpointMiddleware.<Invoke>g__AwaitRequestTask|6_0(Endpoint endpoint, Task requestTask, ILogger logger)
   at Microsoft.AspNetCore.Authorization.AuthorizationMiddleware.Invoke(HttpContext context)
   at Swashbuckle.AspNetCore.SwaggerUI.SwaggerUIMiddleware.Invoke(HttpContext httpContext)
   at Swashbuckle.AspNetCore.Swagger.SwaggerMiddleware.Invoke(HttpContext httpContext, ISwaggerProvider swaggerProvider)
   at Microsoft.AspNetCore.Authentication.AuthenticationMiddleware.Invoke(HttpContext context)
   at Microsoft.AspNetCore.Diagnostics.DeveloperExceptionPageMiddlewareImpl.Invoke(HttpContext context)
[2023-04-03 15:23:52.516 +03:00  INF]  Request finished HTTP/2 POST https://localhost:7297/api/Pilots/AddPilot application/json 73 - 500 - text/plain;+charset=utf-8 2277.7726ms
[2023-04-03 15:24:34.292 +03:00  INF]  Request starting HTTP/2 GET https://localhost:7297/swagger/index.html - -
[2023-04-03 15:24:34.324 +03:00  INF]  Request finished HTTP/2 GET https://localhost:7297/swagger/index.html - - - 200 - text/html;charset=utf-8 31.3931ms
[2023-04-03 15:24:34.478 +03:00  INF]  Request starting HTTP/2 GET https://localhost:7297/_vs/browserLink - -
[2023-04-03 15:24:34.478 +03:00  INF]  Request starting HTTP/2 GET https://localhost:7297/_framework/aspnetcore-browser-refresh.js - -
[2023-04-03 15:24:34.481 +03:00  INF]  Request finished HTTP/2 GET https://localhost:7297/_framework/aspnetcore-browser-refresh.js - - - 200 11984 application/javascript;+charset=utf-8 2.9545ms
[2023-04-03 15:24:34.549 +03:00  INF]  Request finished HTTP/2 GET https://localhost:7297/_vs/browserLink - - - 200 - text/javascript;+charset=UTF-8 71.2204ms
[2023-04-03 15:24:34.674 +03:00  INF]  Request starting HTTP/2 GET https://localhost:7297/swagger/v1/swagger.json - -
[2023-04-03 15:24:34.685 +03:00  ERR]  An unhandled exception has occurred while executing the request.
Swashbuckle.AspNetCore.SwaggerGen.SwaggerGeneratorException: Conflicting method/path combination "POST api/Pilots/AddPilot" for actions - FlightSimulator.Controllers.PilotsController.AddStam (Airport),FlightSimulator.Controllers.PilotsController.AddPilot (Airport). Actions require a unique method/path combination for Swagger/OpenAPI 3.0. Use ConflictingActionsResolver as a workaround
   at Swashbuckle.AspNetCore.SwaggerGen.SwaggerGenerator.GenerateOperations(IEnumerable`1 apiDescriptions, SchemaRepository schemaRepository)
   at Swashbuckle.AspNetCore.SwaggerGen.SwaggerGenerator.GeneratePaths(IEnumerable`1 apiDescriptions, SchemaRepository schemaRepository)
   at Swashbuckle.AspNetCore.SwaggerGen.SwaggerGenerator.GetSwaggerDocumentWithoutFilters(String documentName, String host, String basePath)
   at Swashbuckle.AspNetCore.SwaggerGen.SwaggerGenerator.GetSwaggerAsync(String documentName, String host, String basePath)
   at Swashbuckle.AspNetCore.Swagger.SwaggerMiddleware.Invoke(HttpContext httpContext, ISwaggerProvider swaggerProvider)
   at Microsoft.AspNetCore.Authentication.AuthenticationMiddleware.Invoke(HttpContext context)
   at Microsoft.AspNetCore.Diagnostics.DeveloperExceptionPageMiddlewareImpl.Invoke(HttpContext context)
[2023-04-03 15:24:34.687 +03:00  INF]  Request finished HTTP/2 GET https://localhost:7297/swagger/v1/swagger.json - - - 500 - text/plain;+charset=utf-8 13.4013ms
[2023-04-03 15:24:50.640 +03:00  INF]  Request starting HTTP/2 GET https://localhost:7297/swagger/index.html - -
[2023-04-03 15:24:50.658 +03:00  INF]  Request finished HTTP/2 GET https://localhost:7297/swagger/index.html - - - 200 - text/html;charset=utf-8 19.1973ms
[2023-04-03 15:24:50.671 +03:00  INF]  Request starting HTTP/2 GET https://localhost:7297/_vs/browserLink - -
[2023-04-03 15:24:50.672 +03:00  INF]  Request starting HTTP/2 GET https://localhost:7297/_framework/aspnetcore-browser-refresh.js - -
[2023-04-03 15:24:50.673 +03:00  INF]  Request finished HTTP/2 GET https://localhost:7297/_framework/aspnetcore-browser-refresh.js - - - 200 11984 application/javascript;+charset=utf-8 1.2750ms
[2023-04-03 15:24:50.735 +03:00  INF]  Request finished HTTP/2 GET https://localhost:7297/_vs/browserLink - - - 200 - text/javascript;+charset=UTF-8 63.2565ms
[2023-04-03 15:24:50.874 +03:00  INF]  Request starting HTTP/2 GET https://localhost:7297/swagger/v1/swagger.json - -
[2023-04-03 15:24:50.878 +03:00  ERR]  An unhandled exception has occurred while executing the request.
Swashbuckle.AspNetCore.SwaggerGen.SwaggerGeneratorException: Conflicting method/path combination "POST api/Pilots/AddPilot" for actions - FlightSimulator.Controllers.PilotsController.AddStam (Airport),FlightSimulator.Controllers.PilotsController.AddPilot (Airport). Actions require a unique method/path combination for Swagger/OpenAPI 3.0. Use ConflictingActionsResolver as a workaround
   at Swashbuckle.AspNetCore.SwaggerGen.SwaggerGenerator.GenerateOperations(IEnumerable`1 apiDescriptions, SchemaRepository schemaRepository)
   at Swashbuckle.AspNetCore.SwaggerGen.SwaggerGenerator.GeneratePaths(IEnumerable`1 apiDescriptions, SchemaRepository schemaRepository)
   at Swashbuckle.AspNetCore.SwaggerGen.SwaggerGenerator.GetSwaggerDocumentWithoutFilters(String documentName, String host, String basePath)
   at Swashbuckle.AspNetCore.SwaggerGen.SwaggerGenerator.GetSwaggerAsync(String documentName, String host, String basePath)
   at Swashbuckle.AspNetCore.Swagger.SwaggerMiddleware.Invoke(HttpContext httpContext, ISwaggerProvider swaggerProvider)
   at Microsoft.AspNetCore.Authentication.AuthenticationMiddleware.Invoke(HttpContext context)
   at Microsoft.AspNetCore.Diagnostics.DeveloperExceptionPageMiddlewareImpl.Invoke(HttpContext context)
[2023-04-03 15:24:50.879 +03:00  INF]  Request finished HTTP/2 GET https://localhost:7297/swagger/v1/swagger.json - - - 500 - text/plain;+charset=utf-8 4.5857ms
[2023-04-03 15:25:04.143 +03:00  INF]  Now listening on: https://localhost:7297
[2023-04-03 15:25:04.304 +03:00  INF]  Now listening on: http://localhost:5128
[2023-04-03 15:25:04.306 +03:00  INF]  Application started. Press Ctrl+C to shut down.
[2023-04-03 15:25:04.306 +03:00  INF]  Hosting environment: Development
[2023-04-03 15:25:04.306 +03:00  INF]  Content root path: C:\Users\Aviv\OneDrive\שולחן העבודה\GitHubProjects\AirportProject\Server\Airport
[2023-04-03 15:25:05.106 +03:00  INF]  Request starting HTTP/2 GET https://localhost:7297/swagger/index.html - -
[2023-04-03 15:25:05.391 +03:00  INF]  Request finished HTTP/2 GET https://localhost:7297/swagger/index.html - - - 200 - text/html;charset=utf-8 286.5201ms
[2023-04-03 15:25:05.409 +03:00  INF]  Request starting HTTP/2 GET https://localhost:7297/_framework/aspnetcore-browser-refresh.js - -
[2023-04-03 15:25:05.416 +03:00  INF]  Request finished HTTP/2 GET https://localhost:7297/_framework/aspnetcore-browser-refresh.js - - - 200 11984 application/javascript;+charset=utf-8 7.4463ms
[2023-04-03 15:25:05.459 +03:00  INF]  Request starting HTTP/2 GET https://localhost:7297/_vs/browserLink - -
[2023-04-03 15:25:05.519 +03:00  INF]  Request finished HTTP/2 GET https://localhost:7297/_vs/browserLink - - - 200 - text/javascript;+charset=UTF-8 59.3954ms
[2023-04-03 15:25:05.643 +03:00  INF]  Request starting HTTP/2 GET https://localhost:7297/swagger/v1/swagger.json - -
[2023-04-03 15:25:05.788 +03:00  INF]  Request finished HTTP/2 GET https://localhost:7297/swagger/v1/swagger.json - - - 200 - application/json;charset=utf-8 145.6026ms
[2023-04-03 15:25:31.647 +03:00  INF]  Request starting HTTP/2 POST https://localhost:7297/api/Pilots/AddPilot application/json 73
[2023-04-03 15:25:31.665 +03:00  INF]  CORS policy execution successful.
[2023-04-03 15:25:31.670 +03:00  INF]  Executing endpoint 'FlightSimulator.Controllers.PilotsController.AddPilot (Airport)'
[2023-04-03 15:25:31.695 +03:00  INF]  Route matched with {action = "AddPilot", controller = "Pilots"}. Executing controller action with signature System.Threading.Tasks.Task`1[Microsoft.AspNetCore.Mvc.IActionResult] AddPilot(Core.DTOs.Incoming.PilotInDTO) on controller FlightSimulator.Controllers.PilotsController (Airport).
[2023-04-03 15:25:33.667 +03:00  INF]  Executed DbCommand (72ms) [Parameters=[@p0='?' (DbType = Int32), @p1='?' (Size = 4000), @p2='?' (Size = 4000), @p3='?' (DbType = Int32)], CommandType='"Text"', CommandTimeout='30']
SET IMPLICIT_TRANSACTIONS OFF;
SET NOCOUNT ON;
INSERT INTO [Pilots] ([Age], [FirstName], [LastName], [Rank])
OUTPUT INSERTED.[Id]
VALUES (@p0, @p1, @p2, @p3);
[2023-04-03 15:25:33.732 +03:00  WRN]  Added pilot
[2023-04-03 15:25:33.732 +03:00  INF]  Successssss adding pilot
[2023-04-03 15:25:40.807 +03:00  INF]  Executing CreatedAtActionResult, writing value of type 'Core.DTOs.Outcoming.PilotOutDTO'.
[2023-04-03 15:25:40.830 +03:00  INF]  Executed action FlightSimulator.Controllers.PilotsController.AddPilot (Airport) in 9129.5434ms
[2023-04-03 15:25:40.831 +03:00  INF]  Executed endpoint 'FlightSimulator.Controllers.PilotsController.AddPilot (Airport)'
[2023-04-03 15:25:40.835 +03:00  ERR]  An unhandled exception has occurred while executing the request.
System.InvalidOperationException: No route matches the supplied values.
   at Microsoft.AspNetCore.Mvc.CreatedAtActionResult.OnFormatting(ActionContext context)
   at Microsoft.AspNetCore.Mvc.Infrastructure.ObjectResultExecutor.ExecuteAsyncCore(ActionContext context, ObjectResult result, Type objectType, Object value)
   at Microsoft.AspNetCore.Mvc.Infrastructure.ObjectResultExecutor.ExecuteAsync(ActionContext context, ObjectResult result)
   at Microsoft.AspNetCore.Mvc.Infrastructure.ResourceInvoker.ResultNext[TFilter,TFilterAsync](State& next, Scope& scope, Object& state, Boolean& isCompleted)
   at Microsoft.AspNetCore.Mvc.Infrastructure.ResourceInvoker.InvokeNextResultFilterAsync[TFilter,TFilterAsync]()
--- End of stack trace from previous location ---
   at Microsoft.AspNetCore.Mvc.Infrastructure.ResourceInvoker.Rethrow(ResultExecutedContextSealed context)
   at Microsoft.AspNetCore.Mvc.Infrastructure.ResourceInvoker.ResultNext[TFilter,TFilterAsync](State& next, Scope& scope, Object& state, Boolean& isCompleted)
   at Microsoft.AspNetCore.Mvc.Infrastructure.ResourceInvoker.InvokeResultFilters()
--- End of stack trace from previous location ---
   at Microsoft.AspNetCore.Mvc.Infrastructure.ResourceInvoker.<InvokeFilterPipelineAsync>g__Awaited|20_0(ResourceInvoker invoker, Task lastTask, State next, Scope scope, Object state, Boolean isCompleted)
   at Microsoft.AspNetCore.Mvc.Infrastructure.ResourceInvoker.<InvokeAsync>g__Logged|17_1(ResourceInvoker invoker)
   at Microsoft.AspNetCore.Mvc.Infrastructure.ResourceInvoker.<InvokeAsync>g__Logged|17_1(ResourceInvoker invoker)
   at Microsoft.AspNetCore.Routing.EndpointMiddleware.<Invoke>g__AwaitRequestTask|6_0(Endpoint endpoint, Task requestTask, ILogger logger)
   at Microsoft.AspNetCore.Authorization.AuthorizationMiddleware.Invoke(HttpContext context)
   at Swashbuckle.AspNetCore.SwaggerUI.SwaggerUIMiddleware.Invoke(HttpContext httpContext)
   at Swashbuckle.AspNetCore.Swagger.SwaggerMiddleware.Invoke(HttpContext httpContext, ISwaggerProvider swaggerProvider)
   at Microsoft.AspNetCore.Authentication.AuthenticationMiddleware.Invoke(HttpContext context)
   at Microsoft.AspNetCore.Diagnostics.DeveloperExceptionPageMiddlewareImpl.Invoke(HttpContext context)
[2023-04-03 15:25:40.873 +03:00  INF]  Request finished HTTP/2 POST https://localhost:7297/api/Pilots/AddPilot application/json 73 - 500 - text/plain;+charset=utf-8 9225.9325ms
[2023-04-03 15:29:14.657 +03:00  INF]  Request starting HTTP/2 GET https://localhost:7297/swagger/index.html - -
[2023-04-03 15:29:14.694 +03:00  INF]  Request finished HTTP/2 GET https://localhost:7297/swagger/index.html - - - 200 - text/html;charset=utf-8 37.1871ms
[2023-04-03 15:29:14.707 +03:00  INF]  Request starting HTTP/2 GET https://localhost:7297/_vs/browserLink - -
[2023-04-03 15:29:14.709 +03:00  INF]  Request starting HTTP/2 GET https://localhost:7297/_framework/aspnetcore-browser-refresh.js - -
[2023-04-03 15:29:14.719 +03:00  INF]  Request finished HTTP/2 GET https://localhost:7297/_framework/aspnetcore-browser-refresh.js - - - 200 11984 application/javascript;+charset=utf-8 10.9623ms
[2023-04-03 15:29:14.785 +03:00  INF]  Request finished HTTP/2 GET https://localhost:7297/_vs/browserLink - - - 200 - text/javascript;+charset=UTF-8 77.7844ms
[2023-04-03 15:29:15.243 +03:00  INF]  Request starting HTTP/2 GET https://localhost:7297/swagger/v1/swagger.json - -
[2023-04-03 15:29:15.252 +03:00  INF]  Request finished HTTP/2 GET https://localhost:7297/swagger/v1/swagger.json - - - 200 - application/json;charset=utf-8 9.8298ms
[2023-04-03 15:29:29.261 +03:00  INF]  Now listening on: https://localhost:7297
[2023-04-03 15:29:29.436 +03:00  INF]  Now listening on: http://localhost:5128
[2023-04-03 15:29:29.439 +03:00  INF]  Application started. Press Ctrl+C to shut down.
[2023-04-03 15:29:29.440 +03:00  INF]  Hosting environment: Development
[2023-04-03 15:29:29.440 +03:00  INF]  Content root path: C:\Users\Aviv\OneDrive\שולחן העבודה\GitHubProjects\AirportProject\Server\Airport
[2023-04-03 15:29:30.423 +03:00  INF]  Request starting HTTP/2 GET https://localhost:7297/swagger/index.html - -
[2023-04-03 15:29:30.700 +03:00  INF]  Request finished HTTP/2 GET https://localhost:7297/swagger/index.html - - - 200 - text/html;charset=utf-8 279.7420ms
[2023-04-03 15:29:30.716 +03:00  INF]  Request starting HTTP/2 GET https://localhost:7297/_framework/aspnetcore-browser-refresh.js - -
[2023-04-03 15:29:30.730 +03:00  INF]  Request finished HTTP/2 GET https://localhost:7297/_framework/aspnetcore-browser-refresh.js - - - 200 11984 application/javascript;+charset=utf-8 13.6189ms
[2023-04-03 15:29:30.789 +03:00  INF]  Request starting HTTP/2 GET https://localhost:7297/_vs/browserLink - -
[2023-04-03 15:29:30.859 +03:00  INF]  Request finished HTTP/2 GET https://localhost:7297/_vs/browserLink - - - 200 - text/javascript;+charset=UTF-8 69.7662ms
[2023-04-03 15:29:31.130 +03:00  INF]  Request starting HTTP/2 GET https://localhost:7297/swagger/v1/swagger.json - -
[2023-04-03 15:29:31.271 +03:00  INF]  Request finished HTTP/2 GET https://localhost:7297/swagger/v1/swagger.json - - - 200 - application/json;charset=utf-8 141.5796ms
[2023-04-03 15:29:42.810 +03:00  INF]  Request starting HTTP/2 POST https://localhost:7297/api/Pilots/AddPilot application/json 73
[2023-04-03 15:29:42.817 +03:00  INF]  CORS policy execution successful.
[2023-04-03 15:29:42.821 +03:00  INF]  Executing endpoint 'FlightSimulator.Controllers.PilotsController.AddPilot (Airport)'
[2023-04-03 15:29:42.842 +03:00  INF]  Route matched with {action = "AddPilot", controller = "Pilots"}. Executing controller action with signature System.Threading.Tasks.Task`1[Microsoft.AspNetCore.Mvc.IActionResult] AddPilot(Core.DTOs.Incoming.PilotInDTO) on controller FlightSimulator.Controllers.PilotsController (Airport).
[2023-04-03 15:29:44.885 +03:00  INF]  Executed DbCommand (71ms) [Parameters=[@p0='?' (DbType = Int32), @p1='?' (Size = 4000), @p2='?' (Size = 4000), @p3='?' (DbType = Int32)], CommandType='"Text"', CommandTimeout='30']
SET IMPLICIT_TRANSACTIONS OFF;
SET NOCOUNT ON;
INSERT INTO [Pilots] ([Age], [FirstName], [LastName], [Rank])
OUTPUT INSERTED.[Id]
VALUES (@p0, @p1, @p2, @p3);
[2023-04-03 15:29:44.952 +03:00  WRN]  Added pilot
[2023-04-03 15:29:44.953 +03:00  INF]  Successssss adding pilot
[2023-04-03 15:29:44.965 +03:00  INF]  Executing CreatedAtActionResult, writing value of type 'Core.DTOs.Outcoming.PilotOutDTO'.
[2023-04-03 15:29:44.990 +03:00  INF]  Executed action FlightSimulator.Controllers.PilotsController.AddPilot (Airport) in 2142.8082ms
[2023-04-03 15:29:44.992 +03:00  INF]  Executed endpoint 'FlightSimulator.Controllers.PilotsController.AddPilot (Airport)'
[2023-04-03 15:29:44.995 +03:00  ERR]  An unhandled exception has occurred while executing the request.
System.InvalidOperationException: No route matches the supplied values.
   at Microsoft.AspNetCore.Mvc.CreatedAtActionResult.OnFormatting(ActionContext context)
   at Microsoft.AspNetCore.Mvc.Infrastructure.ObjectResultExecutor.ExecuteAsyncCore(ActionContext context, ObjectResult result, Type objectType, Object value)
   at Microsoft.AspNetCore.Mvc.Infrastructure.ObjectResultExecutor.ExecuteAsync(ActionContext context, ObjectResult result)
   at Microsoft.AspNetCore.Mvc.Infrastructure.ResourceInvoker.ResultNext[TFilter,TFilterAsync](State& next, Scope& scope, Object& state, Boolean& isCompleted)
   at Microsoft.AspNetCore.Mvc.Infrastructure.ResourceInvoker.InvokeNextResultFilterAsync[TFilter,TFilterAsync]()
--- End of stack trace from previous location ---
   at Microsoft.AspNetCore.Mvc.Infrastructure.ResourceInvoker.Rethrow(ResultExecutedContextSealed context)
   at Microsoft.AspNetCore.Mvc.Infrastructure.ResourceInvoker.ResultNext[TFilter,TFilterAsync](State& next, Scope& scope, Object& state, Boolean& isCompleted)
   at Microsoft.AspNetCore.Mvc.Infrastructure.ResourceInvoker.InvokeResultFilters()
--- End of stack trace from previous location ---
   at Microsoft.AspNetCore.Mvc.Infrastructure.ResourceInvoker.<InvokeFilterPipelineAsync>g__Awaited|20_0(ResourceInvoker invoker, Task lastTask, State next, Scope scope, Object state, Boolean isCompleted)
   at Microsoft.AspNetCore.Mvc.Infrastructure.ResourceInvoker.<InvokeAsync>g__Logged|17_1(ResourceInvoker invoker)
   at Microsoft.AspNetCore.Mvc.Infrastructure.ResourceInvoker.<InvokeAsync>g__Logged|17_1(ResourceInvoker invoker)
   at Microsoft.AspNetCore.Routing.EndpointMiddleware.<Invoke>g__AwaitRequestTask|6_0(Endpoint endpoint, Task requestTask, ILogger logger)
   at Microsoft.AspNetCore.Authorization.AuthorizationMiddleware.Invoke(HttpContext context)
   at Swashbuckle.AspNetCore.SwaggerUI.SwaggerUIMiddleware.Invoke(HttpContext httpContext)
   at Swashbuckle.AspNetCore.Swagger.SwaggerMiddleware.Invoke(HttpContext httpContext, ISwaggerProvider swaggerProvider)
   at Microsoft.AspNetCore.Authentication.AuthenticationMiddleware.Invoke(HttpContext context)
   at Microsoft.AspNetCore.Diagnostics.DeveloperExceptionPageMiddlewareImpl.Invoke(HttpContext context)
[2023-04-03 15:29:45.033 +03:00  INF]  Request finished HTTP/2 POST https://localhost:7297/api/Pilots/AddPilot application/json 73 - 500 - text/plain;+charset=utf-8 2222.8084ms
[2023-04-03 15:30:28.037 +03:00  INF]  Now listening on: https://localhost:7297
[2023-04-03 15:30:28.179 +03:00  INF]  Now listening on: http://localhost:5128
[2023-04-03 15:30:28.181 +03:00  INF]  Application started. Press Ctrl+C to shut down.
[2023-04-03 15:30:28.182 +03:00  INF]  Hosting environment: Development
[2023-04-03 15:30:28.182 +03:00  INF]  Content root path: C:\Users\Aviv\OneDrive\שולחן העבודה\GitHubProjects\AirportProject\Server\Airport
[2023-04-03 15:30:29.368 +03:00  INF]  Request starting HTTP/2 GET https://localhost:7297/swagger/index.html - -
[2023-04-03 15:30:29.644 +03:00  INF]  Request finished HTTP/2 GET https://localhost:7297/swagger/index.html - - - 200 - text/html;charset=utf-8 279.5668ms
[2023-04-03 15:30:29.662 +03:00  INF]  Request starting HTTP/2 GET https://localhost:7297/_framework/aspnetcore-browser-refresh.js - -
[2023-04-03 15:30:29.674 +03:00  INF]  Request finished HTTP/2 GET https://localhost:7297/_framework/aspnetcore-browser-refresh.js - - - 200 11984 application/javascript;+charset=utf-8 11.3528ms
[2023-04-03 15:30:29.721 +03:00  INF]  Request starting HTTP/2 GET https://localhost:7297/_vs/browserLink - -
[2023-04-03 15:30:29.783 +03:00  INF]  Request finished HTTP/2 GET https://localhost:7297/_vs/browserLink - - - 200 - text/javascript;+charset=UTF-8 61.7138ms
[2023-04-03 15:30:29.904 +03:00  INF]  Request starting HTTP/2 GET https://localhost:7297/swagger/v1/swagger.json - -
[2023-04-03 15:30:30.052 +03:00  INF]  Request finished HTTP/2 GET https://localhost:7297/swagger/v1/swagger.json - - - 200 - application/json;charset=utf-8 148.2764ms
[2023-04-03 15:30:43.687 +03:00  INF]  Request starting HTTP/2 POST https://localhost:7297/api/Pilots/AddPilot application/json 73
[2023-04-03 15:30:43.696 +03:00  INF]  CORS policy execution successful.
[2023-04-03 15:30:43.702 +03:00  INF]  Executing endpoint 'FlightSimulator.Controllers.PilotsController.AddPilot (Airport)'
[2023-04-03 15:30:43.722 +03:00  INF]  Route matched with {action = "AddPilot", controller = "Pilots"}. Executing controller action with signature System.Threading.Tasks.Task`1[Microsoft.AspNetCore.Mvc.IActionResult] AddPilot(Core.DTOs.Incoming.PilotInDTO) on controller FlightSimulator.Controllers.PilotsController (Airport).
[2023-04-03 15:30:45.747 +03:00  INF]  Executed DbCommand (74ms) [Parameters=[@p0='?' (DbType = Int32), @p1='?' (Size = 4000), @p2='?' (Size = 4000), @p3='?' (DbType = Int32)], CommandType='"Text"', CommandTimeout='30']
SET IMPLICIT_TRANSACTIONS OFF;
SET NOCOUNT ON;
INSERT INTO [Pilots] ([Age], [FirstName], [LastName], [Rank])
OUTPUT INSERTED.[Id]
VALUES (@p0, @p1, @p2, @p3);
[2023-04-03 15:30:45.820 +03:00  WRN]  Added pilot
[2023-04-03 15:30:45.820 +03:00  INF]  Successssss adding pilot
[2023-04-03 15:30:45.834 +03:00  INF]  Executing CreatedAtActionResult, writing value of type 'Core.DTOs.Outcoming.PilotOutDTO'.
[2023-04-03 15:30:45.864 +03:00  INF]  Executed action FlightSimulator.Controllers.PilotsController.AddPilot (Airport) in 2135.3138ms
[2023-04-03 15:30:45.866 +03:00  INF]  Executed endpoint 'FlightSimulator.Controllers.PilotsController.AddPilot (Airport)'
[2023-04-03 15:30:45.869 +03:00  ERR]  An unhandled exception has occurred while executing the request.
System.InvalidOperationException: No route matches the supplied values.
   at Microsoft.AspNetCore.Mvc.CreatedAtActionResult.OnFormatting(ActionContext context)
   at Microsoft.AspNetCore.Mvc.Infrastructure.ObjectResultExecutor.ExecuteAsyncCore(ActionContext context, ObjectResult result, Type objectType, Object value)
   at Microsoft.AspNetCore.Mvc.Infrastructure.ObjectResultExecutor.ExecuteAsync(ActionContext context, ObjectResult result)
   at Microsoft.AspNetCore.Mvc.Infrastructure.ResourceInvoker.ResultNext[TFilter,TFilterAsync](State& next, Scope& scope, Object& state, Boolean& isCompleted)
   at Microsoft.AspNetCore.Mvc.Infrastructure.ResourceInvoker.InvokeNextResultFilterAsync[TFilter,TFilterAsync]()
--- End of stack trace from previous location ---
   at Microsoft.AspNetCore.Mvc.Infrastructure.ResourceInvoker.Rethrow(ResultExecutedContextSealed context)
   at Microsoft.AspNetCore.Mvc.Infrastructure.ResourceInvoker.ResultNext[TFilter,TFilterAsync](State& next, Scope& scope, Object& state, Boolean& isCompleted)
   at Microsoft.AspNetCore.Mvc.Infrastructure.ResourceInvoker.InvokeResultFilters()
--- End of stack trace from previous location ---
   at Microsoft.AspNetCore.Mvc.Infrastructure.ResourceInvoker.<InvokeFilterPipelineAsync>g__Awaited|20_0(ResourceInvoker invoker, Task lastTask, State next, Scope scope, Object state, Boolean isCompleted)
   at Microsoft.AspNetCore.Mvc.Infrastructure.ResourceInvoker.<InvokeAsync>g__Logged|17_1(ResourceInvoker invoker)
   at Microsoft.AspNetCore.Mvc.Infrastructure.ResourceInvoker.<InvokeAsync>g__Logged|17_1(ResourceInvoker invoker)
   at Microsoft.AspNetCore.Routing.EndpointMiddleware.<Invoke>g__AwaitRequestTask|6_0(Endpoint endpoint, Task requestTask, ILogger logger)
   at Microsoft.AspNetCore.Authorization.AuthorizationMiddleware.Invoke(HttpContext context)
   at Swashbuckle.AspNetCore.SwaggerUI.SwaggerUIMiddleware.Invoke(HttpContext httpContext)
   at Swashbuckle.AspNetCore.Swagger.SwaggerMiddleware.Invoke(HttpContext httpContext, ISwaggerProvider swaggerProvider)
   at Microsoft.AspNetCore.Authentication.AuthenticationMiddleware.Invoke(HttpContext context)
   at Microsoft.AspNetCore.Diagnostics.DeveloperExceptionPageMiddlewareImpl.Invoke(HttpContext context)
[2023-04-03 15:30:45.912 +03:00  INF]  Request finished HTTP/2 POST https://localhost:7297/api/Pilots/AddPilot application/json 73 - 500 - text/plain;+charset=utf-8 2224.9087ms
[2023-04-03 15:31:12.876 +03:00  INF]  Now listening on: https://localhost:7297
[2023-04-03 15:31:13.018 +03:00  INF]  Now listening on: http://localhost:5128
[2023-04-03 15:31:13.021 +03:00  INF]  Application started. Press Ctrl+C to shut down.
[2023-04-03 15:31:13.021 +03:00  INF]  Hosting environment: Development
[2023-04-03 15:31:13.021 +03:00  INF]  Content root path: C:\Users\Aviv\OneDrive\שולחן העבודה\GitHubProjects\AirportProject\Server\Airport
[2023-04-03 15:31:14.495 +03:00  INF]  Request starting HTTP/2 GET https://localhost:7297/swagger/index.html - -
[2023-04-03 15:31:14.802 +03:00  INF]  Request finished HTTP/2 GET https://localhost:7297/swagger/index.html - - - 200 - text/html;charset=utf-8 309.0732ms
[2023-04-03 15:31:14.814 +03:00  INF]  Request starting HTTP/2 GET https://localhost:7297/_framework/aspnetcore-browser-refresh.js - -
[2023-04-03 15:31:14.820 +03:00  INF]  Request finished HTTP/2 GET https://localhost:7297/_framework/aspnetcore-browser-refresh.js - - - 200 11984 application/javascript;+charset=utf-8 6.1300ms
[2023-04-03 15:31:14.883 +03:00  INF]  Request starting HTTP/2 GET https://localhost:7297/_vs/browserLink - -
[2023-04-03 15:31:14.945 +03:00  INF]  Request finished HTTP/2 GET https://localhost:7297/_vs/browserLink - - - 200 - text/javascript;+charset=UTF-8 61.4424ms
[2023-04-03 15:31:15.064 +03:00  INF]  Request starting HTTP/2 GET https://localhost:7297/swagger/v1/swagger.json - -
[2023-04-03 15:31:15.221 +03:00  INF]  Request finished HTTP/2 GET https://localhost:7297/swagger/v1/swagger.json - - - 200 - application/json;charset=utf-8 157.4021ms
[2023-04-03 15:31:31.034 +03:00  INF]  Request starting HTTP/2 POST https://localhost:7297/api/Pilots/AddPilot application/json 76
[2023-04-03 15:31:31.042 +03:00  INF]  CORS policy execution successful.
[2023-04-03 15:31:31.046 +03:00  INF]  Executing endpoint 'FlightSimulator.Controllers.PilotsController.AddPilot (Airport)'
[2023-04-03 15:31:31.067 +03:00  INF]  Route matched with {action = "AddPilot", controller = "Pilots"}. Executing controller action with signature System.Threading.Tasks.Task`1[Microsoft.AspNetCore.Mvc.IActionResult] AddPilot(Core.DTOs.Incoming.PilotInDTO) on controller FlightSimulator.Controllers.PilotsController (Airport).
[2023-04-03 15:31:33.064 +03:00  INF]  Executed DbCommand (71ms) [Parameters=[@p0='?' (DbType = Int32), @p1='?' (Size = 4000), @p2='?' (Size = 4000), @p3='?' (DbType = Int32)], CommandType='"Text"', CommandTimeout='30']
SET IMPLICIT_TRANSACTIONS OFF;
SET NOCOUNT ON;
INSERT INTO [Pilots] ([Age], [FirstName], [LastName], [Rank])
OUTPUT INSERTED.[Id]
VALUES (@p0, @p1, @p2, @p3);
[2023-04-03 15:31:33.130 +03:00  WRN]  Added pilot
[2023-04-03 15:31:33.131 +03:00  INF]  Successssss adding pilot
[2023-04-03 15:31:33.143 +03:00  INF]  Executing OkObjectResult, writing value of type 'Core.DTOs.Outcoming.PilotOutDTO'.
[2023-04-03 15:31:33.155 +03:00  INF]  Executed action FlightSimulator.Controllers.PilotsController.AddPilot (Airport) in 2082.0451ms
[2023-04-03 15:31:33.156 +03:00  INF]  Executed endpoint 'FlightSimulator.Controllers.PilotsController.AddPilot (Airport)'
[2023-04-03 15:31:33.164 +03:00  INF]  Request finished HTTP/2 POST https://localhost:7297/api/Pilots/AddPilot application/json 76 - 200 - application/json;+charset=utf-8 2129.9310ms
