[2023-04-05 00:09:03.527 +03:00  INF]  Now listening on: https://localhost:7297
[2023-04-05 00:09:03.678 +03:00  INF]  Now listening on: http://localhost:5128
[2023-04-05 00:09:03.681 +03:00  INF]  Application started. Press Ctrl+C to shut down.
[2023-04-05 00:09:03.682 +03:00  INF]  Hosting environment: Development
[2023-04-05 00:09:03.682 +03:00  INF]  Content root path: C:\Users\Aviv\OneDrive\שולחן העבודה\GitHubProjects\AirportProject\Server\Airport
[2023-04-05 00:09:04.442 +03:00  INF]  Request starting HTTP/2 GET https://localhost:7297/swagger/index.html - -
[2023-04-05 00:09:04.734 +03:00  INF]  Request finished HTTP/2 GET https://localhost:7297/swagger/index.html - - - 200 - text/html;charset=utf-8 294.5306ms
[2023-04-05 00:09:04.840 +03:00  INF]  Request starting HTTP/2 GET https://localhost:7297/_vs/browserLink - -
[2023-04-05 00:09:04.841 +03:00  INF]  Request starting HTTP/2 GET https://localhost:7297/_framework/aspnetcore-browser-refresh.js - -
[2023-04-05 00:09:04.855 +03:00  INF]  Request finished HTTP/2 GET https://localhost:7297/_framework/aspnetcore-browser-refresh.js - - - 200 11984 application/javascript;+charset=utf-8 13.9230ms
[2023-04-05 00:09:04.902 +03:00  INF]  Request finished HTTP/2 GET https://localhost:7297/_vs/browserLink - - - 200 - text/javascript;+charset=UTF-8 62.5081ms
[2023-04-05 00:09:05.016 +03:00  INF]  Request starting HTTP/2 GET https://localhost:7297/swagger/v1/swagger.json - -
[2023-04-05 00:09:05.165 +03:00  INF]  Request finished HTTP/2 GET https://localhost:7297/swagger/v1/swagger.json - - - 200 - application/json;charset=utf-8 149.3770ms
[2023-04-05 00:09:11.937 +03:00  INF]  Request starting HTTP/2 POST https://localhost:7297/api/Flights/AddDepartureFlight application/json 331
[2023-04-05 00:09:11.945 +03:00  INF]  CORS policy execution successful.
[2023-04-05 00:09:11.950 +03:00  INF]  Executing endpoint 'FlightSimulator.Controllers.FlightsController.AddDepartureFlight (Airport)'
[2023-04-05 00:09:11.972 +03:00  INF]  Route matched with {action = "AddDepartureFlight", controller = "Flights"}. Executing controller action with signature System.Threading.Tasks.Task`1[Microsoft.AspNetCore.Mvc.IActionResult] AddDepartureFlight(Core.DTOs.Incoming.FlightInDTO) on controller FlightSimulator.Controllers.FlightsController (Airport).
[2023-04-05 00:09:14.043 +03:00  INF]  Executed DbCommand (64ms) [Parameters=[@p0='?' (Size = 4000), @p1='?' (Size = 4000), @p2='?' (DbType = Int32), @p3='?' (Size = 4000), @p4='?' (Size = 4000), @p5='?' (DbType = Int32)], CommandType='"Text"', CommandTimeout='30']
SET NOCOUNT ON;
INSERT INTO [Company] ([Country], [Name])
OUTPUT INSERTED.[Id]
VALUES (@p0, @p1);
INSERT INTO [Pilots] ([Age], [FirstName], [LastName], [Rank])
OUTPUT INSERTED.[Id]
VALUES (@p2, @p3, @p4, @p5);
[2023-04-05 00:09:14.091 +03:00  INF]  Executed DbCommand (5ms) [Parameters=[@p6='?' (DbType = Int32), @p7='?' (Size = 4000), @p8='?' (DbType = Int32)], CommandType='"Text"', CommandTimeout='30']
SET IMPLICIT_TRANSACTIONS OFF;
SET NOCOUNT ON;
INSERT INTO [Plain] ([CompanyId], [Model], [PassangerCount])
OUTPUT INSERTED.[Id]
VALUES (@p6, @p7, @p8);
[2023-04-05 00:09:14.097 +03:00  INF]  Executed DbCommand (4ms) [Parameters=[@p9='?' (DbType = Guid), @p10='?' (DbType = Boolean), @p11='?' (DbType = Int32), @p12='?' (DbType = Int32)], CommandType='"Text"', CommandTimeout='30']
SET IMPLICIT_TRANSACTIONS OFF;
SET NOCOUNT ON;
INSERT INTO [Flights] ([Code], [IsDeparture], [PilotId], [PlainId])
OUTPUT INSERTED.[Id]
VALUES (@p9, @p10, @p11, @p12);
[2023-04-05 00:09:14.136 +03:00  WRN]  Added flight
[2023-04-05 00:09:14.345 +03:00  INF]  Executed DbCommand (4ms) [Parameters=[], CommandType='"Text"', CommandTimeout='30']
SELECT [l].[Id], [l].[CurrentLeg], [l].[LegType], [l].[NextPosibbleLegs], [l].[PauseTime]
FROM [Legs] AS [l]
[2023-04-05 00:09:14.370 +03:00  INF]  Got all legs from db!
[2023-04-05 00:09:14.426 +03:00  INF]  Executed DbCommand (5ms) [Parameters=[@p0='?' (DbType = DateTime2), @p1='?' (DbType = DateTime2), @p2='?' (DbType = Int32), @p3='?' (DbType = Int32), @p4='?' (Size = 4000)], CommandType='"Text"', CommandTimeout='30']
SET IMPLICIT_TRANSACTIONS OFF;
SET NOCOUNT ON;
INSERT INTO [ProcessLogger] ([EnterTime], [ExitTime], [FlightId], [LegId], [Message])
OUTPUT INSERTED.[Id]
VALUES (@p0, @p1, @p2, @p3, @p4);
[2023-04-05 00:09:14.431 +03:00  INF]  Added log
[2023-04-05 00:09:18.558 +03:00  INF]  Executed DbCommand (2ms) [Parameters=[@__procLogId_0='?' (DbType = Int32)], CommandType='"Text"', CommandTimeout='30']
SELECT TOP(1) [p].[Id], [p].[EnterTime], [p].[ExitTime], [p].[FlightId], [p].[LegId], [p].[Message]
FROM [ProcessLogger] AS [p]
WHERE [p].[Id] = @__procLogId_0
[2023-04-05 00:09:18.573 +03:00  INF]  Executed DbCommand (4ms) [Parameters=[@p5='?' (DbType = Int32), @p0='?' (DbType = DateTime2), @p1='?' (DbType = DateTime2), @p2='?' (DbType = Int32), @p3='?' (DbType = Int32), @p4='?' (Size = 4000)], CommandType='"Text"', CommandTimeout='30']
SET IMPLICIT_TRANSACTIONS OFF;
SET NOCOUNT ON;
UPDATE [ProcessLogger] SET [EnterTime] = @p0, [ExitTime] = @p1, [FlightId] = @p2, [LegId] = @p3, [Message] = @p4
OUTPUT 1
WHERE [Id] = @p5;
[2023-04-05 00:09:18.576 +03:00  INF]  updated log
[2023-04-05 00:09:18.581 +03:00  INF]  Executed DbCommand (2ms) [Parameters=[@p0='?' (DbType = DateTime2), @p1='?' (DbType = DateTime2), @p2='?' (DbType = Int32), @p3='?' (DbType = Int32), @p4='?' (Size = 4000)], CommandType='"Text"', CommandTimeout='30']
SET IMPLICIT_TRANSACTIONS OFF;
SET NOCOUNT ON;
INSERT INTO [ProcessLogger] ([EnterTime], [ExitTime], [FlightId], [LegId], [Message])
OUTPUT INSERTED.[Id]
VALUES (@p0, @p1, @p2, @p3, @p4);
[2023-04-05 00:09:18.582 +03:00  INF]  Added log
[2023-04-05 00:09:22.086 +03:00  INF]  Request starting HTTP/2 POST https://localhost:7297/api/Flights/AddLandingFlight application/json 331
[2023-04-05 00:09:22.090 +03:00  INF]  CORS policy execution successful.
[2023-04-05 00:09:22.090 +03:00  INF]  Executing endpoint 'FlightSimulator.Controllers.FlightsController.AddLandingFlight (Airport)'
[2023-04-05 00:09:22.096 +03:00  INF]  Route matched with {action = "AddLandingFlight", controller = "Flights"}. Executing controller action with signature System.Threading.Tasks.Task`1[Microsoft.AspNetCore.Mvc.IActionResult] AddLandingFlight(Core.DTOs.Incoming.FlightInDTO) on controller FlightSimulator.Controllers.FlightsController (Airport).
[2023-04-05 00:09:22.171 +03:00  INF]  Executed DbCommand (2ms) [Parameters=[@p0='?' (Size = 4000), @p1='?' (Size = 4000)], CommandType='"Text"', CommandTimeout='30']
SET IMPLICIT_TRANSACTIONS OFF;
SET NOCOUNT ON;
INSERT INTO [Company] ([Country], [Name])
OUTPUT INSERTED.[Id]
VALUES (@p0, @p1);
[2023-04-05 00:09:22.176 +03:00  INF]  Executed DbCommand (2ms) [Parameters=[@p2='?' (DbType = Int32), @p3='?' (Size = 4000), @p4='?' (DbType = Int32)], CommandType='"Text"', CommandTimeout='30']
SET IMPLICIT_TRANSACTIONS OFF;
SET NOCOUNT ON;
INSERT INTO [Plain] ([CompanyId], [Model], [PassangerCount])
OUTPUT INSERTED.[Id]
VALUES (@p2, @p3, @p4);
[2023-04-05 00:09:22.179 +03:00  INF]  Executed DbCommand (2ms) [Parameters=[@p5='?' (DbType = Guid), @p6='?' (DbType = Boolean), @p7='?' (DbType = Int32), @p8='?' (DbType = Int32)], CommandType='"Text"', CommandTimeout='30']
SET IMPLICIT_TRANSACTIONS OFF;
SET NOCOUNT ON;
INSERT INTO [Flights] ([Code], [IsDeparture], [PilotId], [PlainId])
OUTPUT INSERTED.[Id]
VALUES (@p5, @p6, @p7, @p8);
[2023-04-05 00:09:22.180 +03:00  WRN]  Added flight
[2023-04-05 00:09:22.183 +03:00  INF]  Executed DbCommand (2ms) [Parameters=[@p0='?' (DbType = DateTime2), @p1='?' (DbType = DateTime2), @p2='?' (DbType = Int32), @p3='?' (DbType = Int32), @p4='?' (Size = 4000)], CommandType='"Text"', CommandTimeout='30']
SET IMPLICIT_TRANSACTIONS OFF;
SET NOCOUNT ON;
INSERT INTO [ProcessLogger] ([EnterTime], [ExitTime], [FlightId], [LegId], [Message])
OUTPUT INSERTED.[Id]
VALUES (@p0, @p1, @p2, @p3, @p4);
[2023-04-05 00:09:22.184 +03:00  INF]  Added log
[2023-04-05 00:09:23.604 +03:00  INF]  Executed DbCommand (1ms) [Parameters=[@__procLogId_0='?' (DbType = Int32)], CommandType='"Text"', CommandTimeout='30']
SELECT TOP(1) [p].[Id], [p].[EnterTime], [p].[ExitTime], [p].[FlightId], [p].[LegId], [p].[Message]
FROM [ProcessLogger] AS [p]
WHERE [p].[Id] = @__procLogId_0
[2023-04-05 00:09:23.608 +03:00  INF]  Executed DbCommand (1ms) [Parameters=[@p5='?' (DbType = Int32), @p0='?' (DbType = DateTime2), @p1='?' (DbType = DateTime2), @p2='?' (DbType = Int32), @p3='?' (DbType = Int32), @p4='?' (Size = 4000)], CommandType='"Text"', CommandTimeout='30']
SET IMPLICIT_TRANSACTIONS OFF;
SET NOCOUNT ON;
UPDATE [ProcessLogger] SET [EnterTime] = @p0, [ExitTime] = @p1, [FlightId] = @p2, [LegId] = @p3, [Message] = @p4
OUTPUT 1
WHERE [Id] = @p5;
[2023-04-05 00:09:23.608 +03:00  INF]  updated log
[2023-04-05 00:09:23.610 +03:00  INF]  Executed DbCommand (1ms) [Parameters=[@p0='?' (DbType = DateTime2), @p1='?' (DbType = DateTime2), @p2='?' (DbType = Int32), @p3='?' (DbType = Int32), @p4='?' (Size = 4000)], CommandType='"Text"', CommandTimeout='30']
SET IMPLICIT_TRANSACTIONS OFF;
SET NOCOUNT ON;
INSERT INTO [ProcessLogger] ([EnterTime], [ExitTime], [FlightId], [LegId], [Message])
OUTPUT INSERTED.[Id]
VALUES (@p0, @p1, @p2, @p3, @p4);
[2023-04-05 00:09:23.611 +03:00  INF]  Added log
[2023-04-05 00:09:25.200 +03:00  INF]  Executed DbCommand (1ms) [Parameters=[@__procLogId_0='?' (DbType = Int32)], CommandType='"Text"', CommandTimeout='30']
SELECT TOP(1) [p].[Id], [p].[EnterTime], [p].[ExitTime], [p].[FlightId], [p].[LegId], [p].[Message]
FROM [ProcessLogger] AS [p]
WHERE [p].[Id] = @__procLogId_0
[2023-04-05 00:09:25.203 +03:00  INF]  Executed DbCommand (1ms) [Parameters=[@p5='?' (DbType = Int32), @p0='?' (DbType = DateTime2), @p1='?' (DbType = DateTime2), @p2='?' (DbType = Int32), @p3='?' (DbType = Int32), @p4='?' (Size = 4000)], CommandType='"Text"', CommandTimeout='30']
SET IMPLICIT_TRANSACTIONS OFF;
SET NOCOUNT ON;
UPDATE [ProcessLogger] SET [EnterTime] = @p0, [ExitTime] = @p1, [FlightId] = @p2, [LegId] = @p3, [Message] = @p4
OUTPUT 1
WHERE [Id] = @p5;
[2023-04-05 00:09:25.203 +03:00  INF]  updated log
[2023-04-05 00:09:25.205 +03:00  INF]  Executed DbCommand (1ms) [Parameters=[@p0='?' (DbType = DateTime2), @p1='?' (DbType = DateTime2), @p2='?' (DbType = Int32), @p3='?' (DbType = Int32), @p4='?' (Size = 4000)], CommandType='"Text"', CommandTimeout='30']
SET IMPLICIT_TRANSACTIONS OFF;
SET NOCOUNT ON;
INSERT INTO [ProcessLogger] ([EnterTime], [ExitTime], [FlightId], [LegId], [Message])
OUTPUT INSERTED.[Id]
VALUES (@p0, @p1, @p2, @p3, @p4);
[2023-04-05 00:09:25.206 +03:00  INF]  Added log
[2023-04-05 00:09:25.623 +03:00  INF]  Executed DbCommand (1ms) [Parameters=[@__procLogId_0='?' (DbType = Int32)], CommandType='"Text"', CommandTimeout='30']
SELECT TOP(1) [p].[Id], [p].[EnterTime], [p].[ExitTime], [p].[FlightId], [p].[LegId], [p].[Message]
FROM [ProcessLogger] AS [p]
WHERE [p].[Id] = @__procLogId_0
[2023-04-05 00:09:25.626 +03:00  INF]  Executed DbCommand (1ms) [Parameters=[@p5='?' (DbType = Int32), @p0='?' (DbType = DateTime2), @p1='?' (DbType = DateTime2), @p2='?' (DbType = Int32), @p3='?' (DbType = Int32), @p4='?' (Size = 4000)], CommandType='"Text"', CommandTimeout='30']
SET IMPLICIT_TRANSACTIONS OFF;
SET NOCOUNT ON;
UPDATE [ProcessLogger] SET [EnterTime] = @p0, [ExitTime] = @p1, [FlightId] = @p2, [LegId] = @p3, [Message] = @p4
OUTPUT 1
WHERE [Id] = @p5;
[2023-04-05 00:09:25.626 +03:00  INF]  updated log
[2023-04-05 00:09:25.631 +03:00  ERR]  Successssss
[2023-04-05 00:09:25.638 +03:00  INF]  Executing StatusCodeResult, setting HTTP status code 200
[2023-04-05 00:09:25.644 +03:00  INF]  Executed action FlightSimulator.Controllers.FlightsController.AddDepartureFlight (Airport) in 13666.6511ms
[2023-04-05 00:09:25.645 +03:00  INF]  Executed endpoint 'FlightSimulator.Controllers.FlightsController.AddDepartureFlight (Airport)'
[2023-04-05 00:09:25.654 +03:00  INF]  Request finished HTTP/2 POST https://localhost:7297/api/Flights/AddDepartureFlight application/json 331 - 200 0 - 13717.0827ms
[2023-04-05 00:09:28.398 +03:00  INF]  Request starting HTTP/2 POST https://localhost:7297/api/Pilots/AddPilot application/json 76
[2023-04-05 00:09:28.399 +03:00  INF]  CORS policy execution successful.
[2023-04-05 00:09:28.400 +03:00  INF]  Executing endpoint 'FlightSimulator.Controllers.PilotsController.AddPilot (Airport)'
[2023-04-05 00:09:28.404 +03:00  INF]  Route matched with {action = "AddPilot", controller = "Pilots"}. Executing controller action with signature System.Threading.Tasks.Task`1[Microsoft.AspNetCore.Mvc.IActionResult] AddPilot(Core.DTOs.Incoming.PilotInDTO) on controller FlightSimulator.Controllers.PilotsController (Airport).
[2023-04-05 00:09:28.431 +03:00  INF]  Executed DbCommand (3ms) [Parameters=[@p0='?' (DbType = Int32), @p1='?' (Size = 4000), @p2='?' (Size = 4000), @p3='?' (DbType = Int32)], CommandType='"Text"', CommandTimeout='30']
SET IMPLICIT_TRANSACTIONS OFF;
SET NOCOUNT ON;
INSERT INTO [Pilots] ([Age], [FirstName], [LastName], [Rank])
OUTPUT INSERTED.[Id]
VALUES (@p0, @p1, @p2, @p3);
[2023-04-05 00:09:28.433 +03:00  WRN]  Added pilot
[2023-04-05 00:09:28.433 +03:00  INF]  Successssss adding pilot
[2023-04-05 00:09:28.444 +03:00  INF]  Executing OkObjectResult, writing value of type 'Core.DTOs.Outcoming.PilotOutDTO'.
[2023-04-05 00:09:28.450 +03:00  INF]  Executed action FlightSimulator.Controllers.PilotsController.AddPilot (Airport) in 46.5718ms
[2023-04-05 00:09:28.451 +03:00  INF]  Executed endpoint 'FlightSimulator.Controllers.PilotsController.AddPilot (Airport)'
[2023-04-05 00:09:28.451 +03:00  INF]  Request finished HTTP/2 POST https://localhost:7297/api/Pilots/AddPilot application/json 76 - 200 - application/json;+charset=utf-8 53.1399ms
[2023-04-05 00:09:29.217 +03:00  INF]  Executed DbCommand (1ms) [Parameters=[@__procLogId_0='?' (DbType = Int32)], CommandType='"Text"', CommandTimeout='30']
SELECT TOP(1) [p].[Id], [p].[EnterTime], [p].[ExitTime], [p].[FlightId], [p].[LegId], [p].[Message]
FROM [ProcessLogger] AS [p]
WHERE [p].[Id] = @__procLogId_0
[2023-04-05 00:09:29.219 +03:00  INF]  Executed DbCommand (1ms) [Parameters=[@p5='?' (DbType = Int32), @p0='?' (DbType = DateTime2), @p1='?' (DbType = DateTime2), @p2='?' (DbType = Int32), @p3='?' (DbType = Int32), @p4='?' (Size = 4000)], CommandType='"Text"', CommandTimeout='30']
SET IMPLICIT_TRANSACTIONS OFF;
SET NOCOUNT ON;
UPDATE [ProcessLogger] SET [EnterTime] = @p0, [ExitTime] = @p1, [FlightId] = @p2, [LegId] = @p3, [Message] = @p4
OUTPUT 1
WHERE [Id] = @p5;
[2023-04-05 00:09:29.220 +03:00  INF]  updated log
[2023-04-05 00:09:29.222 +03:00  INF]  Executed DbCommand (1ms) [Parameters=[@p0='?' (DbType = DateTime2), @p1='?' (DbType = DateTime2), @p2='?' (DbType = Int32), @p3='?' (DbType = Int32), @p4='?' (Size = 4000)], CommandType='"Text"', CommandTimeout='30']
SET IMPLICIT_TRANSACTIONS OFF;
SET NOCOUNT ON;
INSERT INTO [ProcessLogger] ([EnterTime], [ExitTime], [FlightId], [LegId], [Message])
OUTPUT INSERTED.[Id]
VALUES (@p0, @p1, @p2, @p3, @p4);
[2023-04-05 00:09:29.223 +03:00  INF]  Added log
[2023-04-05 00:09:34.232 +03:00  INF]  Executed DbCommand (1ms) [Parameters=[@__procLogId_0='?' (DbType = Int32)], CommandType='"Text"', CommandTimeout='30']
SELECT TOP(1) [p].[Id], [p].[EnterTime], [p].[ExitTime], [p].[FlightId], [p].[LegId], [p].[Message]
FROM [ProcessLogger] AS [p]
WHERE [p].[Id] = @__procLogId_0
[2023-04-05 00:09:34.235 +03:00  INF]  Executed DbCommand (2ms) [Parameters=[@p5='?' (DbType = Int32), @p0='?' (DbType = DateTime2), @p1='?' (DbType = DateTime2), @p2='?' (DbType = Int32), @p3='?' (DbType = Int32), @p4='?' (Size = 4000)], CommandType='"Text"', CommandTimeout='30']
SET IMPLICIT_TRANSACTIONS OFF;
SET NOCOUNT ON;
UPDATE [ProcessLogger] SET [EnterTime] = @p0, [ExitTime] = @p1, [FlightId] = @p2, [LegId] = @p3, [Message] = @p4
OUTPUT 1
WHERE [Id] = @p5;
[2023-04-05 00:09:34.235 +03:00  INF]  updated log
[2023-04-05 00:09:34.238 +03:00  INF]  Executed DbCommand (2ms) [Parameters=[@p0='?' (DbType = DateTime2), @p1='?' (DbType = DateTime2), @p2='?' (DbType = Int32), @p3='?' (DbType = Int32), @p4='?' (Size = 4000)], CommandType='"Text"', CommandTimeout='30']
SET IMPLICIT_TRANSACTIONS OFF;
SET NOCOUNT ON;
INSERT INTO [ProcessLogger] ([EnterTime], [ExitTime], [FlightId], [LegId], [Message])
OUTPUT INSERTED.[Id]
VALUES (@p0, @p1, @p2, @p3, @p4);
[2023-04-05 00:09:34.239 +03:00  INF]  Added log
[2023-04-05 00:09:36.242 +03:00  INF]  Executed DbCommand (2ms) [Parameters=[@__procLogId_0='?' (DbType = Int32)], CommandType='"Text"', CommandTimeout='30']
SELECT TOP(1) [p].[Id], [p].[EnterTime], [p].[ExitTime], [p].[FlightId], [p].[LegId], [p].[Message]
FROM [ProcessLogger] AS [p]
WHERE [p].[Id] = @__procLogId_0
[2023-04-05 00:09:36.245 +03:00  INF]  Executed DbCommand (1ms) [Parameters=[@p5='?' (DbType = Int32), @p0='?' (DbType = DateTime2), @p1='?' (DbType = DateTime2), @p2='?' (DbType = Int32), @p3='?' (DbType = Int32), @p4='?' (Size = 4000)], CommandType='"Text"', CommandTimeout='30']
SET IMPLICIT_TRANSACTIONS OFF;
SET NOCOUNT ON;
UPDATE [ProcessLogger] SET [EnterTime] = @p0, [ExitTime] = @p1, [FlightId] = @p2, [LegId] = @p3, [Message] = @p4
OUTPUT 1
WHERE [Id] = @p5;
[2023-04-05 00:09:36.245 +03:00  INF]  updated log
[2023-04-05 00:09:36.247 +03:00  INF]  Executed DbCommand (1ms) [Parameters=[@p0='?' (DbType = DateTime2), @p1='?' (DbType = DateTime2), @p2='?' (DbType = Int32), @p3='?' (DbType = Int32), @p4='?' (Size = 4000)], CommandType='"Text"', CommandTimeout='30']
SET IMPLICIT_TRANSACTIONS OFF;
SET NOCOUNT ON;
INSERT INTO [ProcessLogger] ([EnterTime], [ExitTime], [FlightId], [LegId], [Message])
OUTPUT INSERTED.[Id]
VALUES (@p0, @p1, @p2, @p3, @p4);
[2023-04-05 00:09:36.248 +03:00  INF]  Added log
[2023-04-05 00:09:39.261 +03:00  INF]  Executed DbCommand (1ms) [Parameters=[@__procLogId_0='?' (DbType = Int32)], CommandType='"Text"', CommandTimeout='30']
SELECT TOP(1) [p].[Id], [p].[EnterTime], [p].[ExitTime], [p].[FlightId], [p].[LegId], [p].[Message]
FROM [ProcessLogger] AS [p]
WHERE [p].[Id] = @__procLogId_0
[2023-04-05 00:09:39.263 +03:00  INF]  Executed DbCommand (1ms) [Parameters=[@p5='?' (DbType = Int32), @p0='?' (DbType = DateTime2), @p1='?' (DbType = DateTime2), @p2='?' (DbType = Int32), @p3='?' (DbType = Int32), @p4='?' (Size = 4000)], CommandType='"Text"', CommandTimeout='30']
SET IMPLICIT_TRANSACTIONS OFF;
SET NOCOUNT ON;
UPDATE [ProcessLogger] SET [EnterTime] = @p0, [ExitTime] = @p1, [FlightId] = @p2, [LegId] = @p3, [Message] = @p4
OUTPUT 1
WHERE [Id] = @p5;
[2023-04-05 00:09:39.264 +03:00  INF]  updated log
[2023-04-05 00:09:39.266 +03:00  INF]  Executed DbCommand (1ms) [Parameters=[@p0='?' (DbType = DateTime2), @p1='?' (DbType = DateTime2), @p2='?' (DbType = Int32), @p3='?' (DbType = Int32), @p4='?' (Size = 4000)], CommandType='"Text"', CommandTimeout='30']
SET IMPLICIT_TRANSACTIONS OFF;
SET NOCOUNT ON;
INSERT INTO [ProcessLogger] ([EnterTime], [ExitTime], [FlightId], [LegId], [Message])
OUTPUT INSERTED.[Id]
VALUES (@p0, @p1, @p2, @p3, @p4);
[2023-04-05 00:09:39.266 +03:00  INF]  Added log
[2023-04-05 00:09:43.284 +03:00  INF]  Executed DbCommand (2ms) [Parameters=[@__procLogId_0='?' (DbType = Int32)], CommandType='"Text"', CommandTimeout='30']
SELECT TOP(1) [p].[Id], [p].[EnterTime], [p].[ExitTime], [p].[FlightId], [p].[LegId], [p].[Message]
FROM [ProcessLogger] AS [p]
WHERE [p].[Id] = @__procLogId_0
[2023-04-05 00:09:43.286 +03:00  INF]  Executed DbCommand (1ms) [Parameters=[@p5='?' (DbType = Int32), @p0='?' (DbType = DateTime2), @p1='?' (DbType = DateTime2), @p2='?' (DbType = Int32), @p3='?' (DbType = Int32), @p4='?' (Size = 4000)], CommandType='"Text"', CommandTimeout='30']
SET IMPLICIT_TRANSACTIONS OFF;
SET NOCOUNT ON;
UPDATE [ProcessLogger] SET [EnterTime] = @p0, [ExitTime] = @p1, [FlightId] = @p2, [LegId] = @p3, [Message] = @p4
OUTPUT 1
WHERE [Id] = @p5;
[2023-04-05 00:09:43.287 +03:00  INF]  updated log
[2023-04-05 00:09:43.287 +03:00  ERR]  Successssss
[2023-04-05 00:09:43.288 +03:00  INF]  Executing StatusCodeResult, setting HTTP status code 200
[2023-04-05 00:09:43.288 +03:00  INF]  Executed action FlightSimulator.Controllers.FlightsController.AddLandingFlight (Airport) in 21191.8064ms
[2023-04-05 00:09:43.288 +03:00  INF]  Executed endpoint 'FlightSimulator.Controllers.FlightsController.AddLandingFlight (Airport)'
[2023-04-05 00:09:43.289 +03:00  INF]  Request finished HTTP/2 POST https://localhost:7297/api/Flights/AddLandingFlight application/json 331 - 200 0 - 21202.5364ms
[2023-04-05 02:47:57.800 +03:00  INF]  Now listening on: https://localhost:7297
[2023-04-05 02:47:57.960 +03:00  INF]  Now listening on: http://localhost:5128
[2023-04-05 02:47:57.963 +03:00  INF]  Application started. Press Ctrl+C to shut down.
[2023-04-05 02:47:57.963 +03:00  INF]  Hosting environment: Development
[2023-04-05 02:47:57.964 +03:00  INF]  Content root path: C:\Users\Aviv\OneDrive\שולחן העבודה\GitHubProjects\AirportProject\Server\Airport
[2023-04-05 02:47:58.700 +03:00  INF]  Request starting HTTP/2 GET https://localhost:7297/swagger/index.html - -
[2023-04-05 02:47:58.992 +03:00  INF]  Request finished HTTP/2 GET https://localhost:7297/swagger/index.html - - - 200 - text/html;charset=utf-8 294.5669ms
[2023-04-05 02:47:59.119 +03:00  INF]  Request starting HTTP/2 GET https://localhost:7297/_vs/browserLink - -
[2023-04-05 02:47:59.119 +03:00  INF]  Request starting HTTP/2 GET https://localhost:7297/_framework/aspnetcore-browser-refresh.js - -
[2023-04-05 02:47:59.140 +03:00  INF]  Request finished HTTP/2 GET https://localhost:7297/_framework/aspnetcore-browser-refresh.js - - - 200 11984 application/javascript;+charset=utf-8 20.8056ms
[2023-04-05 02:47:59.189 +03:00  INF]  Request finished HTTP/2 GET https://localhost:7297/_vs/browserLink - - - 200 - text/javascript;+charset=UTF-8 69.7975ms
[2023-04-05 02:47:59.324 +03:00  INF]  Request starting HTTP/2 GET https://localhost:7297/swagger/v1/swagger.json - -
[2023-04-05 02:47:59.507 +03:00  INF]  Request finished HTTP/2 GET https://localhost:7297/swagger/v1/swagger.json - - - 200 - application/json;charset=utf-8 182.6632ms
[2023-04-05 02:48:09.322 +03:00  INF]  Request starting HTTP/2 OPTIONS https://localhost:7297/flightHub/negotiate?negotiateVersion=1 - -
[2023-04-05 02:48:09.328 +03:00  INF]  CORS policy execution successful.
[2023-04-05 02:48:09.330 +03:00  INF]  Request finished HTTP/2 OPTIONS https://localhost:7297/flightHub/negotiate?negotiateVersion=1 - - - 204 - - 8.3734ms
[2023-04-05 02:48:09.333 +03:00  INF]  Request starting HTTP/2 POST https://localhost:7297/flightHub/negotiate?negotiateVersion=1 - 0
[2023-04-05 02:48:09.334 +03:00  INF]  CORS policy execution successful.
[2023-04-05 02:48:09.338 +03:00  INF]  Executing endpoint '/flightHub/negotiate'
[2023-04-05 02:48:09.354 +03:00  INF]  Executed endpoint '/flightHub/negotiate'
[2023-04-05 02:48:09.355 +03:00  INF]  Request finished HTTP/2 POST https://localhost:7297/flightHub/negotiate?negotiateVersion=1 - 0 - 200 316 application/json 21.8177ms
[2023-04-05 02:48:09.383 +03:00  INF]  Request starting HTTP/2 CONNECT https://localhost:7297/flightHub?id=r8nany92dXrlsiHXxWXnng - -
[2023-04-05 02:48:09.384 +03:00  INF]  CORS policy execution successful.
[2023-04-05 02:48:09.384 +03:00  INF]  Executing endpoint '/flightHub'
[2023-04-05 02:48:16.215 +03:00  INF]  Request starting HTTP/2 POST https://localhost:7297/api/Flights/AddDepartureFlight application/json 331
[2023-04-05 02:48:16.217 +03:00  INF]  CORS policy execution successful.
[2023-04-05 02:48:16.217 +03:00  INF]  Executing endpoint 'FlightSimulator.Controllers.FlightsController.AddDepartureFlight (Airport)'
[2023-04-05 02:48:16.240 +03:00  INF]  Route matched with {action = "AddDepartureFlight", controller = "Flights"}. Executing controller action with signature System.Threading.Tasks.Task`1[Microsoft.AspNetCore.Mvc.IActionResult] AddDepartureFlight(Core.DTOs.Incoming.FlightInDTO) on controller FlightSimulator.Controllers.FlightsController (Airport).
[2023-04-05 02:48:18.598 +03:00  INF]  Executed DbCommand (68ms) [Parameters=[@p0='?' (Size = 4000), @p1='?' (Size = 4000), @p2='?' (DbType = Int32), @p3='?' (Size = 4000), @p4='?' (Size = 4000), @p5='?' (DbType = Int32)], CommandType='"Text"', CommandTimeout='30']
SET NOCOUNT ON;
INSERT INTO [Company] ([Country], [Name])
OUTPUT INSERTED.[Id]
VALUES (@p0, @p1);
INSERT INTO [Pilots] ([Age], [FirstName], [LastName], [Rank])
OUTPUT INSERTED.[Id]
VALUES (@p2, @p3, @p4, @p5);
[2023-04-05 02:48:18.647 +03:00  INF]  Executed DbCommand (4ms) [Parameters=[@p6='?' (DbType = Int32), @p7='?' (Size = 4000), @p8='?' (DbType = Int32)], CommandType='"Text"', CommandTimeout='30']
SET IMPLICIT_TRANSACTIONS OFF;
SET NOCOUNT ON;
INSERT INTO [Plain] ([CompanyId], [Model], [PassangerCount])
OUTPUT INSERTED.[Id]
VALUES (@p6, @p7, @p8);
[2023-04-05 02:48:18.653 +03:00  INF]  Executed DbCommand (4ms) [Parameters=[@p9='?' (DbType = Guid), @p10='?' (DbType = Boolean), @p11='?' (DbType = Int32), @p12='?' (DbType = Int32)], CommandType='"Text"', CommandTimeout='30']
SET IMPLICIT_TRANSACTIONS OFF;
SET NOCOUNT ON;
INSERT INTO [Flights] ([Code], [IsDeparture], [PilotId], [PlainId])
OUTPUT INSERTED.[Id]
VALUES (@p9, @p10, @p11, @p12);
[2023-04-05 02:48:18.688 +03:00  WRN]  Added flight
[2023-04-05 02:48:18.943 +03:00  INF]  Executed DbCommand (4ms) [Parameters=[], CommandType='"Text"', CommandTimeout='30']
SELECT [l].[Id], [l].[CurrentLeg], [l].[LegType], [l].[NextPosibbleLegs], [l].[PauseTime]
FROM [Legs] AS [l]
[2023-04-05 02:48:18.981 +03:00  INF]  Got all legs from db!
[2023-04-05 02:48:19.063 +03:00  INF]  Executed DbCommand (6ms) [Parameters=[@p0='?' (DbType = DateTime2), @p1='?' (DbType = DateTime2), @p2='?' (DbType = Int32), @p3='?' (DbType = Int32), @p4='?' (Size = 4000)], CommandType='"Text"', CommandTimeout='30']
SET IMPLICIT_TRANSACTIONS OFF;
SET NOCOUNT ON;
INSERT INTO [ProcessLogger] ([EnterTime], [ExitTime], [FlightId], [LegId], [Message])
OUTPUT INSERTED.[Id]
VALUES (@p0, @p1, @p2, @p3, @p4);
[2023-04-05 02:48:19.068 +03:00  INF]  Added log
[2023-04-05 02:48:23.175 +03:00  INF]  Executed DbCommand (2ms) [Parameters=[@__procLogId_0='?' (DbType = Int32)], CommandType='"Text"', CommandTimeout='30']
SELECT TOP(1) [p].[Id], [p].[EnterTime], [p].[ExitTime], [p].[FlightId], [p].[LegId], [p].[Message]
FROM [ProcessLogger] AS [p]
WHERE [p].[Id] = @__procLogId_0
[2023-04-05 02:48:23.195 +03:00  INF]  Executed DbCommand (5ms) [Parameters=[@p5='?' (DbType = Int32), @p0='?' (DbType = DateTime2), @p1='?' (DbType = DateTime2), @p2='?' (DbType = Int32), @p3='?' (DbType = Int32), @p4='?' (Size = 4000)], CommandType='"Text"', CommandTimeout='30']
SET IMPLICIT_TRANSACTIONS OFF;
SET NOCOUNT ON;
UPDATE [ProcessLogger] SET [EnterTime] = @p0, [ExitTime] = @p1, [FlightId] = @p2, [LegId] = @p3, [Message] = @p4
OUTPUT 1
WHERE [Id] = @p5;
[2023-04-05 02:48:23.198 +03:00  INF]  updated log
[2023-04-05 02:48:23.202 +03:00  INF]  Executed DbCommand (2ms) [Parameters=[@p0='?' (DbType = DateTime2), @p1='?' (DbType = DateTime2), @p2='?' (DbType = Int32), @p3='?' (DbType = Int32), @p4='?' (Size = 4000)], CommandType='"Text"', CommandTimeout='30']
SET IMPLICIT_TRANSACTIONS OFF;
SET NOCOUNT ON;
INSERT INTO [ProcessLogger] ([EnterTime], [ExitTime], [FlightId], [LegId], [Message])
OUTPUT INSERTED.[Id]
VALUES (@p0, @p1, @p2, @p3, @p4);
[2023-04-05 02:48:23.203 +03:00  INF]  Added log
[2023-04-05 02:48:28.224 +03:00  INF]  Executed DbCommand (2ms) [Parameters=[@__procLogId_0='?' (DbType = Int32)], CommandType='"Text"', CommandTimeout='30']
SELECT TOP(1) [p].[Id], [p].[EnterTime], [p].[ExitTime], [p].[FlightId], [p].[LegId], [p].[Message]
FROM [ProcessLogger] AS [p]
WHERE [p].[Id] = @__procLogId_0
[2023-04-05 02:48:28.230 +03:00  INF]  Executed DbCommand (4ms) [Parameters=[@p5='?' (DbType = Int32), @p0='?' (DbType = DateTime2), @p1='?' (DbType = DateTime2), @p2='?' (DbType = Int32), @p3='?' (DbType = Int32), @p4='?' (Size = 4000)], CommandType='"Text"', CommandTimeout='30']
SET IMPLICIT_TRANSACTIONS OFF;
SET NOCOUNT ON;
UPDATE [ProcessLogger] SET [EnterTime] = @p0, [ExitTime] = @p1, [FlightId] = @p2, [LegId] = @p3, [Message] = @p4
OUTPUT 1
WHERE [Id] = @p5;
[2023-04-05 02:48:28.231 +03:00  INF]  updated log
[2023-04-05 02:48:28.234 +03:00  INF]  Executed DbCommand (2ms) [Parameters=[@p0='?' (DbType = DateTime2), @p1='?' (DbType = DateTime2), @p2='?' (DbType = Int32), @p3='?' (DbType = Int32), @p4='?' (Size = 4000)], CommandType='"Text"', CommandTimeout='30']
SET IMPLICIT_TRANSACTIONS OFF;
SET NOCOUNT ON;
INSERT INTO [ProcessLogger] ([EnterTime], [ExitTime], [FlightId], [LegId], [Message])
OUTPUT INSERTED.[Id]
VALUES (@p0, @p1, @p2, @p3, @p4);
[2023-04-05 02:48:28.235 +03:00  INF]  Added log
[2023-04-05 02:48:30.241 +03:00  INF]  Executed DbCommand (2ms) [Parameters=[@__procLogId_0='?' (DbType = Int32)], CommandType='"Text"', CommandTimeout='30']
SELECT TOP(1) [p].[Id], [p].[EnterTime], [p].[ExitTime], [p].[FlightId], [p].[LegId], [p].[Message]
FROM [ProcessLogger] AS [p]
WHERE [p].[Id] = @__procLogId_0
[2023-04-05 02:48:30.248 +03:00  INF]  Executed DbCommand (6ms) [Parameters=[@p5='?' (DbType = Int32), @p0='?' (DbType = DateTime2), @p1='?' (DbType = DateTime2), @p2='?' (DbType = Int32), @p3='?' (DbType = Int32), @p4='?' (Size = 4000)], CommandType='"Text"', CommandTimeout='30']
SET IMPLICIT_TRANSACTIONS OFF;
SET NOCOUNT ON;
UPDATE [ProcessLogger] SET [EnterTime] = @p0, [ExitTime] = @p1, [FlightId] = @p2, [LegId] = @p3, [Message] = @p4
OUTPUT 1
WHERE [Id] = @p5;
[2023-04-05 02:48:30.249 +03:00  INF]  updated log
[2023-04-05 02:48:30.253 +03:00  ERR]  Successssss
[2023-04-05 02:48:30.262 +03:00  INF]  Executing StatusCodeResult, setting HTTP status code 200
[2023-04-05 02:48:30.270 +03:00  INF]  Executed action FlightSimulator.Controllers.FlightsController.AddDepartureFlight (Airport) in 14022.9716ms
[2023-04-05 02:48:30.271 +03:00  INF]  Executed endpoint 'FlightSimulator.Controllers.FlightsController.AddDepartureFlight (Airport)'
[2023-04-05 02:48:30.282 +03:00  INF]  Request finished HTTP/2 POST https://localhost:7297/api/Flights/AddDepartureFlight application/json 331 - 200 0 - 14066.4936ms
[2023-04-05 02:49:53.655 +03:00  INF]  Executed endpoint '/flightHub'
[2023-04-05 02:49:53.655 +03:00  INF]  Request finished HTTP/2 CONNECT https://localhost:7297/flightHub?id=r8nany92dXrlsiHXxWXnng - - - 200 - - 104271.8091ms
