[2023-03-20 23:11:27.589 +02:00  INF]  Now listening on: https://localhost:7297
[2023-03-20 23:11:27.676 +02:00  INF]  Now listening on: http://localhost:5128
[2023-03-20 23:11:27.679 +02:00  INF]  Application started. Press Ctrl+C to shut down.
[2023-03-20 23:11:27.679 +02:00  INF]  Hosting environment: Development
[2023-03-20 23:11:27.680 +02:00  INF]  Content root path: C:\Users\Aviv\OneDrive\שולחן העבודה\GitHubProjects\FlightSimulator\Server\FlightSimulator
[2023-03-20 23:11:28.480 +02:00  INF]  Request starting HTTP/2 GET https://localhost:7297/swagger/index.html - -
[2023-03-20 23:11:28.712 +02:00  INF]  Request finished HTTP/2 GET https://localhost:7297/swagger/index.html - - - 200 - text/html;charset=utf-8 236.7235ms
[2023-03-20 23:11:28.729 +02:00  INF]  Request starting HTTP/2 GET https://localhost:7297/_framework/aspnetcore-browser-refresh.js - -
[2023-03-20 23:11:28.737 +02:00  INF]  Request finished HTTP/2 GET https://localhost:7297/_framework/aspnetcore-browser-refresh.js - - - 200 12000 application/javascript;+charset=utf-8 7.3289ms
[2023-03-20 23:11:28.784 +02:00  INF]  Request starting HTTP/2 GET https://localhost:7297/_vs/browserLink - -
[2023-03-20 23:11:28.808 +02:00  INF]  Request finished HTTP/2 GET https://localhost:7297/_vs/browserLink - - - 200 - text/javascript;+charset=UTF-8 23.6027ms
[2023-03-20 23:11:28.941 +02:00  INF]  Request starting HTTP/2 GET https://localhost:7297/swagger/v1/swagger.json - -
[2023-03-20 23:11:29.069 +02:00  INF]  Request finished HTTP/2 GET https://localhost:7297/swagger/v1/swagger.json - - - 200 - application/json;charset=utf-8 127.6766ms
[2023-03-20 23:11:32.623 +02:00  INF]  Request starting HTTP/2 POST https://localhost:7297/api/Pilots/AddPilot application/json 33
[2023-03-20 23:11:32.630 +02:00  INF]  CORS policy execution successful.
[2023-03-20 23:11:32.635 +02:00  INF]  Executing endpoint 'FlightSimulator.Controllers.PilotsController.AddStam (FlightSimulator)'
[2023-03-20 23:11:32.658 +02:00  INF]  Route matched with {action = "AddStam", controller = "Pilots"}. Executing controller action with signature System.Threading.Tasks.Task`1[Microsoft.AspNetCore.Mvc.IActionResult] AddStam(FlightSimulator.Models.Pilot) on controller FlightSimulator.Controllers.PilotsController (FlightSimulator).
[2023-03-20 23:11:34.000 +02:00  INF]  Executed DbCommand (50ms) [Parameters=[@p0='?' (Size = 4000)], CommandType='"Text"', CommandTimeout='30']
SET IMPLICIT_TRANSACTIONS OFF;
SET NOCOUNT ON;
INSERT INTO [Pilots] ([Name])
OUTPUT INSERTED.[Id]
VALUES (@p0);
[2023-03-20 23:11:34.057 +02:00  WRN]  Added pilot
[2023-03-20 23:11:34.058 +02:00  INF]  Successssss adding pilot
[2023-03-20 23:11:34.066 +02:00  INF]  Executing OkObjectResult, writing value of type 'System.String'.
[2023-03-20 23:11:34.072 +02:00  INF]  Executed action FlightSimulator.Controllers.PilotsController.AddStam (FlightSimulator) in 1408.707ms
[2023-03-20 23:11:34.073 +02:00  INF]  Executed endpoint 'FlightSimulator.Controllers.PilotsController.AddStam (FlightSimulator)'
[2023-03-20 23:11:34.080 +02:00  INF]  Request finished HTTP/2 POST https://localhost:7297/api/Pilots/AddPilot application/json 33 - 200 - text/plain;+charset=utf-8 1457.6543ms
