[2023-04-07 16:50:12.091 +03:00  INF]  Now listening on: https://localhost:7297
[2023-04-07 16:50:12.204 +03:00  INF]  Now listening on: http://localhost:5128
[2023-04-07 16:50:12.207 +03:00  INF]  Application started. Press Ctrl+C to shut down.
[2023-04-07 16:50:12.208 +03:00  INF]  Hosting environment: Development
[2023-04-07 16:50:12.208 +03:00  INF]  Content root path: C:\Users\Aviv\OneDrive\שולחן העבודה\GitHubProjects\AirportProject\Server\Airport
[2023-04-07 16:50:12.678 +03:00  INF]  Request starting HTTP/2 GET https://localhost:7297/swagger/index.html - -
[2023-04-07 16:50:13.353 +03:00  INF]  Request finished HTTP/2 GET https://localhost:7297/swagger/index.html - - - 200 - text/html;charset=utf-8 678.0300ms
[2023-04-07 16:50:13.501 +03:00  INF]  Request starting HTTP/2 GET https://localhost:7297/_framework/aspnetcore-browser-refresh.js - -
[2023-04-07 16:50:13.501 +03:00  INF]  Request starting HTTP/2 GET https://localhost:7297/_vs/browserLink - -
[2023-04-07 16:50:13.508 +03:00  INF]  Request finished HTTP/2 GET https://localhost:7297/_framework/aspnetcore-browser-refresh.js - - - 200 11984 application/javascript;+charset=utf-8 5.3887ms
[2023-04-07 16:50:13.573 +03:00  INF]  Request finished HTTP/2 GET https://localhost:7297/_vs/browserLink - - - 200 - text/javascript;+charset=UTF-8 71.7178ms
[2023-04-07 16:50:13.726 +03:00  INF]  Request starting HTTP/2 GET https://localhost:7297/swagger/v1/swagger.json - -
[2023-04-07 16:50:13.895 +03:00  INF]  Request finished HTTP/2 GET https://localhost:7297/swagger/v1/swagger.json - - - 200 - application/json;charset=utf-8 168.9503ms
[2023-04-07 17:17:31.823 +03:00  INF]  Request starting HTTP/2 GET https://localhost:7297/swagger/index.html - -
[2023-04-07 17:17:31.966 +03:00  INF]  Request finished HTTP/2 GET https://localhost:7297/swagger/index.html - - - 200 - text/html;charset=utf-8 142.7915ms
[2023-04-07 17:17:32.003 +03:00  INF]  Request starting HTTP/2 GET https://localhost:7297/_framework/aspnetcore-browser-refresh.js - -
[2023-04-07 17:17:32.004 +03:00  INF]  Request finished HTTP/2 GET https://localhost:7297/_framework/aspnetcore-browser-refresh.js - - - 200 11984 application/javascript;+charset=utf-8 0.9659ms
[2023-04-07 17:17:32.040 +03:00  INF]  Request starting HTTP/2 GET https://localhost:7297/_vs/browserLink - -
[2023-04-07 17:17:32.052 +03:00  INF]  Request finished HTTP/2 GET https://localhost:7297/_vs/browserLink - - - 200 - text/javascript;+charset=UTF-8 12.0021ms
[2023-04-07 17:17:32.208 +03:00  INF]  Request starting HTTP/2 GET https://localhost:7297/swagger/v1/swagger.json - -
[2023-04-07 17:17:32.215 +03:00  INF]  Request finished HTTP/2 GET https://localhost:7297/swagger/v1/swagger.json - - - 200 - application/json;charset=utf-8 6.6101ms
[2023-04-07 17:17:50.832 +03:00  INF]  Request starting HTTP/2 OPTIONS https://localhost:7297/terminalHub/negotiate?negotiateVersion=1 - -
[2023-04-07 17:17:50.837 +03:00  INF]  CORS policy execution successful.
[2023-04-07 17:17:50.838 +03:00  INF]  Request finished HTTP/2 OPTIONS https://localhost:7297/terminalHub/negotiate?negotiateVersion=1 - - - 204 - - 6.0480ms
[2023-04-07 17:17:50.840 +03:00  INF]  Request starting HTTP/2 POST https://localhost:7297/terminalHub/negotiate?negotiateVersion=1 - 0
[2023-04-07 17:17:50.841 +03:00  INF]  CORS policy execution successful.
[2023-04-07 17:17:50.846 +03:00  INF]  Executing endpoint '/terminalHub/negotiate'
[2023-04-07 17:17:50.861 +03:00  INF]  Executed endpoint '/terminalHub/negotiate'
[2023-04-07 17:17:50.861 +03:00  INF]  Request finished HTTP/2 POST https://localhost:7297/terminalHub/negotiate?negotiateVersion=1 - 0 - 200 316 application/json 21.3052ms
[2023-04-07 17:17:50.871 +03:00  INF]  Request starting HTTP/2 CONNECT https://localhost:7297/terminalHub?id=E6tsvTLcNSXBNctPJ_iuWg - -
[2023-04-07 17:17:50.872 +03:00  INF]  CORS policy execution successful.
[2023-04-07 17:17:50.873 +03:00  INF]  Executing endpoint '/terminalHub'
[2023-04-07 17:17:56.475 +03:00  INF]  Executed endpoint '/terminalHub'
[2023-04-07 17:17:56.476 +03:00  INF]  Request finished HTTP/2 CONNECT https://localhost:7297/terminalHub?id=E6tsvTLcNSXBNctPJ_iuWg - - - 200 - - 5604.7438ms
[2023-04-07 17:18:02.924 +03:00  INF]  Request starting HTTP/2 OPTIONS https://localhost:7297/terminalHub/negotiate?negotiateVersion=1 - -
[2023-04-07 17:18:02.924 +03:00  INF]  CORS policy execution successful.
[2023-04-07 17:18:02.925 +03:00  INF]  Request finished HTTP/2 OPTIONS https://localhost:7297/terminalHub/negotiate?negotiateVersion=1 - - - 204 - - 1.0978ms
[2023-04-07 17:18:02.929 +03:00  INF]  Request starting HTTP/2 POST https://localhost:7297/terminalHub/negotiate?negotiateVersion=1 - 0
[2023-04-07 17:18:02.931 +03:00  INF]  CORS policy execution successful.
[2023-04-07 17:18:02.931 +03:00  INF]  Executing endpoint '/terminalHub/negotiate'
[2023-04-07 17:18:02.932 +03:00  INF]  Executed endpoint '/terminalHub/negotiate'
[2023-04-07 17:18:02.932 +03:00  INF]  Request finished HTTP/2 POST https://localhost:7297/terminalHub/negotiate?negotiateVersion=1 - 0 - 200 316 application/json 3.3638ms
[2023-04-07 17:18:02.968 +03:00  INF]  Request starting HTTP/2 CONNECT https://localhost:7297/terminalHub?id=V3fJYmxPnHoHdZusCUv3FQ - -
[2023-04-07 17:18:02.969 +03:00  INF]  CORS policy execution successful.
[2023-04-07 17:18:02.969 +03:00  INF]  Executing endpoint '/terminalHub'
[2023-04-07 17:18:11.637 +03:00  INF]  Request starting HTTP/2 POST https://localhost:7297/api/Flights/AddDepartureFlight application/json 331
[2023-04-07 17:18:11.638 +03:00  INF]  CORS policy execution successful.
[2023-04-07 17:18:11.638 +03:00  INF]  Executing endpoint 'FlightSimulator.Controllers.FlightsController.AddDepartureFlight (Airport)'
[2023-04-07 17:18:11.660 +03:00  INF]  Route matched with {action = "AddDepartureFlight", controller = "Flights"}. Executing controller action with signature System.Threading.Tasks.Task`1[Microsoft.AspNetCore.Mvc.IActionResult] AddDepartureFlight(Core.DTOs.Incoming.FlightInDTO) on controller FlightSimulator.Controllers.FlightsController (Airport).
[2023-04-07 17:18:13.535 +03:00  INF]  Executed DbCommand (60ms) [Parameters=[@p0='?' (Size = 4000), @p1='?' (Size = 4000), @p2='?' (DbType = Int32), @p3='?' (Size = 4000), @p4='?' (Size = 4000), @p5='?' (DbType = Int32)], CommandType='"Text"', CommandTimeout='30']
SET NOCOUNT ON;
INSERT INTO [Company] ([Country], [Name])
OUTPUT INSERTED.[Id]
VALUES (@p0, @p1);
INSERT INTO [Pilots] ([Age], [FirstName], [LastName], [Rank])
OUTPUT INSERTED.[Id]
VALUES (@p2, @p3, @p4, @p5);
[2023-04-07 17:18:13.579 +03:00  INF]  Executed DbCommand (5ms) [Parameters=[@p6='?' (DbType = Int32), @p7='?' (Size = 4000), @p8='?' (DbType = Int32)], CommandType='"Text"', CommandTimeout='30']
SET IMPLICIT_TRANSACTIONS OFF;
SET NOCOUNT ON;
INSERT INTO [Plain] ([CompanyId], [Model], [PassangerCount])
OUTPUT INSERTED.[Id]
VALUES (@p6, @p7, @p8);
[2023-04-07 17:18:13.586 +03:00  INF]  Executed DbCommand (5ms) [Parameters=[@p9='?' (DbType = Guid), @p10='?' (DbType = Boolean), @p11='?' (DbType = Int32), @p12='?' (DbType = Int32)], CommandType='"Text"', CommandTimeout='30']
SET IMPLICIT_TRANSACTIONS OFF;
SET NOCOUNT ON;
INSERT INTO [Flights] ([Code], [IsDeparture], [PilotId], [PlainId])
OUTPUT INSERTED.[Id]
VALUES (@p9, @p10, @p11, @p12);
[2023-04-07 17:18:13.616 +03:00  WRN]  Added flight
[2023-04-07 17:18:13.792 +03:00  INF]  Executed DbCommand (3ms) [Parameters=[], CommandType='"Text"', CommandTimeout='30']
SELECT [l].[Id], [l].[CurrentLeg], [l].[LegType], [l].[NextPosibbleLegs], [l].[PauseTime]
FROM [Legs] AS [l]
[2023-04-07 17:18:13.814 +03:00  INF]  Got all legs from db!
[2023-04-07 17:18:13.866 +03:00  INF]  Executed DbCommand (5ms) [Parameters=[@p0='?' (DbType = DateTime2), @p1='?' (DbType = DateTime2), @p2='?' (DbType = Int32), @p3='?' (DbType = Int32), @p4='?' (Size = 4000)], CommandType='"Text"', CommandTimeout='30']
SET IMPLICIT_TRANSACTIONS OFF;
SET NOCOUNT ON;
INSERT INTO [ProcessLogger] ([EnterTime], [ExitTime], [FlightId], [LegNum], [Message])
OUTPUT INSERTED.[Id]
VALUES (@p0, @p1, @p2, @p3, @p4);
[2023-04-07 17:18:13.870 +03:00  INF]  Added log
[2023-04-07 17:18:17.985 +03:00  INF]  Executed DbCommand (3ms) [Parameters=[@__procLogId_0='?' (DbType = Int32)], CommandType='"Text"', CommandTimeout='30']
SELECT TOP(1) [p].[Id], [p].[EnterTime], [p].[ExitTime], [p].[FlightId], [p].[LegNum], [p].[Message]
FROM [ProcessLogger] AS [p]
WHERE [p].[Id] = @__procLogId_0
[2023-04-07 17:18:17.997 +03:00  INF]  Executed DbCommand (4ms) [Parameters=[@p5='?' (DbType = Int32), @p0='?' (DbType = DateTime2), @p1='?' (DbType = DateTime2), @p2='?' (DbType = Int32), @p3='?' (DbType = Int32), @p4='?' (Size = 4000)], CommandType='"Text"', CommandTimeout='30']
SET IMPLICIT_TRANSACTIONS OFF;
SET NOCOUNT ON;
UPDATE [ProcessLogger] SET [EnterTime] = @p0, [ExitTime] = @p1, [FlightId] = @p2, [LegNum] = @p3, [Message] = @p4
OUTPUT 1
WHERE [Id] = @p5;
[2023-04-07 17:18:18.000 +03:00  INF]  updated log
[2023-04-07 17:18:18.036 +03:00  INF]  Executed DbCommand (1ms) [Parameters=[@p0='?' (DbType = DateTime2), @p1='?' (DbType = DateTime2), @p2='?' (DbType = Int32), @p3='?' (DbType = Int32), @p4='?' (Size = 4000)], CommandType='"Text"', CommandTimeout='30']
SET IMPLICIT_TRANSACTIONS OFF;
SET NOCOUNT ON;
INSERT INTO [ProcessLogger] ([EnterTime], [ExitTime], [FlightId], [LegNum], [Message])
OUTPUT INSERTED.[Id]
VALUES (@p0, @p1, @p2, @p3, @p4);
[2023-04-07 17:18:18.037 +03:00  INF]  Added log
[2023-04-07 17:18:23.052 +03:00  INF]  Executed DbCommand (1ms) [Parameters=[@__procLogId_0='?' (DbType = Int32)], CommandType='"Text"', CommandTimeout='30']
SELECT TOP(1) [p].[Id], [p].[EnterTime], [p].[ExitTime], [p].[FlightId], [p].[LegNum], [p].[Message]
FROM [ProcessLogger] AS [p]
WHERE [p].[Id] = @__procLogId_0
[2023-04-07 17:18:23.055 +03:00  INF]  Executed DbCommand (1ms) [Parameters=[@p5='?' (DbType = Int32), @p0='?' (DbType = DateTime2), @p1='?' (DbType = DateTime2), @p2='?' (DbType = Int32), @p3='?' (DbType = Int32), @p4='?' (Size = 4000)], CommandType='"Text"', CommandTimeout='30']
SET IMPLICIT_TRANSACTIONS OFF;
SET NOCOUNT ON;
UPDATE [ProcessLogger] SET [EnterTime] = @p0, [ExitTime] = @p1, [FlightId] = @p2, [LegNum] = @p3, [Message] = @p4
OUTPUT 1
WHERE [Id] = @p5;
[2023-04-07 17:18:23.056 +03:00  INF]  updated log
[2023-04-07 17:18:23.058 +03:00  INF]  Executed DbCommand (1ms) [Parameters=[@p0='?' (DbType = DateTime2), @p1='?' (DbType = DateTime2), @p2='?' (DbType = Int32), @p3='?' (DbType = Int32), @p4='?' (Size = 4000)], CommandType='"Text"', CommandTimeout='30']
SET IMPLICIT_TRANSACTIONS OFF;
SET NOCOUNT ON;
INSERT INTO [ProcessLogger] ([EnterTime], [ExitTime], [FlightId], [LegNum], [Message])
OUTPUT INSERTED.[Id]
VALUES (@p0, @p1, @p2, @p3, @p4);
[2023-04-07 17:18:23.059 +03:00  INF]  Added log
[2023-04-07 17:18:25.062 +03:00  INF]  Executed DbCommand (1ms) [Parameters=[@__procLogId_0='?' (DbType = Int32)], CommandType='"Text"', CommandTimeout='30']
SELECT TOP(1) [p].[Id], [p].[EnterTime], [p].[ExitTime], [p].[FlightId], [p].[LegNum], [p].[Message]
FROM [ProcessLogger] AS [p]
WHERE [p].[Id] = @__procLogId_0
[2023-04-07 17:18:25.065 +03:00  INF]  Executed DbCommand (1ms) [Parameters=[@p5='?' (DbType = Int32), @p0='?' (DbType = DateTime2), @p1='?' (DbType = DateTime2), @p2='?' (DbType = Int32), @p3='?' (DbType = Int32), @p4='?' (Size = 4000)], CommandType='"Text"', CommandTimeout='30']
SET IMPLICIT_TRANSACTIONS OFF;
SET NOCOUNT ON;
UPDATE [ProcessLogger] SET [EnterTime] = @p0, [ExitTime] = @p1, [FlightId] = @p2, [LegNum] = @p3, [Message] = @p4
OUTPUT 1
WHERE [Id] = @p5;
[2023-04-07 17:18:25.073 +03:00  INF]  updated log
[2023-04-07 17:18:25.098 +03:00  ERR]  Successssss
[2023-04-07 17:18:25.105 +03:00  INF]  Executing StatusCodeResult, setting HTTP status code 200
[2023-04-07 17:18:25.112 +03:00  INF]  Executed action FlightSimulator.Controllers.FlightsController.AddDepartureFlight (Airport) in 13445.8241ms
[2023-04-07 17:18:25.112 +03:00  INF]  Executed endpoint 'FlightSimulator.Controllers.FlightsController.AddDepartureFlight (Airport)'
[2023-04-07 17:18:25.127 +03:00  INF]  Request finished HTTP/2 POST https://localhost:7297/api/Flights/AddDepartureFlight application/json 331 - 200 0 - 13489.7210ms
[2023-04-07 17:18:43.720 +03:00  INF]  Executed endpoint '/terminalHub'
[2023-04-07 17:18:43.720 +03:00  INF]  Request finished HTTP/2 CONNECT https://localhost:7297/terminalHub?id=V3fJYmxPnHoHdZusCUv3FQ - - - 200 - - 40752.0841ms
[2023-04-07 17:18:44.213 +03:00  INF]  Request starting HTTP/2 OPTIONS https://localhost:7297/terminalHub/negotiate?negotiateVersion=1 - -
[2023-04-07 17:18:44.213 +03:00  INF]  CORS policy execution successful.
[2023-04-07 17:18:44.214 +03:00  INF]  Request finished HTTP/2 OPTIONS https://localhost:7297/terminalHub/negotiate?negotiateVersion=1 - - - 204 - - 1.2261ms
[2023-04-07 17:18:44.218 +03:00  INF]  Request starting HTTP/2 POST https://localhost:7297/terminalHub/negotiate?negotiateVersion=1 - 0
[2023-04-07 17:18:44.218 +03:00  INF]  CORS policy execution successful.
[2023-04-07 17:18:44.219 +03:00  INF]  Executing endpoint '/terminalHub/negotiate'
[2023-04-07 17:18:44.219 +03:00  INF]  Executed endpoint '/terminalHub/negotiate'
[2023-04-07 17:18:44.219 +03:00  INF]  Request finished HTTP/2 POST https://localhost:7297/terminalHub/negotiate?negotiateVersion=1 - 0 - 200 316 application/json 1.4726ms
[2023-04-07 17:18:44.259 +03:00  INF]  Request starting HTTP/2 CONNECT https://localhost:7297/terminalHub?id=Rfqe5MDrrbfF6yslJ_GkSw - -
[2023-04-07 17:18:44.259 +03:00  INF]  CORS policy execution successful.
[2023-04-07 17:18:44.259 +03:00  INF]  Executing endpoint '/terminalHub'
[2023-04-07 17:18:53.085 +03:00  INF]  Executed endpoint '/terminalHub'
[2023-04-07 17:18:53.086 +03:00  INF]  Request finished HTTP/2 CONNECT https://localhost:7297/terminalHub?id=Rfqe5MDrrbfF6yslJ_GkSw - - - 200 - - 8827.0581ms
[2023-04-07 17:18:53.708 +03:00  INF]  Request starting HTTP/2 OPTIONS https://localhost:7297/terminalHub/negotiate?negotiateVersion=1 - -
[2023-04-07 17:18:53.709 +03:00  INF]  CORS policy execution successful.
[2023-04-07 17:18:53.709 +03:00  INF]  Request finished HTTP/2 OPTIONS https://localhost:7297/terminalHub/negotiate?negotiateVersion=1 - - - 204 - - 0.6476ms
[2023-04-07 17:18:53.711 +03:00  INF]  Request starting HTTP/2 POST https://localhost:7297/terminalHub/negotiate?negotiateVersion=1 - 0
[2023-04-07 17:18:53.711 +03:00  INF]  CORS policy execution successful.
[2023-04-07 17:18:53.712 +03:00  INF]  Executing endpoint '/terminalHub/negotiate'
[2023-04-07 17:18:53.712 +03:00  INF]  Executed endpoint '/terminalHub/negotiate'
[2023-04-07 17:18:53.712 +03:00  INF]  Request finished HTTP/2 POST https://localhost:7297/terminalHub/negotiate?negotiateVersion=1 - 0 - 200 316 application/json 1.2130ms
[2023-04-07 17:18:53.752 +03:00  INF]  Request starting HTTP/2 CONNECT https://localhost:7297/terminalHub?id=oqxE1-nWH8gR2ETxN1AFYw - -
[2023-04-07 17:18:53.768 +03:00  INF]  CORS policy execution successful.
[2023-04-07 17:18:53.768 +03:00  INF]  Executing endpoint '/terminalHub'
[2023-04-07 17:19:05.204 +03:00  INF]  Executed endpoint '/terminalHub'
[2023-04-07 17:19:05.204 +03:00  INF]  Request finished HTTP/2 CONNECT https://localhost:7297/terminalHub?id=oqxE1-nWH8gR2ETxN1AFYw - - - 200 - - 11451.6363ms
[2023-04-07 17:19:05.646 +03:00  INF]  Request starting HTTP/2 OPTIONS https://localhost:7297/terminalHub/negotiate?negotiateVersion=1 - -
[2023-04-07 17:19:05.647 +03:00  INF]  CORS policy execution successful.
[2023-04-07 17:19:05.647 +03:00  INF]  Request finished HTTP/2 OPTIONS https://localhost:7297/terminalHub/negotiate?negotiateVersion=1 - - - 204 - - 0.8181ms
[2023-04-07 17:19:05.649 +03:00  INF]  Request starting HTTP/2 POST https://localhost:7297/terminalHub/negotiate?negotiateVersion=1 - 0
[2023-04-07 17:19:05.649 +03:00  INF]  CORS policy execution successful.
[2023-04-07 17:19:05.650 +03:00  INF]  Executing endpoint '/terminalHub/negotiate'
[2023-04-07 17:19:05.650 +03:00  INF]  Executed endpoint '/terminalHub/negotiate'
[2023-04-07 17:19:05.650 +03:00  INF]  Request finished HTTP/2 POST https://localhost:7297/terminalHub/negotiate?negotiateVersion=1 - 0 - 200 316 application/json 1.3135ms
[2023-04-07 17:19:05.691 +03:00  INF]  Request starting HTTP/2 CONNECT https://localhost:7297/terminalHub?id=4i0zrpprUUuNifRTG9EYsw - -
[2023-04-07 17:19:05.692 +03:00  INF]  CORS policy execution successful.
[2023-04-07 17:19:05.692 +03:00  INF]  Executing endpoint '/terminalHub'
[2023-04-07 17:19:13.299 +03:00  INF]  Request starting HTTP/2 POST https://localhost:7297/api/Flights/AddDepartureFlight application/json 331
[2023-04-07 17:19:13.302 +03:00  INF]  CORS policy execution successful.
[2023-04-07 17:19:13.303 +03:00  INF]  Executing endpoint 'FlightSimulator.Controllers.FlightsController.AddDepartureFlight (Airport)'
[2023-04-07 17:19:13.304 +03:00  INF]  Route matched with {action = "AddDepartureFlight", controller = "Flights"}. Executing controller action with signature System.Threading.Tasks.Task`1[Microsoft.AspNetCore.Mvc.IActionResult] AddDepartureFlight(Core.DTOs.Incoming.FlightInDTO) on controller FlightSimulator.Controllers.FlightsController (Airport).
[2023-04-07 17:19:13.373 +03:00  INF]  Executed DbCommand (3ms) [Parameters=[@p0='?' (Size = 4000), @p1='?' (Size = 4000), @p2='?' (DbType = Int32), @p3='?' (Size = 4000), @p4='?' (Size = 4000), @p5='?' (DbType = Int32)], CommandType='"Text"', CommandTimeout='30']
SET NOCOUNT ON;
INSERT INTO [Company] ([Country], [Name])
OUTPUT INSERTED.[Id]
VALUES (@p0, @p1);
INSERT INTO [Pilots] ([Age], [FirstName], [LastName], [Rank])
OUTPUT INSERTED.[Id]
VALUES (@p2, @p3, @p4, @p5);
[2023-04-07 17:19:13.376 +03:00  INF]  Executed DbCommand (2ms) [Parameters=[@p6='?' (DbType = Int32), @p7='?' (Size = 4000), @p8='?' (DbType = Int32)], CommandType='"Text"', CommandTimeout='30']
SET IMPLICIT_TRANSACTIONS OFF;
SET NOCOUNT ON;
INSERT INTO [Plain] ([CompanyId], [Model], [PassangerCount])
OUTPUT INSERTED.[Id]
VALUES (@p6, @p7, @p8);
[2023-04-07 17:19:13.378 +03:00  INF]  Executed DbCommand (2ms) [Parameters=[@p9='?' (DbType = Guid), @p10='?' (DbType = Boolean), @p11='?' (DbType = Int32), @p12='?' (DbType = Int32)], CommandType='"Text"', CommandTimeout='30']
SET IMPLICIT_TRANSACTIONS OFF;
SET NOCOUNT ON;
INSERT INTO [Flights] ([Code], [IsDeparture], [PilotId], [PlainId])
OUTPUT INSERTED.[Id]
VALUES (@p9, @p10, @p11, @p12);
[2023-04-07 17:19:13.380 +03:00  WRN]  Added flight
[2023-04-07 17:19:13.384 +03:00  INF]  Executed DbCommand (2ms) [Parameters=[@p0='?' (DbType = DateTime2), @p1='?' (DbType = DateTime2), @p2='?' (DbType = Int32), @p3='?' (DbType = Int32), @p4='?' (Size = 4000)], CommandType='"Text"', CommandTimeout='30']
SET IMPLICIT_TRANSACTIONS OFF;
SET NOCOUNT ON;
INSERT INTO [ProcessLogger] ([EnterTime], [ExitTime], [FlightId], [LegNum], [Message])
OUTPUT INSERTED.[Id]
VALUES (@p0, @p1, @p2, @p3, @p4);
[2023-04-07 17:19:13.384 +03:00  INF]  Added log
[2023-04-07 17:19:17.392 +03:00  INF]  Executed DbCommand (2ms) [Parameters=[@__procLogId_0='?' (DbType = Int32)], CommandType='"Text"', CommandTimeout='30']
SELECT TOP(1) [p].[Id], [p].[EnterTime], [p].[ExitTime], [p].[FlightId], [p].[LegNum], [p].[Message]
FROM [ProcessLogger] AS [p]
WHERE [p].[Id] = @__procLogId_0
[2023-04-07 17:19:17.396 +03:00  INF]  Executed DbCommand (3ms) [Parameters=[@p5='?' (DbType = Int32), @p0='?' (DbType = DateTime2), @p1='?' (DbType = DateTime2), @p2='?' (DbType = Int32), @p3='?' (DbType = Int32), @p4='?' (Size = 4000)], CommandType='"Text"', CommandTimeout='30']
SET IMPLICIT_TRANSACTIONS OFF;
SET NOCOUNT ON;
UPDATE [ProcessLogger] SET [EnterTime] = @p0, [ExitTime] = @p1, [FlightId] = @p2, [LegNum] = @p3, [Message] = @p4
OUTPUT 1
WHERE [Id] = @p5;
[2023-04-07 17:19:17.397 +03:00  INF]  updated log
[2023-04-07 17:19:17.399 +03:00  INF]  Executed DbCommand (1ms) [Parameters=[@p0='?' (DbType = DateTime2), @p1='?' (DbType = DateTime2), @p2='?' (DbType = Int32), @p3='?' (DbType = Int32), @p4='?' (Size = 4000)], CommandType='"Text"', CommandTimeout='30']
SET IMPLICIT_TRANSACTIONS OFF;
SET NOCOUNT ON;
INSERT INTO [ProcessLogger] ([EnterTime], [ExitTime], [FlightId], [LegNum], [Message])
OUTPUT INSERTED.[Id]
VALUES (@p0, @p1, @p2, @p3, @p4);
[2023-04-07 17:19:17.399 +03:00  INF]  Added log
[2023-04-07 17:19:22.414 +03:00  INF]  Executed DbCommand (1ms) [Parameters=[@__procLogId_0='?' (DbType = Int32)], CommandType='"Text"', CommandTimeout='30']
SELECT TOP(1) [p].[Id], [p].[EnterTime], [p].[ExitTime], [p].[FlightId], [p].[LegNum], [p].[Message]
FROM [ProcessLogger] AS [p]
WHERE [p].[Id] = @__procLogId_0
[2023-04-07 17:19:22.416 +03:00  INF]  Executed DbCommand (1ms) [Parameters=[@p5='?' (DbType = Int32), @p0='?' (DbType = DateTime2), @p1='?' (DbType = DateTime2), @p2='?' (DbType = Int32), @p3='?' (DbType = Int32), @p4='?' (Size = 4000)], CommandType='"Text"', CommandTimeout='30']
SET IMPLICIT_TRANSACTIONS OFF;
SET NOCOUNT ON;
UPDATE [ProcessLogger] SET [EnterTime] = @p0, [ExitTime] = @p1, [FlightId] = @p2, [LegNum] = @p3, [Message] = @p4
OUTPUT 1
WHERE [Id] = @p5;
[2023-04-07 17:19:22.417 +03:00  INF]  updated log
[2023-04-07 17:19:22.419 +03:00  INF]  Executed DbCommand (2ms) [Parameters=[@p0='?' (DbType = DateTime2), @p1='?' (DbType = DateTime2), @p2='?' (DbType = Int32), @p3='?' (DbType = Int32), @p4='?' (Size = 4000)], CommandType='"Text"', CommandTimeout='30']
SET IMPLICIT_TRANSACTIONS OFF;
SET NOCOUNT ON;
INSERT INTO [ProcessLogger] ([EnterTime], [ExitTime], [FlightId], [LegNum], [Message])
OUTPUT INSERTED.[Id]
VALUES (@p0, @p1, @p2, @p3, @p4);
[2023-04-07 17:19:22.420 +03:00  INF]  Added log
[2023-04-07 17:19:24.433 +03:00  INF]  Executed DbCommand (1ms) [Parameters=[@__procLogId_0='?' (DbType = Int32)], CommandType='"Text"', CommandTimeout='30']
SELECT TOP(1) [p].[Id], [p].[EnterTime], [p].[ExitTime], [p].[FlightId], [p].[LegNum], [p].[Message]
FROM [ProcessLogger] AS [p]
WHERE [p].[Id] = @__procLogId_0
[2023-04-07 17:19:24.435 +03:00  INF]  Executed DbCommand (1ms) [Parameters=[@p5='?' (DbType = Int32), @p0='?' (DbType = DateTime2), @p1='?' (DbType = DateTime2), @p2='?' (DbType = Int32), @p3='?' (DbType = Int32), @p4='?' (Size = 4000)], CommandType='"Text"', CommandTimeout='30']
SET IMPLICIT_TRANSACTIONS OFF;
SET NOCOUNT ON;
UPDATE [ProcessLogger] SET [EnterTime] = @p0, [ExitTime] = @p1, [FlightId] = @p2, [LegNum] = @p3, [Message] = @p4
OUTPUT 1
WHERE [Id] = @p5;
[2023-04-07 17:19:24.435 +03:00  INF]  updated log
[2023-04-07 17:19:24.436 +03:00  ERR]  Successssss
[2023-04-07 17:19:24.437 +03:00  INF]  Executing StatusCodeResult, setting HTTP status code 200
[2023-04-07 17:19:24.437 +03:00  INF]  Executed action FlightSimulator.Controllers.FlightsController.AddDepartureFlight (Airport) in 11132.2576ms
[2023-04-07 17:19:24.437 +03:00  INF]  Executed endpoint 'FlightSimulator.Controllers.FlightsController.AddDepartureFlight (Airport)'
[2023-04-07 17:19:24.438 +03:00  INF]  Request finished HTTP/2 POST https://localhost:7297/api/Flights/AddDepartureFlight application/json 331 - 200 0 - 11138.8849ms
[2023-04-07 17:19:45.283 +03:00  INF]  Executed endpoint '/terminalHub'
[2023-04-07 17:19:45.283 +03:00  INF]  Request finished HTTP/2 CONNECT https://localhost:7297/terminalHub?id=4i0zrpprUUuNifRTG9EYsw - - - 200 - - 39591.5901ms
[2023-04-07 17:19:45.772 +03:00  INF]  Request starting HTTP/2 OPTIONS https://localhost:7297/terminalHub/negotiate?negotiateVersion=1 - -
[2023-04-07 17:19:45.773 +03:00  INF]  CORS policy execution successful.
[2023-04-07 17:19:45.773 +03:00  INF]  Request finished HTTP/2 OPTIONS https://localhost:7297/terminalHub/negotiate?negotiateVersion=1 - - - 204 - - 0.7233ms
[2023-04-07 17:19:45.776 +03:00  INF]  Request starting HTTP/2 POST https://localhost:7297/terminalHub/negotiate?negotiateVersion=1 - 0
[2023-04-07 17:19:45.777 +03:00  INF]  CORS policy execution successful.
[2023-04-07 17:19:45.777 +03:00  INF]  Executing endpoint '/terminalHub/negotiate'
[2023-04-07 17:19:45.777 +03:00  INF]  Executed endpoint '/terminalHub/negotiate'
[2023-04-07 17:19:45.777 +03:00  INF]  Request finished HTTP/2 POST https://localhost:7297/terminalHub/negotiate?negotiateVersion=1 - 0 - 200 316 application/json 1.1192ms
[2023-04-07 17:19:45.855 +03:00  INF]  Request starting HTTP/2 CONNECT https://localhost:7297/terminalHub?id=QW-cZdFRVl9iM2irDzUX3A - -
[2023-04-07 17:19:45.856 +03:00  INF]  CORS policy execution successful.
[2023-04-07 17:19:45.856 +03:00  INF]  Executing endpoint '/terminalHub'
[2023-04-07 17:20:18.390 +03:00  INF]  Executed endpoint '/terminalHub'
[2023-04-07 17:20:18.390 +03:00  INF]  Request finished HTTP/2 CONNECT https://localhost:7297/terminalHub?id=QW-cZdFRVl9iM2irDzUX3A - - - 200 - - 32534.8619ms
[2023-04-07 17:20:18.917 +03:00  INF]  Request starting HTTP/2 OPTIONS https://localhost:7297/terminalHub/negotiate?negotiateVersion=1 - -
[2023-04-07 17:20:18.918 +03:00  INF]  CORS policy execution successful.
[2023-04-07 17:20:18.919 +03:00  INF]  Request finished HTTP/2 OPTIONS https://localhost:7297/terminalHub/negotiate?negotiateVersion=1 - - - 204 - - 1.5298ms
[2023-04-07 17:20:18.920 +03:00  INF]  Request starting HTTP/2 POST https://localhost:7297/terminalHub/negotiate?negotiateVersion=1 - 0
[2023-04-07 17:20:18.921 +03:00  INF]  CORS policy execution successful.
[2023-04-07 17:20:18.921 +03:00  INF]  Executing endpoint '/terminalHub/negotiate'
[2023-04-07 17:20:18.922 +03:00  INF]  Executed endpoint '/terminalHub/negotiate'
[2023-04-07 17:20:18.923 +03:00  INF]  Request finished HTTP/2 POST https://localhost:7297/terminalHub/negotiate?negotiateVersion=1 - 0 - 200 316 application/json 2.9258ms
[2023-04-07 17:20:19.012 +03:00  INF]  Request starting HTTP/2 CONNECT https://localhost:7297/terminalHub?id=2rN8R7AkGSio5kw6n0C-Kw - -
[2023-04-07 17:20:19.012 +03:00  INF]  CORS policy execution successful.
[2023-04-07 17:20:19.013 +03:00  INF]  Executing endpoint '/terminalHub'
[2023-04-07 17:20:22.634 +03:00  INF]  Request starting HTTP/2 POST https://localhost:7297/api/Flights/AddDepartureFlight application/json 331
[2023-04-07 17:20:22.634 +03:00  INF]  CORS policy execution successful.
[2023-04-07 17:20:22.635 +03:00  INF]  Executing endpoint 'FlightSimulator.Controllers.FlightsController.AddDepartureFlight (Airport)'
[2023-04-07 17:20:22.635 +03:00  INF]  Route matched with {action = "AddDepartureFlight", controller = "Flights"}. Executing controller action with signature System.Threading.Tasks.Task`1[Microsoft.AspNetCore.Mvc.IActionResult] AddDepartureFlight(Core.DTOs.Incoming.FlightInDTO) on controller FlightSimulator.Controllers.FlightsController (Airport).
[2023-04-07 17:20:22.661 +03:00  INF]  Executed DbCommand (4ms) [Parameters=[@p0='?' (Size = 4000), @p1='?' (Size = 4000), @p2='?' (DbType = Int32), @p3='?' (Size = 4000), @p4='?' (Size = 4000), @p5='?' (DbType = Int32)], CommandType='"Text"', CommandTimeout='30']
SET NOCOUNT ON;
INSERT INTO [Company] ([Country], [Name])
OUTPUT INSERTED.[Id]
VALUES (@p0, @p1);
INSERT INTO [Pilots] ([Age], [FirstName], [LastName], [Rank])
OUTPUT INSERTED.[Id]
VALUES (@p2, @p3, @p4, @p5);
[2023-04-07 17:20:22.663 +03:00  INF]  Executed DbCommand (2ms) [Parameters=[@p6='?' (DbType = Int32), @p7='?' (Size = 4000), @p8='?' (DbType = Int32)], CommandType='"Text"', CommandTimeout='30']
SET IMPLICIT_TRANSACTIONS OFF;
SET NOCOUNT ON;
INSERT INTO [Plain] ([CompanyId], [Model], [PassangerCount])
OUTPUT INSERTED.[Id]
VALUES (@p6, @p7, @p8);
[2023-04-07 17:20:22.670 +03:00  INF]  Executed DbCommand (6ms) [Parameters=[@p9='?' (DbType = Guid), @p10='?' (DbType = Boolean), @p11='?' (DbType = Int32), @p12='?' (DbType = Int32)], CommandType='"Text"', CommandTimeout='30']
SET IMPLICIT_TRANSACTIONS OFF;
SET NOCOUNT ON;
INSERT INTO [Flights] ([Code], [IsDeparture], [PilotId], [PlainId])
OUTPUT INSERTED.[Id]
VALUES (@p9, @p10, @p11, @p12);
[2023-04-07 17:20:22.671 +03:00  WRN]  Added flight
[2023-04-07 17:20:22.680 +03:00  INF]  Executed DbCommand (8ms) [Parameters=[@p0='?' (DbType = DateTime2), @p1='?' (DbType = DateTime2), @p2='?' (DbType = Int32), @p3='?' (DbType = Int32), @p4='?' (Size = 4000)], CommandType='"Text"', CommandTimeout='30']
SET IMPLICIT_TRANSACTIONS OFF;
SET NOCOUNT ON;
INSERT INTO [ProcessLogger] ([EnterTime], [ExitTime], [FlightId], [LegNum], [Message])
OUTPUT INSERTED.[Id]
VALUES (@p0, @p1, @p2, @p3, @p4);
[2023-04-07 17:20:22.680 +03:00  INF]  Added log
[2023-04-07 17:20:26.683 +03:00  INF]  Executed DbCommand (2ms) [Parameters=[@__procLogId_0='?' (DbType = Int32)], CommandType='"Text"', CommandTimeout='30']
SELECT TOP(1) [p].[Id], [p].[EnterTime], [p].[ExitTime], [p].[FlightId], [p].[LegNum], [p].[Message]
FROM [ProcessLogger] AS [p]
WHERE [p].[Id] = @__procLogId_0
[2023-04-07 17:20:26.688 +03:00  INF]  Executed DbCommand (3ms) [Parameters=[@p5='?' (DbType = Int32), @p0='?' (DbType = DateTime2), @p1='?' (DbType = DateTime2), @p2='?' (DbType = Int32), @p3='?' (DbType = Int32), @p4='?' (Size = 4000)], CommandType='"Text"', CommandTimeout='30']
SET IMPLICIT_TRANSACTIONS OFF;
SET NOCOUNT ON;
UPDATE [ProcessLogger] SET [EnterTime] = @p0, [ExitTime] = @p1, [FlightId] = @p2, [LegNum] = @p3, [Message] = @p4
OUTPUT 1
WHERE [Id] = @p5;
[2023-04-07 17:20:26.689 +03:00  INF]  updated log
[2023-04-07 17:20:26.691 +03:00  INF]  Executed DbCommand (1ms) [Parameters=[@p0='?' (DbType = DateTime2), @p1='?' (DbType = DateTime2), @p2='?' (DbType = Int32), @p3='?' (DbType = Int32), @p4='?' (Size = 4000)], CommandType='"Text"', CommandTimeout='30']
SET IMPLICIT_TRANSACTIONS OFF;
SET NOCOUNT ON;
INSERT INTO [ProcessLogger] ([EnterTime], [ExitTime], [FlightId], [LegNum], [Message])
OUTPUT INSERTED.[Id]
VALUES (@p0, @p1, @p2, @p3, @p4);
[2023-04-07 17:20:26.692 +03:00  INF]  Added log
[2023-04-07 17:20:31.703 +03:00  INF]  Executed DbCommand (1ms) [Parameters=[@__procLogId_0='?' (DbType = Int32)], CommandType='"Text"', CommandTimeout='30']
SELECT TOP(1) [p].[Id], [p].[EnterTime], [p].[ExitTime], [p].[FlightId], [p].[LegNum], [p].[Message]
FROM [ProcessLogger] AS [p]
WHERE [p].[Id] = @__procLogId_0
[2023-04-07 17:20:31.705 +03:00  INF]  Executed DbCommand (1ms) [Parameters=[@p5='?' (DbType = Int32), @p0='?' (DbType = DateTime2), @p1='?' (DbType = DateTime2), @p2='?' (DbType = Int32), @p3='?' (DbType = Int32), @p4='?' (Size = 4000)], CommandType='"Text"', CommandTimeout='30']
SET IMPLICIT_TRANSACTIONS OFF;
SET NOCOUNT ON;
UPDATE [ProcessLogger] SET [EnterTime] = @p0, [ExitTime] = @p1, [FlightId] = @p2, [LegNum] = @p3, [Message] = @p4
OUTPUT 1
WHERE [Id] = @p5;
[2023-04-07 17:20:31.706 +03:00  INF]  updated log
[2023-04-07 17:20:31.707 +03:00  INF]  Executed DbCommand (1ms) [Parameters=[@p0='?' (DbType = DateTime2), @p1='?' (DbType = DateTime2), @p2='?' (DbType = Int32), @p3='?' (DbType = Int32), @p4='?' (Size = 4000)], CommandType='"Text"', CommandTimeout='30']
SET IMPLICIT_TRANSACTIONS OFF;
SET NOCOUNT ON;
INSERT INTO [ProcessLogger] ([EnterTime], [ExitTime], [FlightId], [LegNum], [Message])
OUTPUT INSERTED.[Id]
VALUES (@p0, @p1, @p2, @p3, @p4);
[2023-04-07 17:20:31.708 +03:00  INF]  Added log
[2023-04-07 17:20:33.716 +03:00  INF]  Executed DbCommand (1ms) [Parameters=[@__procLogId_0='?' (DbType = Int32)], CommandType='"Text"', CommandTimeout='30']
SELECT TOP(1) [p].[Id], [p].[EnterTime], [p].[ExitTime], [p].[FlightId], [p].[LegNum], [p].[Message]
FROM [ProcessLogger] AS [p]
WHERE [p].[Id] = @__procLogId_0
[2023-04-07 17:20:33.718 +03:00  INF]  Executed DbCommand (1ms) [Parameters=[@p5='?' (DbType = Int32), @p0='?' (DbType = DateTime2), @p1='?' (DbType = DateTime2), @p2='?' (DbType = Int32), @p3='?' (DbType = Int32), @p4='?' (Size = 4000)], CommandType='"Text"', CommandTimeout='30']
SET IMPLICIT_TRANSACTIONS OFF;
SET NOCOUNT ON;
UPDATE [ProcessLogger] SET [EnterTime] = @p0, [ExitTime] = @p1, [FlightId] = @p2, [LegNum] = @p3, [Message] = @p4
OUTPUT 1
WHERE [Id] = @p5;
[2023-04-07 17:20:33.719 +03:00  INF]  updated log
[2023-04-07 17:20:33.719 +03:00  ERR]  Successssss
[2023-04-07 17:20:33.719 +03:00  INF]  Executing StatusCodeResult, setting HTTP status code 200
[2023-04-07 17:20:33.720 +03:00  INF]  Executed action FlightSimulator.Controllers.FlightsController.AddDepartureFlight (Airport) in 11084.0348ms
[2023-04-07 17:20:33.720 +03:00  INF]  Executed endpoint 'FlightSimulator.Controllers.FlightsController.AddDepartureFlight (Airport)'
[2023-04-07 17:20:33.720 +03:00  INF]  Request finished HTTP/2 POST https://localhost:7297/api/Flights/AddDepartureFlight application/json 331 - 200 0 - 11086.2866ms
[2023-04-07 17:20:37.983 +03:00  INF]  Request starting HTTP/2 POST https://localhost:7297/api/Flights/AddDepartureFlight application/json 331
[2023-04-07 17:20:37.983 +03:00  INF]  CORS policy execution successful.
[2023-04-07 17:20:37.983 +03:00  INF]  Executing endpoint 'FlightSimulator.Controllers.FlightsController.AddDepartureFlight (Airport)'
[2023-04-07 17:20:37.984 +03:00  INF]  Route matched with {action = "AddDepartureFlight", controller = "Flights"}. Executing controller action with signature System.Threading.Tasks.Task`1[Microsoft.AspNetCore.Mvc.IActionResult] AddDepartureFlight(Core.DTOs.Incoming.FlightInDTO) on controller FlightSimulator.Controllers.FlightsController (Airport).
[2023-04-07 17:20:37.987 +03:00  INF]  Executed DbCommand (1ms) [Parameters=[@p0='?' (Size = 4000), @p1='?' (Size = 4000), @p2='?' (DbType = Int32), @p3='?' (Size = 4000), @p4='?' (Size = 4000), @p5='?' (DbType = Int32)], CommandType='"Text"', CommandTimeout='30']
SET NOCOUNT ON;
INSERT INTO [Company] ([Country], [Name])
OUTPUT INSERTED.[Id]
VALUES (@p0, @p1);
INSERT INTO [Pilots] ([Age], [FirstName], [LastName], [Rank])
OUTPUT INSERTED.[Id]
VALUES (@p2, @p3, @p4, @p5);
[2023-04-07 17:20:37.988 +03:00  INF]  Executed DbCommand (0ms) [Parameters=[@p6='?' (DbType = Int32), @p7='?' (Size = 4000), @p8='?' (DbType = Int32)], CommandType='"Text"', CommandTimeout='30']
SET IMPLICIT_TRANSACTIONS OFF;
SET NOCOUNT ON;
INSERT INTO [Plain] ([CompanyId], [Model], [PassangerCount])
OUTPUT INSERTED.[Id]
VALUES (@p6, @p7, @p8);
[2023-04-07 17:20:37.989 +03:00  INF]  Executed DbCommand (0ms) [Parameters=[@p9='?' (DbType = Guid), @p10='?' (DbType = Boolean), @p11='?' (DbType = Int32), @p12='?' (DbType = Int32)], CommandType='"Text"', CommandTimeout='30']
SET IMPLICIT_TRANSACTIONS OFF;
SET NOCOUNT ON;
INSERT INTO [Flights] ([Code], [IsDeparture], [PilotId], [PlainId])
OUTPUT INSERTED.[Id]
VALUES (@p9, @p10, @p11, @p12);
[2023-04-07 17:20:37.989 +03:00  WRN]  Added flight
[2023-04-07 17:20:37.991 +03:00  INF]  Executed DbCommand (1ms) [Parameters=[@p0='?' (DbType = DateTime2), @p1='?' (DbType = DateTime2), @p2='?' (DbType = Int32), @p3='?' (DbType = Int32), @p4='?' (Size = 4000)], CommandType='"Text"', CommandTimeout='30']
SET IMPLICIT_TRANSACTIONS OFF;
SET NOCOUNT ON;
INSERT INTO [ProcessLogger] ([EnterTime], [ExitTime], [FlightId], [LegNum], [Message])
OUTPUT INSERTED.[Id]
VALUES (@p0, @p1, @p2, @p3, @p4);
[2023-04-07 17:20:37.991 +03:00  INF]  Added log
[2023-04-07 17:20:42.002 +03:00  INF]  Executed DbCommand (1ms) [Parameters=[@__procLogId_0='?' (DbType = Int32)], CommandType='"Text"', CommandTimeout='30']
SELECT TOP(1) [p].[Id], [p].[EnterTime], [p].[ExitTime], [p].[FlightId], [p].[LegNum], [p].[Message]
FROM [ProcessLogger] AS [p]
WHERE [p].[Id] = @__procLogId_0
[2023-04-07 17:20:42.004 +03:00  INF]  Executed DbCommand (1ms) [Parameters=[@p5='?' (DbType = Int32), @p0='?' (DbType = DateTime2), @p1='?' (DbType = DateTime2), @p2='?' (DbType = Int32), @p3='?' (DbType = Int32), @p4='?' (Size = 4000)], CommandType='"Text"', CommandTimeout='30']
SET IMPLICIT_TRANSACTIONS OFF;
SET NOCOUNT ON;
UPDATE [ProcessLogger] SET [EnterTime] = @p0, [ExitTime] = @p1, [FlightId] = @p2, [LegNum] = @p3, [Message] = @p4
OUTPUT 1
WHERE [Id] = @p5;
[2023-04-07 17:20:42.005 +03:00  INF]  updated log
[2023-04-07 17:20:42.006 +03:00  INF]  Executed DbCommand (1ms) [Parameters=[@p0='?' (DbType = DateTime2), @p1='?' (DbType = DateTime2), @p2='?' (DbType = Int32), @p3='?' (DbType = Int32), @p4='?' (Size = 4000)], CommandType='"Text"', CommandTimeout='30']
SET IMPLICIT_TRANSACTIONS OFF;
SET NOCOUNT ON;
INSERT INTO [ProcessLogger] ([EnterTime], [ExitTime], [FlightId], [LegNum], [Message])
OUTPUT INSERTED.[Id]
VALUES (@p0, @p1, @p2, @p3, @p4);
[2023-04-07 17:20:42.007 +03:00  INF]  Added log
[2023-04-07 17:20:47.023 +03:00  INF]  Executed DbCommand (1ms) [Parameters=[@__procLogId_0='?' (DbType = Int32)], CommandType='"Text"', CommandTimeout='30']
SELECT TOP(1) [p].[Id], [p].[EnterTime], [p].[ExitTime], [p].[FlightId], [p].[LegNum], [p].[Message]
FROM [ProcessLogger] AS [p]
WHERE [p].[Id] = @__procLogId_0
[2023-04-07 17:20:47.026 +03:00  INF]  Executed DbCommand (2ms) [Parameters=[@p5='?' (DbType = Int32), @p0='?' (DbType = DateTime2), @p1='?' (DbType = DateTime2), @p2='?' (DbType = Int32), @p3='?' (DbType = Int32), @p4='?' (Size = 4000)], CommandType='"Text"', CommandTimeout='30']
SET IMPLICIT_TRANSACTIONS OFF;
SET NOCOUNT ON;
UPDATE [ProcessLogger] SET [EnterTime] = @p0, [ExitTime] = @p1, [FlightId] = @p2, [LegNum] = @p3, [Message] = @p4
OUTPUT 1
WHERE [Id] = @p5;
[2023-04-07 17:20:47.026 +03:00  INF]  updated log
[2023-04-07 17:20:47.028 +03:00  INF]  Executed DbCommand (1ms) [Parameters=[@p0='?' (DbType = DateTime2), @p1='?' (DbType = DateTime2), @p2='?' (DbType = Int32), @p3='?' (DbType = Int32), @p4='?' (Size = 4000)], CommandType='"Text"', CommandTimeout='30']
SET IMPLICIT_TRANSACTIONS OFF;
SET NOCOUNT ON;
INSERT INTO [ProcessLogger] ([EnterTime], [ExitTime], [FlightId], [LegNum], [Message])
OUTPUT INSERTED.[Id]
VALUES (@p0, @p1, @p2, @p3, @p4);
[2023-04-07 17:20:47.028 +03:00  INF]  Added log
[2023-04-07 17:20:49.036 +03:00  INF]  Executed DbCommand (1ms) [Parameters=[@__procLogId_0='?' (DbType = Int32)], CommandType='"Text"', CommandTimeout='30']
SELECT TOP(1) [p].[Id], [p].[EnterTime], [p].[ExitTime], [p].[FlightId], [p].[LegNum], [p].[Message]
FROM [ProcessLogger] AS [p]
WHERE [p].[Id] = @__procLogId_0
[2023-04-07 17:20:49.039 +03:00  INF]  Executed DbCommand (2ms) [Parameters=[@p5='?' (DbType = Int32), @p0='?' (DbType = DateTime2), @p1='?' (DbType = DateTime2), @p2='?' (DbType = Int32), @p3='?' (DbType = Int32), @p4='?' (Size = 4000)], CommandType='"Text"', CommandTimeout='30']
SET IMPLICIT_TRANSACTIONS OFF;
SET NOCOUNT ON;
UPDATE [ProcessLogger] SET [EnterTime] = @p0, [ExitTime] = @p1, [FlightId] = @p2, [LegNum] = @p3, [Message] = @p4
OUTPUT 1
WHERE [Id] = @p5;
[2023-04-07 17:20:49.039 +03:00  INF]  updated log
[2023-04-07 17:20:49.040 +03:00  ERR]  Successssss
[2023-04-07 17:20:49.040 +03:00  INF]  Executing StatusCodeResult, setting HTTP status code 200
[2023-04-07 17:20:49.040 +03:00  INF]  Executed action FlightSimulator.Controllers.FlightsController.AddDepartureFlight (Airport) in 11056.8096ms
[2023-04-07 17:20:49.041 +03:00  INF]  Executed endpoint 'FlightSimulator.Controllers.FlightsController.AddDepartureFlight (Airport)'
[2023-04-07 17:20:49.041 +03:00  INF]  Request finished HTTP/2 POST https://localhost:7297/api/Flights/AddDepartureFlight application/json 331 - 200 0 - 11058.6831ms
[2023-04-07 17:20:52.396 +03:00  INF]  Request starting HTTP/2 POST https://localhost:7297/api/Flights/AddDepartureFlight application/json 331
[2023-04-07 17:20:52.397 +03:00  INF]  CORS policy execution successful.
[2023-04-07 17:20:52.397 +03:00  INF]  Executing endpoint 'FlightSimulator.Controllers.FlightsController.AddDepartureFlight (Airport)'
[2023-04-07 17:20:52.397 +03:00  INF]  Route matched with {action = "AddDepartureFlight", controller = "Flights"}. Executing controller action with signature System.Threading.Tasks.Task`1[Microsoft.AspNetCore.Mvc.IActionResult] AddDepartureFlight(Core.DTOs.Incoming.FlightInDTO) on controller FlightSimulator.Controllers.FlightsController (Airport).
[2023-04-07 17:20:52.401 +03:00  INF]  Executed DbCommand (1ms) [Parameters=[@p0='?' (Size = 4000), @p1='?' (Size = 4000), @p2='?' (DbType = Int32), @p3='?' (Size = 4000), @p4='?' (Size = 4000), @p5='?' (DbType = Int32)], CommandType='"Text"', CommandTimeout='30']
SET NOCOUNT ON;
INSERT INTO [Company] ([Country], [Name])
OUTPUT INSERTED.[Id]
VALUES (@p0, @p1);
INSERT INTO [Pilots] ([Age], [FirstName], [LastName], [Rank])
OUTPUT INSERTED.[Id]
VALUES (@p2, @p3, @p4, @p5);
[2023-04-07 17:20:52.402 +03:00  INF]  Executed DbCommand (0ms) [Parameters=[@p6='?' (DbType = Int32), @p7='?' (Size = 4000), @p8='?' (DbType = Int32)], CommandType='"Text"', CommandTimeout='30']
SET IMPLICIT_TRANSACTIONS OFF;
SET NOCOUNT ON;
INSERT INTO [Plain] ([CompanyId], [Model], [PassangerCount])
OUTPUT INSERTED.[Id]
VALUES (@p6, @p7, @p8);
[2023-04-07 17:20:52.403 +03:00  INF]  Executed DbCommand (0ms) [Parameters=[@p9='?' (DbType = Guid), @p10='?' (DbType = Boolean), @p11='?' (DbType = Int32), @p12='?' (DbType = Int32)], CommandType='"Text"', CommandTimeout='30']
SET IMPLICIT_TRANSACTIONS OFF;
SET NOCOUNT ON;
INSERT INTO [Flights] ([Code], [IsDeparture], [PilotId], [PlainId])
OUTPUT INSERTED.[Id]
VALUES (@p9, @p10, @p11, @p12);
[2023-04-07 17:20:52.403 +03:00  WRN]  Added flight
[2023-04-07 17:20:52.405 +03:00  INF]  Executed DbCommand (1ms) [Parameters=[@p0='?' (DbType = DateTime2), @p1='?' (DbType = DateTime2), @p2='?' (DbType = Int32), @p3='?' (DbType = Int32), @p4='?' (Size = 4000)], CommandType='"Text"', CommandTimeout='30']
SET IMPLICIT_TRANSACTIONS OFF;
SET NOCOUNT ON;
INSERT INTO [ProcessLogger] ([EnterTime], [ExitTime], [FlightId], [LegNum], [Message])
OUTPUT INSERTED.[Id]
VALUES (@p0, @p1, @p2, @p3, @p4);
[2023-04-07 17:20:52.405 +03:00  INF]  Added log
[2023-04-07 17:20:56.411 +03:00  INF]  Executed DbCommand (0ms) [Parameters=[@__procLogId_0='?' (DbType = Int32)], CommandType='"Text"', CommandTimeout='30']
SELECT TOP(1) [p].[Id], [p].[EnterTime], [p].[ExitTime], [p].[FlightId], [p].[LegNum], [p].[Message]
FROM [ProcessLogger] AS [p]
WHERE [p].[Id] = @__procLogId_0
[2023-04-07 17:20:56.412 +03:00  INF]  Executed DbCommand (1ms) [Parameters=[@p5='?' (DbType = Int32), @p0='?' (DbType = DateTime2), @p1='?' (DbType = DateTime2), @p2='?' (DbType = Int32), @p3='?' (DbType = Int32), @p4='?' (Size = 4000)], CommandType='"Text"', CommandTimeout='30']
SET IMPLICIT_TRANSACTIONS OFF;
SET NOCOUNT ON;
UPDATE [ProcessLogger] SET [EnterTime] = @p0, [ExitTime] = @p1, [FlightId] = @p2, [LegNum] = @p3, [Message] = @p4
OUTPUT 1
WHERE [Id] = @p5;
[2023-04-07 17:20:56.412 +03:00  INF]  updated log
[2023-04-07 17:20:56.414 +03:00  INF]  Executed DbCommand (1ms) [Parameters=[@p0='?' (DbType = DateTime2), @p1='?' (DbType = DateTime2), @p2='?' (DbType = Int32), @p3='?' (DbType = Int32), @p4='?' (Size = 4000)], CommandType='"Text"', CommandTimeout='30']
SET IMPLICIT_TRANSACTIONS OFF;
SET NOCOUNT ON;
INSERT INTO [ProcessLogger] ([EnterTime], [ExitTime], [FlightId], [LegNum], [Message])
OUTPUT INSERTED.[Id]
VALUES (@p0, @p1, @p2, @p3, @p4);
[2023-04-07 17:20:56.414 +03:00  INF]  Added log
[2023-04-07 17:20:57.793 +03:00  INF]  Request starting HTTP/2 POST https://localhost:7297/api/Flights/AddLandingFlight application/json 331
[2023-04-07 17:20:57.794 +03:00  INF]  CORS policy execution successful.
[2023-04-07 17:20:57.794 +03:00  INF]  Executing endpoint 'FlightSimulator.Controllers.FlightsController.AddLandingFlight (Airport)'
[2023-04-07 17:20:57.804 +03:00  INF]  Route matched with {action = "AddLandingFlight", controller = "Flights"}. Executing controller action with signature System.Threading.Tasks.Task`1[Microsoft.AspNetCore.Mvc.IActionResult] AddLandingFlight(Core.DTOs.Incoming.FlightInDTO) on controller FlightSimulator.Controllers.FlightsController (Airport).
[2023-04-07 17:20:57.808 +03:00  INF]  Executed DbCommand (1ms) [Parameters=[@p0='?' (Size = 4000), @p1='?' (Size = 4000), @p2='?' (DbType = Int32), @p3='?' (Size = 4000), @p4='?' (Size = 4000), @p5='?' (DbType = Int32)], CommandType='"Text"', CommandTimeout='30']
SET NOCOUNT ON;
INSERT INTO [Company] ([Country], [Name])
OUTPUT INSERTED.[Id]
VALUES (@p0, @p1);
INSERT INTO [Pilots] ([Age], [FirstName], [LastName], [Rank])
OUTPUT INSERTED.[Id]
VALUES (@p2, @p3, @p4, @p5);
[2023-04-07 17:20:57.809 +03:00  INF]  Executed DbCommand (1ms) [Parameters=[@p6='?' (DbType = Int32), @p7='?' (Size = 4000), @p8='?' (DbType = Int32)], CommandType='"Text"', CommandTimeout='30']
SET IMPLICIT_TRANSACTIONS OFF;
SET NOCOUNT ON;
INSERT INTO [Plain] ([CompanyId], [Model], [PassangerCount])
OUTPUT INSERTED.[Id]
VALUES (@p6, @p7, @p8);
[2023-04-07 17:20:57.810 +03:00  INF]  Executed DbCommand (0ms) [Parameters=[@p9='?' (DbType = Guid), @p10='?' (DbType = Boolean), @p11='?' (DbType = Int32), @p12='?' (DbType = Int32)], CommandType='"Text"', CommandTimeout='30']
SET IMPLICIT_TRANSACTIONS OFF;
SET NOCOUNT ON;
INSERT INTO [Flights] ([Code], [IsDeparture], [PilotId], [PlainId])
OUTPUT INSERTED.[Id]
VALUES (@p9, @p10, @p11, @p12);
[2023-04-07 17:20:57.811 +03:00  WRN]  Added flight
[2023-04-07 17:20:57.812 +03:00  INF]  Executed DbCommand (1ms) [Parameters=[@p0='?' (DbType = DateTime2), @p1='?' (DbType = DateTime2), @p2='?' (DbType = Int32), @p3='?' (DbType = Int32), @p4='?' (Size = 4000)], CommandType='"Text"', CommandTimeout='30']
SET IMPLICIT_TRANSACTIONS OFF;
SET NOCOUNT ON;
INSERT INTO [ProcessLogger] ([EnterTime], [ExitTime], [FlightId], [LegNum], [Message])
OUTPUT INSERTED.[Id]
VALUES (@p0, @p1, @p2, @p3, @p4);
[2023-04-07 17:20:57.813 +03:00  INF]  Added log
[2023-04-07 17:21:00.816 +03:00  INF]  Executed DbCommand (0ms) [Parameters=[@__procLogId_0='?' (DbType = Int32)], CommandType='"Text"', CommandTimeout='30']
SELECT TOP(1) [p].[Id], [p].[EnterTime], [p].[ExitTime], [p].[FlightId], [p].[LegNum], [p].[Message]
FROM [ProcessLogger] AS [p]
WHERE [p].[Id] = @__procLogId_0
[2023-04-07 17:21:00.819 +03:00  INF]  Executed DbCommand (2ms) [Parameters=[@p5='?' (DbType = Int32), @p0='?' (DbType = DateTime2), @p1='?' (DbType = DateTime2), @p2='?' (DbType = Int32), @p3='?' (DbType = Int32), @p4='?' (Size = 4000)], CommandType='"Text"', CommandTimeout='30']
SET IMPLICIT_TRANSACTIONS OFF;
SET NOCOUNT ON;
UPDATE [ProcessLogger] SET [EnterTime] = @p0, [ExitTime] = @p1, [FlightId] = @p2, [LegNum] = @p3, [Message] = @p4
OUTPUT 1
WHERE [Id] = @p5;
[2023-04-07 17:21:00.819 +03:00  INF]  updated log
[2023-04-07 17:21:00.821 +03:00  INF]  Executed DbCommand (1ms) [Parameters=[@p0='?' (DbType = DateTime2), @p1='?' (DbType = DateTime2), @p2='?' (DbType = Int32), @p3='?' (DbType = Int32), @p4='?' (Size = 4000)], CommandType='"Text"', CommandTimeout='30']
SET IMPLICIT_TRANSACTIONS OFF;
SET NOCOUNT ON;
INSERT INTO [ProcessLogger] ([EnterTime], [ExitTime], [FlightId], [LegNum], [Message])
OUTPUT INSERTED.[Id]
VALUES (@p0, @p1, @p2, @p3, @p4);
[2023-04-07 17:21:00.821 +03:00  INF]  Added log
[2023-04-07 17:21:01.426 +03:00  INF]  Executed DbCommand (1ms) [Parameters=[@__procLogId_0='?' (DbType = Int32)], CommandType='"Text"', CommandTimeout='30']
SELECT TOP(1) [p].[Id], [p].[EnterTime], [p].[ExitTime], [p].[FlightId], [p].[LegNum], [p].[Message]
FROM [ProcessLogger] AS [p]
WHERE [p].[Id] = @__procLogId_0
[2023-04-07 17:21:01.427 +03:00  INF]  Executed DbCommand (1ms) [Parameters=[@p5='?' (DbType = Int32), @p0='?' (DbType = DateTime2), @p1='?' (DbType = DateTime2), @p2='?' (DbType = Int32), @p3='?' (DbType = Int32), @p4='?' (Size = 4000)], CommandType='"Text"', CommandTimeout='30']
SET IMPLICIT_TRANSACTIONS OFF;
SET NOCOUNT ON;
UPDATE [ProcessLogger] SET [EnterTime] = @p0, [ExitTime] = @p1, [FlightId] = @p2, [LegNum] = @p3, [Message] = @p4
OUTPUT 1
WHERE [Id] = @p5;
[2023-04-07 17:21:01.428 +03:00  INF]  updated log
[2023-04-07 17:21:01.429 +03:00  INF]  Executed DbCommand (1ms) [Parameters=[@p0='?' (DbType = DateTime2), @p1='?' (DbType = DateTime2), @p2='?' (DbType = Int32), @p3='?' (DbType = Int32), @p4='?' (Size = 4000)], CommandType='"Text"', CommandTimeout='30']
SET IMPLICIT_TRANSACTIONS OFF;
SET NOCOUNT ON;
INSERT INTO [ProcessLogger] ([EnterTime], [ExitTime], [FlightId], [LegNum], [Message])
OUTPUT INSERTED.[Id]
VALUES (@p0, @p1, @p2, @p3, @p4);
[2023-04-07 17:21:01.430 +03:00  INF]  Added log
[2023-04-07 17:21:03.438 +03:00  INF]  Executed DbCommand (1ms) [Parameters=[@__procLogId_0='?' (DbType = Int32)], CommandType='"Text"', CommandTimeout='30']
SELECT TOP(1) [p].[Id], [p].[EnterTime], [p].[ExitTime], [p].[FlightId], [p].[LegNum], [p].[Message]
FROM [ProcessLogger] AS [p]
WHERE [p].[Id] = @__procLogId_0
[2023-04-07 17:21:03.440 +03:00  INF]  Executed DbCommand (1ms) [Parameters=[@p5='?' (DbType = Int32), @p0='?' (DbType = DateTime2), @p1='?' (DbType = DateTime2), @p2='?' (DbType = Int32), @p3='?' (DbType = Int32), @p4='?' (Size = 4000)], CommandType='"Text"', CommandTimeout='30']
SET IMPLICIT_TRANSACTIONS OFF;
SET NOCOUNT ON;
UPDATE [ProcessLogger] SET [EnterTime] = @p0, [ExitTime] = @p1, [FlightId] = @p2, [LegNum] = @p3, [Message] = @p4
OUTPUT 1
WHERE [Id] = @p5;
[2023-04-07 17:21:03.440 +03:00  INF]  updated log
[2023-04-07 17:21:03.441 +03:00  ERR]  Successssss
[2023-04-07 17:21:03.441 +03:00  INF]  Executing StatusCodeResult, setting HTTP status code 200
[2023-04-07 17:21:03.441 +03:00  INF]  Executed action FlightSimulator.Controllers.FlightsController.AddDepartureFlight (Airport) in 11044.1252ms
[2023-04-07 17:21:03.442 +03:00  INF]  Executed endpoint 'FlightSimulator.Controllers.FlightsController.AddDepartureFlight (Airport)'
[2023-04-07 17:21:03.442 +03:00  INF]  Request finished HTTP/2 POST https://localhost:7297/api/Flights/AddDepartureFlight application/json 331 - 200 0 - 11045.9386ms
[2023-04-07 17:21:04.837 +03:00  INF]  Executed DbCommand (1ms) [Parameters=[@__procLogId_0='?' (DbType = Int32)], CommandType='"Text"', CommandTimeout='30']
SELECT TOP(1) [p].[Id], [p].[EnterTime], [p].[ExitTime], [p].[FlightId], [p].[LegNum], [p].[Message]
FROM [ProcessLogger] AS [p]
WHERE [p].[Id] = @__procLogId_0
[2023-04-07 17:21:04.839 +03:00  INF]  Executed DbCommand (2ms) [Parameters=[@p5='?' (DbType = Int32), @p0='?' (DbType = DateTime2), @p1='?' (DbType = DateTime2), @p2='?' (DbType = Int32), @p3='?' (DbType = Int32), @p4='?' (Size = 4000)], CommandType='"Text"', CommandTimeout='30']
SET IMPLICIT_TRANSACTIONS OFF;
SET NOCOUNT ON;
UPDATE [ProcessLogger] SET [EnterTime] = @p0, [ExitTime] = @p1, [FlightId] = @p2, [LegNum] = @p3, [Message] = @p4
OUTPUT 1
WHERE [Id] = @p5;
[2023-04-07 17:21:04.840 +03:00  INF]  updated log
[2023-04-07 17:21:04.841 +03:00  INF]  Executed DbCommand (1ms) [Parameters=[@p0='?' (DbType = DateTime2), @p1='?' (DbType = DateTime2), @p2='?' (DbType = Int32), @p3='?' (DbType = Int32), @p4='?' (Size = 4000)], CommandType='"Text"', CommandTimeout='30']
SET IMPLICIT_TRANSACTIONS OFF;
SET NOCOUNT ON;
INSERT INTO [ProcessLogger] ([EnterTime], [ExitTime], [FlightId], [LegNum], [Message])
OUTPUT INSERTED.[Id]
VALUES (@p0, @p1, @p2, @p3, @p4);
[2023-04-07 17:21:04.842 +03:00  INF]  Added log
[2023-04-07 17:21:09.844 +03:00  INF]  Executed DbCommand (1ms) [Parameters=[@__procLogId_0='?' (DbType = Int32)], CommandType='"Text"', CommandTimeout='30']
SELECT TOP(1) [p].[Id], [p].[EnterTime], [p].[ExitTime], [p].[FlightId], [p].[LegNum], [p].[Message]
FROM [ProcessLogger] AS [p]
WHERE [p].[Id] = @__procLogId_0
[2023-04-07 17:21:09.846 +03:00  INF]  Executed DbCommand (1ms) [Parameters=[@p5='?' (DbType = Int32), @p0='?' (DbType = DateTime2), @p1='?' (DbType = DateTime2), @p2='?' (DbType = Int32), @p3='?' (DbType = Int32), @p4='?' (Size = 4000)], CommandType='"Text"', CommandTimeout='30']
SET IMPLICIT_TRANSACTIONS OFF;
SET NOCOUNT ON;
UPDATE [ProcessLogger] SET [EnterTime] = @p0, [ExitTime] = @p1, [FlightId] = @p2, [LegNum] = @p3, [Message] = @p4
OUTPUT 1
WHERE [Id] = @p5;
[2023-04-07 17:21:09.846 +03:00  INF]  updated log
[2023-04-07 17:21:09.848 +03:00  INF]  Executed DbCommand (1ms) [Parameters=[@p0='?' (DbType = DateTime2), @p1='?' (DbType = DateTime2), @p2='?' (DbType = Int32), @p3='?' (DbType = Int32), @p4='?' (Size = 4000)], CommandType='"Text"', CommandTimeout='30']
SET IMPLICIT_TRANSACTIONS OFF;
SET NOCOUNT ON;
INSERT INTO [ProcessLogger] ([EnterTime], [ExitTime], [FlightId], [LegNum], [Message])
OUTPUT INSERTED.[Id]
VALUES (@p0, @p1, @p2, @p3, @p4);
[2023-04-07 17:21:09.848 +03:00  INF]  Added log
[2023-04-07 17:21:11.854 +03:00  INF]  Executed DbCommand (1ms) [Parameters=[@__procLogId_0='?' (DbType = Int32)], CommandType='"Text"', CommandTimeout='30']
SELECT TOP(1) [p].[Id], [p].[EnterTime], [p].[ExitTime], [p].[FlightId], [p].[LegNum], [p].[Message]
FROM [ProcessLogger] AS [p]
WHERE [p].[Id] = @__procLogId_0
[2023-04-07 17:21:11.856 +03:00  INF]  Executed DbCommand (1ms) [Parameters=[@p5='?' (DbType = Int32), @p0='?' (DbType = DateTime2), @p1='?' (DbType = DateTime2), @p2='?' (DbType = Int32), @p3='?' (DbType = Int32), @p4='?' (Size = 4000)], CommandType='"Text"', CommandTimeout='30']
SET IMPLICIT_TRANSACTIONS OFF;
SET NOCOUNT ON;
UPDATE [ProcessLogger] SET [EnterTime] = @p0, [ExitTime] = @p1, [FlightId] = @p2, [LegNum] = @p3, [Message] = @p4
OUTPUT 1
WHERE [Id] = @p5;
[2023-04-07 17:21:11.856 +03:00  INF]  updated log
[2023-04-07 17:21:11.858 +03:00  INF]  Executed DbCommand (1ms) [Parameters=[@p0='?' (DbType = DateTime2), @p1='?' (DbType = DateTime2), @p2='?' (DbType = Int32), @p3='?' (DbType = Int32), @p4='?' (Size = 4000)], CommandType='"Text"', CommandTimeout='30']
SET IMPLICIT_TRANSACTIONS OFF;
SET NOCOUNT ON;
INSERT INTO [ProcessLogger] ([EnterTime], [ExitTime], [FlightId], [LegNum], [Message])
OUTPUT INSERTED.[Id]
VALUES (@p0, @p1, @p2, @p3, @p4);
[2023-04-07 17:21:11.858 +03:00  INF]  Added log
[2023-04-07 17:21:14.874 +03:00  INF]  Executed DbCommand (1ms) [Parameters=[@__procLogId_0='?' (DbType = Int32)], CommandType='"Text"', CommandTimeout='30']
SELECT TOP(1) [p].[Id], [p].[EnterTime], [p].[ExitTime], [p].[FlightId], [p].[LegNum], [p].[Message]
FROM [ProcessLogger] AS [p]
WHERE [p].[Id] = @__procLogId_0
[2023-04-07 17:21:14.876 +03:00  INF]  Executed DbCommand (1ms) [Parameters=[@p5='?' (DbType = Int32), @p0='?' (DbType = DateTime2), @p1='?' (DbType = DateTime2), @p2='?' (DbType = Int32), @p3='?' (DbType = Int32), @p4='?' (Size = 4000)], CommandType='"Text"', CommandTimeout='30']
SET IMPLICIT_TRANSACTIONS OFF;
SET NOCOUNT ON;
UPDATE [ProcessLogger] SET [EnterTime] = @p0, [ExitTime] = @p1, [FlightId] = @p2, [LegNum] = @p3, [Message] = @p4
OUTPUT 1
WHERE [Id] = @p5;
[2023-04-07 17:21:14.876 +03:00  INF]  updated log
[2023-04-07 17:21:14.877 +03:00  INF]  Executed DbCommand (1ms) [Parameters=[@p0='?' (DbType = DateTime2), @p1='?' (DbType = DateTime2), @p2='?' (DbType = Int32), @p3='?' (DbType = Int32), @p4='?' (Size = 4000)], CommandType='"Text"', CommandTimeout='30']
SET IMPLICIT_TRANSACTIONS OFF;
SET NOCOUNT ON;
INSERT INTO [ProcessLogger] ([EnterTime], [ExitTime], [FlightId], [LegNum], [Message])
OUTPUT INSERTED.[Id]
VALUES (@p0, @p1, @p2, @p3, @p4);
[2023-04-07 17:21:14.878 +03:00  INF]  Added log
[2023-04-07 17:21:18.882 +03:00  INF]  Executed DbCommand (2ms) [Parameters=[@__procLogId_0='?' (DbType = Int32)], CommandType='"Text"', CommandTimeout='30']
SELECT TOP(1) [p].[Id], [p].[EnterTime], [p].[ExitTime], [p].[FlightId], [p].[LegNum], [p].[Message]
FROM [ProcessLogger] AS [p]
WHERE [p].[Id] = @__procLogId_0
[2023-04-07 17:21:18.888 +03:00  INF]  Executed DbCommand (5ms) [Parameters=[@p5='?' (DbType = Int32), @p0='?' (DbType = DateTime2), @p1='?' (DbType = DateTime2), @p2='?' (DbType = Int32), @p3='?' (DbType = Int32), @p4='?' (Size = 4000)], CommandType='"Text"', CommandTimeout='30']
SET IMPLICIT_TRANSACTIONS OFF;
SET NOCOUNT ON;
UPDATE [ProcessLogger] SET [EnterTime] = @p0, [ExitTime] = @p1, [FlightId] = @p2, [LegNum] = @p3, [Message] = @p4
OUTPUT 1
WHERE [Id] = @p5;
[2023-04-07 17:21:18.889 +03:00  INF]  updated log
[2023-04-07 17:21:18.889 +03:00  ERR]  Successssss
[2023-04-07 17:21:18.890 +03:00  INF]  Executing StatusCodeResult, setting HTTP status code 200
[2023-04-07 17:21:18.890 +03:00  INF]  Executed action FlightSimulator.Controllers.FlightsController.AddLandingFlight (Airport) in 21086.1632ms
[2023-04-07 17:21:18.891 +03:00  INF]  Executed endpoint 'FlightSimulator.Controllers.FlightsController.AddLandingFlight (Airport)'
[2023-04-07 17:21:18.891 +03:00  INF]  Request finished HTTP/2 POST https://localhost:7297/api/Flights/AddLandingFlight application/json 331 - 200 0 - 21098.1542ms
[2023-04-07 17:40:13.528 +03:00  INF]  Executed endpoint '/terminalHub'
[2023-04-07 17:40:13.529 +03:00  INF]  Request finished HTTP/2 CONNECT https://localhost:7297/terminalHub?id=2rN8R7AkGSio5kw6n0C-Kw - - - 200 - - 1194517.1801ms
[2023-04-07 17:40:14.084 +03:00  INF]  Request starting HTTP/2 OPTIONS https://localhost:7297/terminalHub/negotiate?negotiateVersion=1 - -
[2023-04-07 17:40:14.085 +03:00  INF]  CORS policy execution successful.
[2023-04-07 17:40:14.085 +03:00  INF]  Request finished HTTP/2 OPTIONS https://localhost:7297/terminalHub/negotiate?negotiateVersion=1 - - - 204 - - 0.9352ms
[2023-04-07 17:40:14.088 +03:00  INF]  Request starting HTTP/2 POST https://localhost:7297/terminalHub/negotiate?negotiateVersion=1 - 0
[2023-04-07 17:40:14.088 +03:00  INF]  CORS policy execution successful.
[2023-04-07 17:40:14.088 +03:00  INF]  Executing endpoint '/terminalHub/negotiate'
[2023-04-07 17:40:14.089 +03:00  INF]  Executed endpoint '/terminalHub/negotiate'
[2023-04-07 17:40:14.089 +03:00  INF]  Request finished HTTP/2 POST https://localhost:7297/terminalHub/negotiate?negotiateVersion=1 - 0 - 200 316 application/json 0.9339ms
[2023-04-07 17:40:14.167 +03:00  INF]  Request starting HTTP/2 CONNECT https://localhost:7297/terminalHub?id=4h6vW76y1GtZ9xwgFbT1Og - -
[2023-04-07 17:40:14.167 +03:00  INF]  CORS policy execution successful.
[2023-04-07 17:40:14.167 +03:00  INF]  Executing endpoint '/terminalHub'
