[2023-04-09 16:35:02.454 +03:00  INF]  Executed DbCommand (247ms) [Parameters=[], CommandType='"Text"', CommandTimeout='60']
CREATE DATABASE [MyAirport];
[2023-04-09 16:35:02.708 +03:00  INF]  Executed DbCommand (156ms) [Parameters=[], CommandType='"Text"', CommandTimeout='60']
IF SERVERPROPERTY('EngineEdition') <> 5
BEGIN
    ALTER DATABASE [MyAirport] SET READ_COMMITTED_SNAPSHOT ON;
END;
[2023-04-09 16:35:02.732 +03:00  INF]  Executed DbCommand (9ms) [Parameters=[], CommandType='"Text"', CommandTimeout='30']
SELECT 1
[2023-04-09 16:35:02.817 +03:00  INF]  Executed DbCommand (7ms) [Parameters=[], CommandType='"Text"', CommandTimeout='30']
CREATE TABLE [__EFMigrationsHistory] (
    [MigrationId] nvarchar(150) NOT NULL,
    [ProductVersion] nvarchar(32) NOT NULL,
    CONSTRAINT [PK___EFMigrationsHistory] PRIMARY KEY ([MigrationId])
);
[2023-04-09 16:35:02.819 +03:00  INF]  Executed DbCommand (0ms) [Parameters=[], CommandType='"Text"', CommandTimeout='30']
SELECT 1
[2023-04-09 16:35:02.836 +03:00  INF]  Executed DbCommand (13ms) [Parameters=[], CommandType='"Text"', CommandTimeout='30']
SELECT OBJECT_ID(N'[__EFMigrationsHistory]');
[2023-04-09 16:35:02.842 +03:00  INF]  Executed DbCommand (2ms) [Parameters=[], CommandType='"Text"', CommandTimeout='30']
SELECT [MigrationId], [ProductVersion]
FROM [__EFMigrationsHistory]
ORDER BY [MigrationId];
[2023-04-09 16:35:02.858 +03:00  INF]  Applying migration '20230326084156_init'.
[2023-04-09 16:35:02.907 +03:00  INF]  Executed DbCommand (3ms) [Parameters=[], CommandType='"Text"', CommandTimeout='30']
CREATE TABLE [Legs] (
    [Id] int NOT NULL IDENTITY,
    [CurrentLeg] int NOT NULL,
    [NextPosibbleLegs] int NOT NULL,
    CONSTRAINT [PK_Legs] PRIMARY KEY ([Id])
);
[2023-04-09 16:35:02.911 +03:00  INF]  Executed DbCommand (3ms) [Parameters=[], CommandType='"Text"', CommandTimeout='30']
CREATE TABLE [Pilots] (
    [Id] int NOT NULL IDENTITY,
    [Name] nvarchar(max) NULL,
    CONSTRAINT [PK_Pilots] PRIMARY KEY ([Id])
);
[2023-04-09 16:35:02.915 +03:00  INF]  Executed DbCommand (3ms) [Parameters=[], CommandType='"Text"', CommandTimeout='30']
CREATE TABLE [Flights] (
    [Id] int NOT NULL IDENTITY,
    [Code] nvarchar(max) NULL,
    [Name] nvarchar(max) NULL,
    [IsDeparture] bit NOT NULL,
    [PilotId] int NULL,
    CONSTRAINT [PK_Flights] PRIMARY KEY ([Id]),
    CONSTRAINT [FK_Flights_Pilots_PilotId] FOREIGN KEY ([PilotId]) REFERENCES [Pilots] ([Id])
);
[2023-04-09 16:35:02.918 +03:00  INF]  Executed DbCommand (3ms) [Parameters=[], CommandType='"Text"', CommandTimeout='30']
CREATE TABLE [ProcessLogger] (
    [Id] int NOT NULL IDENTITY,
    [FlightId] int NULL,
    [LegId] int NULL,
    [EnterTime] datetime2 NULL,
    [ExitTime] datetime2 NULL,
    [Message] nvarchar(max) NULL,
    CONSTRAINT [PK_ProcessLogger] PRIMARY KEY ([Id]),
    CONSTRAINT [FK_ProcessLogger_Flights_FlightId] FOREIGN KEY ([FlightId]) REFERENCES [Flights] ([Id]),
    CONSTRAINT [FK_ProcessLogger_Legs_LegId] FOREIGN KEY ([LegId]) REFERENCES [Legs] ([Id])
);
[2023-04-09 16:35:02.922 +03:00  INF]  Executed DbCommand (3ms) [Parameters=[], CommandType='"Text"', CommandTimeout='30']
CREATE INDEX [IX_Flights_PilotId] ON [Flights] ([PilotId]);
[2023-04-09 16:35:02.923 +03:00  INF]  Executed DbCommand (1ms) [Parameters=[], CommandType='"Text"', CommandTimeout='30']
CREATE INDEX [IX_ProcessLogger_FlightId] ON [ProcessLogger] ([FlightId]);
[2023-04-09 16:35:02.924 +03:00  INF]  Executed DbCommand (1ms) [Parameters=[], CommandType='"Text"', CommandTimeout='30']
CREATE INDEX [IX_ProcessLogger_LegId] ON [ProcessLogger] ([LegId]);
[2023-04-09 16:35:02.927 +03:00  INF]  Executed DbCommand (2ms) [Parameters=[], CommandType='"Text"', CommandTimeout='30']
INSERT INTO [__EFMigrationsHistory] ([MigrationId], [ProductVersion])
VALUES (N'20230326084156_init', N'7.0.4');
[2023-04-09 16:35:02.936 +03:00  INF]  Applying migration '20230327094210_update1'.
[2023-04-09 16:35:02.950 +03:00  INF]  Executed DbCommand (6ms) [Parameters=[], CommandType='"Text"', CommandTimeout='30']
ALTER TABLE [Legs] ADD [LegType] int NOT NULL DEFAULT 0;
[2023-04-09 16:35:02.951 +03:00  INF]  Executed DbCommand (0ms) [Parameters=[], CommandType='"Text"', CommandTimeout='30']
INSERT INTO [__EFMigrationsHistory] ([MigrationId], [ProductVersion])
VALUES (N'20230327094210_update1', N'7.0.4');
[2023-04-09 16:35:02.952 +03:00  INF]  Applying migration '20230329170519_AddingPauseTime'.
[2023-04-09 16:35:02.992 +03:00  INF]  Executed DbCommand (2ms) [Parameters=[], CommandType='"Text"', CommandTimeout='30']
ALTER TABLE [Legs] ADD [PauseTime] int NOT NULL DEFAULT 0;
[2023-04-09 16:35:03.024 +03:00  INF]  Executed DbCommand (31ms) [Parameters=[], CommandType='"Text"', CommandTimeout='30']
IF EXISTS (SELECT * FROM [sys].[identity_columns] WHERE [name] IN (N'Id', N'CurrentLeg', N'LegType', N'NextPosibbleLegs', N'PauseTime') AND [object_id] = OBJECT_ID(N'[Legs]'))
    SET IDENTITY_INSERT [Legs] ON;
INSERT INTO [Legs] ([Id], [CurrentLeg], [LegType], [NextPosibbleLegs], [PauseTime])
VALUES (1, 1, 2, 2, 3),
(2, 2, 4, 4, 4),
(3, 4, 4, 8, 5),
(4, 8, 4, 544, 4),
(5, 32, 4, 64, 3),
(6, 64, 1, 128, 4),
(7, 64, 1, 128, 4),
(8, 128, 4, 8, 5);
IF EXISTS (SELECT * FROM [sys].[identity_columns] WHERE [name] IN (N'Id', N'CurrentLeg', N'LegType', N'NextPosibbleLegs', N'PauseTime') AND [object_id] = OBJECT_ID(N'[Legs]'))
    SET IDENTITY_INSERT [Legs] OFF;
[2023-04-09 16:35:03.025 +03:00  INF]  Executed DbCommand (0ms) [Parameters=[], CommandType='"Text"', CommandTimeout='30']
INSERT INTO [__EFMigrationsHistory] ([MigrationId], [ProductVersion])
VALUES (N'20230329170519_AddingPauseTime', N'7.0.4');
[2023-04-09 16:35:03.065 +03:00  INF]  Applying migration '20230329221853_dot'.
[2023-04-09 16:35:03.082 +03:00  INF]  Executed DbCommand (2ms) [Parameters=[], CommandType='"Text"', CommandTimeout='30']
UPDATE [Legs] SET [LegType] = 12, [NextPosibbleLegs] = 272, [PauseTime] = 2
WHERE [Id] = 4;
SELECT @@ROWCOUNT;
[2023-04-09 16:35:03.084 +03:00  INF]  Executed DbCommand (1ms) [Parameters=[], CommandType='"Text"', CommandTimeout='30']
UPDATE [Legs] SET [CurrentLeg] = 16, [NextPosibbleLegs] = 96
WHERE [Id] = 5;
SELECT @@ROWCOUNT;
[2023-04-09 16:35:03.086 +03:00  INF]  Executed DbCommand (1ms) [Parameters=[], CommandType='"Text"', CommandTimeout='30']
UPDATE [Legs] SET [CurrentLeg] = 32
WHERE [Id] = 6;
SELECT @@ROWCOUNT;
[2023-04-09 16:35:03.086 +03:00  INF]  Executed DbCommand (0ms) [Parameters=[], CommandType='"Text"', CommandTimeout='30']
INSERT INTO [__EFMigrationsHistory] ([MigrationId], [ProductVersion])
VALUES (N'20230329221853_dot', N'7.0.4');
[2023-04-09 16:35:03.087 +03:00  INF]  Applying migration '20230330100608_AddingProcLogsToLeg'.
[2023-04-09 16:35:03.095 +03:00  INF]  Executed DbCommand (1ms) [Parameters=[], CommandType='"Text"', CommandTimeout='30']
INSERT INTO [__EFMigrationsHistory] ([MigrationId], [ProductVersion])
VALUES (N'20230330100608_AddingProcLogsToLeg', N'7.0.4');
[2023-04-09 16:35:03.096 +03:00  INF]  Applying migration '20230330101151_update6'.
[2023-04-09 16:35:03.106 +03:00  INF]  Executed DbCommand (1ms) [Parameters=[], CommandType='"Text"', CommandTimeout='30']
INSERT INTO [__EFMigrationsHistory] ([MigrationId], [ProductVersion])
VALUES (N'20230330101151_update6', N'7.0.4');
[2023-04-09 16:35:03.107 +03:00  INF]  Applying migration '20230330113644_ChangingProcLogLeg'.
[2023-04-09 16:35:03.119 +03:00  INF]  Executed DbCommand (3ms) [Parameters=[], CommandType='"Text"', CommandTimeout='30']
ALTER TABLE [ProcessLogger] DROP CONSTRAINT [FK_ProcessLogger_Legs_LegId];
[2023-04-09 16:35:03.121 +03:00  INF]  Executed DbCommand (1ms) [Parameters=[], CommandType='"Text"', CommandTimeout='30']
DROP INDEX [IX_ProcessLogger_LegId] ON [ProcessLogger];
[2023-04-09 16:35:03.156 +03:00  INF]  Executed DbCommand (34ms) [Parameters=[], CommandType='"Text"', CommandTimeout='30']
DECLARE @var0 sysname;
SELECT @var0 = [d].[name]
FROM [sys].[default_constraints] [d]
INNER JOIN [sys].[columns] [c] ON [d].[parent_column_id] = [c].[column_id] AND [d].[parent_object_id] = [c].[object_id]
WHERE ([d].[parent_object_id] = OBJECT_ID(N'[ProcessLogger]') AND [c].[name] = N'LegId');
IF @var0 IS NOT NULL EXEC(N'ALTER TABLE [ProcessLogger] DROP CONSTRAINT [' + @var0 + '];');
ALTER TABLE [ProcessLogger] DROP COLUMN [LegId];
[2023-04-09 16:35:03.158 +03:00  INF]  Executed DbCommand (1ms) [Parameters=[], CommandType='"Text"', CommandTimeout='30']
ALTER TABLE [ProcessLogger] ADD [Leg] int NOT NULL DEFAULT 0;
[2023-04-09 16:35:03.158 +03:00  INF]  Executed DbCommand (0ms) [Parameters=[], CommandType='"Text"', CommandTimeout='30']
INSERT INTO [__EFMigrationsHistory] ([MigrationId], [ProductVersion])
VALUES (N'20230330113644_ChangingProcLogLeg', N'7.0.4');
[2023-04-09 16:35:03.159 +03:00  INF]  Applying migration '20230330114802_ProcLogLegID'.
[2023-04-09 16:35:03.356 +03:00  INF]  Executed DbCommand (189ms) [Parameters=[], CommandType='"Text"', CommandTimeout='30']
EXEC sp_rename N'[ProcessLogger].[Leg]', N'LegId', N'COLUMN';
[2023-04-09 16:35:03.357 +03:00  INF]  Executed DbCommand (1ms) [Parameters=[], CommandType='"Text"', CommandTimeout='30']
INSERT INTO [__EFMigrationsHistory] ([MigrationId], [ProductVersion])
VALUES (N'20230330114802_ProcLogLegID', N'7.0.4');
[2023-04-09 16:35:03.358 +03:00  INF]  Applying migration '20230330173832_updateName'.
[2023-04-09 16:35:03.364 +03:00  INF]  Executed DbCommand (0ms) [Parameters=[], CommandType='"Text"', CommandTimeout='30']
INSERT INTO [__EFMigrationsHistory] ([MigrationId], [ProductVersion])
VALUES (N'20230330173832_updateName', N'7.0.4');
[2023-04-09 16:35:03.365 +03:00  INF]  Applying migration '20230403102011_UpdateEntities'.
[2023-04-09 16:35:03.399 +03:00  INF]  Executed DbCommand (14ms) [Parameters=[], CommandType='"Text"', CommandTimeout='30']
DECLARE @var1 sysname;
SELECT @var1 = [d].[name]
FROM [sys].[default_constraints] [d]
INNER JOIN [sys].[columns] [c] ON [d].[parent_column_id] = [c].[column_id] AND [d].[parent_object_id] = [c].[object_id]
WHERE ([d].[parent_object_id] = OBJECT_ID(N'[Flights]') AND [c].[name] = N'Name');
IF @var1 IS NOT NULL EXEC(N'ALTER TABLE [Flights] DROP CONSTRAINT [' + @var1 + '];');
ALTER TABLE [Flights] DROP COLUMN [Name];
[2023-04-09 16:35:03.400 +03:00  INF]  Executed DbCommand (1ms) [Parameters=[], CommandType='"Text"', CommandTimeout='30']
EXEC sp_rename N'[Pilots].[Name]', N'LastName', N'COLUMN';
[2023-04-09 16:35:03.402 +03:00  INF]  Executed DbCommand (1ms) [Parameters=[], CommandType='"Text"', CommandTimeout='30']
ALTER TABLE [Pilots] ADD [Age] int NOT NULL DEFAULT 0;
[2023-04-09 16:35:03.403 +03:00  INF]  Executed DbCommand (1ms) [Parameters=[], CommandType='"Text"', CommandTimeout='30']
ALTER TABLE [Pilots] ADD [FirstName] nvarchar(max) NULL;
[2023-04-09 16:35:03.405 +03:00  INF]  Executed DbCommand (1ms) [Parameters=[], CommandType='"Text"', CommandTimeout='30']
ALTER TABLE [Pilots] ADD [Rank] int NOT NULL DEFAULT 0;
[2023-04-09 16:35:03.422 +03:00  INF]  Executed DbCommand (17ms) [Parameters=[], CommandType='"Text"', CommandTimeout='30']
DECLARE @var2 sysname;
SELECT @var2 = [d].[name]
FROM [sys].[default_constraints] [d]
INNER JOIN [sys].[columns] [c] ON [d].[parent_column_id] = [c].[column_id] AND [d].[parent_object_id] = [c].[object_id]
WHERE ([d].[parent_object_id] = OBJECT_ID(N'[Flights]') AND [c].[name] = N'Code');
IF @var2 IS NOT NULL EXEC(N'ALTER TABLE [Flights] DROP CONSTRAINT [' + @var2 + '];');
ALTER TABLE [Flights] ALTER COLUMN [Code] uniqueidentifier NULL;
[2023-04-09 16:35:03.424 +03:00  INF]  Executed DbCommand (1ms) [Parameters=[], CommandType='"Text"', CommandTimeout='30']
ALTER TABLE [Flights] ADD [PlainId] int NULL;
[2023-04-09 16:35:03.426 +03:00  INF]  Executed DbCommand (2ms) [Parameters=[], CommandType='"Text"', CommandTimeout='30']
CREATE TABLE [Company] (
    [Id] int NOT NULL IDENTITY,
    [Name] nvarchar(max) NULL,
    [Country] nvarchar(max) NULL,
    CONSTRAINT [PK_Company] PRIMARY KEY ([Id])
);
[2023-04-09 16:35:03.429 +03:00  INF]  Executed DbCommand (2ms) [Parameters=[], CommandType='"Text"', CommandTimeout='30']
CREATE TABLE [Plain] (
    [Id] int NOT NULL IDENTITY,
    [CompanyId] int NULL,
    [Model] nvarchar(max) NULL,
    [PassangerCount] int NOT NULL,
    CONSTRAINT [PK_Plain] PRIMARY KEY ([Id]),
    CONSTRAINT [FK_Plain_Company_CompanyId] FOREIGN KEY ([CompanyId]) REFERENCES [Company] ([Id])
);
[2023-04-09 16:35:03.430 +03:00  INF]  Executed DbCommand (1ms) [Parameters=[], CommandType='"Text"', CommandTimeout='30']
CREATE INDEX [IX_Flights_PlainId] ON [Flights] ([PlainId]);
[2023-04-09 16:35:03.431 +03:00  INF]  Executed DbCommand (1ms) [Parameters=[], CommandType='"Text"', CommandTimeout='30']
CREATE INDEX [IX_Plain_CompanyId] ON [Plain] ([CompanyId]);
[2023-04-09 16:35:03.433 +03:00  INF]  Executed DbCommand (1ms) [Parameters=[], CommandType='"Text"', CommandTimeout='30']
ALTER TABLE [Flights] ADD CONSTRAINT [FK_Flights_Plain_PlainId] FOREIGN KEY ([PlainId]) REFERENCES [Plain] ([Id]);
[2023-04-09 16:35:03.434 +03:00  INF]  Executed DbCommand (0ms) [Parameters=[], CommandType='"Text"', CommandTimeout='30']
INSERT INTO [__EFMigrationsHistory] ([MigrationId], [ProductVersion])
VALUES (N'20230403102011_UpdateEntities', N'7.0.4');
[2023-04-09 16:35:03.435 +03:00  INF]  Applying migration '20230405162547_UpdatePlain'.
[2023-04-09 16:35:03.448 +03:00  INF]  Executed DbCommand (2ms) [Parameters=[], CommandType='"Text"', CommandTimeout='30']
ALTER TABLE [Flights] DROP CONSTRAINT [FK_Flights_Plain_PlainId];
[2023-04-09 16:35:03.450 +03:00  INF]  Executed DbCommand (2ms) [Parameters=[], CommandType='"Text"', CommandTimeout='30']
DROP TABLE [Plain];
[2023-04-09 16:35:03.453 +03:00  INF]  Executed DbCommand (2ms) [Parameters=[], CommandType='"Text"', CommandTimeout='30']
EXEC sp_rename N'[ProcessLogger].[LegId]', N'LegNum', N'COLUMN';
[2023-04-09 16:35:03.455 +03:00  INF]  Executed DbCommand (2ms) [Parameters=[], CommandType='"Text"', CommandTimeout='30']
CREATE TABLE [Plane] (
    [Id] int NOT NULL IDENTITY,
    [CompanyId] int NULL,
    [Model] nvarchar(max) NULL,
    [PassangerCount] int NOT NULL,
    CONSTRAINT [PK_Plane] PRIMARY KEY ([Id]),
    CONSTRAINT [FK_Plane_Company_CompanyId] FOREIGN KEY ([CompanyId]) REFERENCES [Company] ([Id])
);
[2023-04-09 16:35:03.456 +03:00  INF]  Executed DbCommand (1ms) [Parameters=[], CommandType='"Text"', CommandTimeout='30']
CREATE INDEX [IX_Plane_CompanyId] ON [Plane] ([CompanyId]);
[2023-04-09 16:35:03.458 +03:00  INF]  Executed DbCommand (1ms) [Parameters=[], CommandType='"Text"', CommandTimeout='30']
ALTER TABLE [Flights] ADD CONSTRAINT [FK_Flights_Plane_PlainId] FOREIGN KEY ([PlainId]) REFERENCES [Plane] ([Id]);
[2023-04-09 16:35:03.459 +03:00  INF]  Executed DbCommand (0ms) [Parameters=[], CommandType='"Text"', CommandTimeout='30']
INSERT INTO [__EFMigrationsHistory] ([MigrationId], [ProductVersion])
VALUES (N'20230405162547_UpdatePlain', N'7.0.4');
[2023-04-09 16:35:03.460 +03:00  INF]  Applying migration '20230405162801_UpdatePlain2'.
[2023-04-09 16:35:03.477 +03:00  INF]  Executed DbCommand (3ms) [Parameters=[], CommandType='"Text"', CommandTimeout='30']
ALTER TABLE [Flights] DROP CONSTRAINT [FK_Flights_Plane_PlainId];
[2023-04-09 16:35:03.480 +03:00  INF]  Executed DbCommand (2ms) [Parameters=[], CommandType='"Text"', CommandTimeout='30']
DROP TABLE [Plane];
[2023-04-09 16:35:03.482 +03:00  INF]  Executed DbCommand (2ms) [Parameters=[], CommandType='"Text"', CommandTimeout='30']
CREATE TABLE [Plain] (
    [Id] int NOT NULL IDENTITY,
    [CompanyId] int NULL,
    [Model] nvarchar(max) NULL,
    [PassangerCount] int NOT NULL,
    CONSTRAINT [PK_Plain] PRIMARY KEY ([Id]),
    CONSTRAINT [FK_Plain_Company_CompanyId] FOREIGN KEY ([CompanyId]) REFERENCES [Company] ([Id])
);
[2023-04-09 16:35:03.483 +03:00  INF]  Executed DbCommand (1ms) [Parameters=[], CommandType='"Text"', CommandTimeout='30']
CREATE INDEX [IX_Plain_CompanyId] ON [Plain] ([CompanyId]);
[2023-04-09 16:35:03.485 +03:00  INF]  Executed DbCommand (1ms) [Parameters=[], CommandType='"Text"', CommandTimeout='30']
ALTER TABLE [Flights] ADD CONSTRAINT [FK_Flights_Plain_PlainId] FOREIGN KEY ([PlainId]) REFERENCES [Plain] ([Id]);
[2023-04-09 16:35:03.486 +03:00  INF]  Executed DbCommand (0ms) [Parameters=[], CommandType='"Text"', CommandTimeout='30']
INSERT INTO [__EFMigrationsHistory] ([MigrationId], [ProductVersion])
VALUES (N'20230405162801_UpdatePlain2', N'7.0.4');
[2023-04-09 16:35:03.486 +03:00  INF]  Applying migration '20230409133451_fixPlane'.
[2023-04-09 16:35:03.497 +03:00  INF]  Executed DbCommand (1ms) [Parameters=[], CommandType='"Text"', CommandTimeout='30']
ALTER TABLE [Flights] DROP CONSTRAINT [FK_Flights_Plain_PlainId];
[2023-04-09 16:35:03.499 +03:00  INF]  Executed DbCommand (2ms) [Parameters=[], CommandType='"Text"', CommandTimeout='30']
DROP TABLE [Plain];
[2023-04-09 16:35:03.501 +03:00  INF]  Executed DbCommand (2ms) [Parameters=[], CommandType='"Text"', CommandTimeout='30']
EXEC sp_rename N'[Flights].[PlainId]', N'PlaneId', N'COLUMN';
[2023-04-09 16:35:03.503 +03:00  INF]  Executed DbCommand (2ms) [Parameters=[], CommandType='"Text"', CommandTimeout='30']
EXEC sp_rename N'[Flights].[IX_Flights_PlainId]', N'IX_Flights_PlaneId', N'INDEX';
[2023-04-09 16:35:03.505 +03:00  INF]  Executed DbCommand (2ms) [Parameters=[], CommandType='"Text"', CommandTimeout='30']
CREATE TABLE [Plane] (
    [Id] int NOT NULL IDENTITY,
    [CompanyId] int NULL,
    [Model] nvarchar(max) NULL,
    [PassangerCount] int NOT NULL,
    CONSTRAINT [PK_Plane] PRIMARY KEY ([Id]),
    CONSTRAINT [FK_Plane_Company_CompanyId] FOREIGN KEY ([CompanyId]) REFERENCES [Company] ([Id])
);
[2023-04-09 16:35:03.506 +03:00  INF]  Executed DbCommand (1ms) [Parameters=[], CommandType='"Text"', CommandTimeout='30']
CREATE INDEX [IX_Plane_CompanyId] ON [Plane] ([CompanyId]);
[2023-04-09 16:35:03.508 +03:00  INF]  Executed DbCommand (1ms) [Parameters=[], CommandType='"Text"', CommandTimeout='30']
ALTER TABLE [Flights] ADD CONSTRAINT [FK_Flights_Plane_PlaneId] FOREIGN KEY ([PlaneId]) REFERENCES [Plane] ([Id]);
[2023-04-09 16:35:03.509 +03:00  INF]  Executed DbCommand (1ms) [Parameters=[], CommandType='"Text"', CommandTimeout='30']
INSERT INTO [__EFMigrationsHistory] ([MigrationId], [ProductVersion])
VALUES (N'20230409133451_fixPlane', N'7.0.4');
[2023-04-09 17:38:31.636 +03:00  INF]  Now listening on: https://localhost:7297
[2023-04-09 17:38:31.721 +03:00  INF]  Now listening on: http://localhost:5128
[2023-04-09 17:38:31.723 +03:00  INF]  Application started. Press Ctrl+C to shut down.
[2023-04-09 17:38:31.724 +03:00  INF]  Hosting environment: Development
[2023-04-09 17:38:31.724 +03:00  INF]  Content root path: C:\Users\Aviv\OneDrive\שולחן העבודה\GitHubProjects\AirportProject\Server\Airport
[2023-04-09 17:38:32.264 +03:00  INF]  Request starting HTTP/2 GET https://localhost:7297/swagger/index.html - -
[2023-04-09 17:38:32.507 +03:00  INF]  Request finished HTTP/2 GET https://localhost:7297/swagger/index.html - - - 200 - text/html;charset=utf-8 245.7299ms
[2023-04-09 17:38:32.606 +03:00  INF]  Request starting HTTP/2 GET https://localhost:7297/_framework/aspnetcore-browser-refresh.js - -
[2023-04-09 17:38:32.611 +03:00  INF]  Request finished HTTP/2 GET https://localhost:7297/_framework/aspnetcore-browser-refresh.js - - - 200 11984 application/javascript;+charset=utf-8 4.9560ms
[2023-04-09 17:38:32.640 +03:00  INF]  Request starting HTTP/2 GET https://localhost:7297/_vs/browserLink - -
[2023-04-09 17:38:32.658 +03:00  INF]  Request finished HTTP/2 GET https://localhost:7297/_vs/browserLink - - - 200 - text/javascript;+charset=UTF-8 17.5640ms
[2023-04-09 17:38:32.812 +03:00  INF]  Request starting HTTP/2 GET https://localhost:7297/swagger/v1/swagger.json - -
[2023-04-09 17:38:32.944 +03:00  INF]  Request finished HTTP/2 GET https://localhost:7297/swagger/v1/swagger.json - - - 200 - application/json;charset=utf-8 131.9494ms
[2023-04-09 17:39:51.388 +03:00  INF]  Request starting HTTP/2 GET https://localhost:7297/swagger/index.html - -
[2023-04-09 17:39:51.409 +03:00  INF]  Request finished HTTP/2 GET https://localhost:7297/swagger/index.html - - - 200 - text/html;charset=utf-8 20.9472ms
[2023-04-09 17:39:51.436 +03:00  INF]  Request starting HTTP/2 GET https://localhost:7297/_vs/browserLink - -
[2023-04-09 17:39:51.438 +03:00  INF]  Request starting HTTP/2 GET https://localhost:7297/_framework/aspnetcore-browser-refresh.js - -
[2023-04-09 17:39:51.439 +03:00  INF]  Request finished HTTP/2 GET https://localhost:7297/_framework/aspnetcore-browser-refresh.js - - - 200 11984 application/javascript;+charset=utf-8 1.0520ms
[2023-04-09 17:39:51.449 +03:00  INF]  Request finished HTTP/2 GET https://localhost:7297/_vs/browserLink - - - 200 - text/javascript;+charset=UTF-8 12.5941ms
[2023-04-09 17:39:51.637 +03:00  INF]  Request starting HTTP/2 GET https://localhost:7297/swagger/v1/swagger.json - -
[2023-04-09 17:39:51.646 +03:00  INF]  Request finished HTTP/2 GET https://localhost:7297/swagger/v1/swagger.json - - - 200 - application/json;charset=utf-8 8.9752ms
[2023-04-09 17:43:13.834 +03:00  INF]  Request starting HTTP/2 GET https://localhost:7297/swagger/index.html - -
[2023-04-09 17:43:13.847 +03:00  INF]  Request finished HTTP/2 GET https://localhost:7297/swagger/index.html - - - 200 - text/html;charset=utf-8 13.2416ms
[2023-04-09 17:43:13.868 +03:00  INF]  Request starting HTTP/2 GET https://localhost:7297/_vs/browserLink - -
[2023-04-09 17:43:13.869 +03:00  INF]  Request starting HTTP/2 GET https://localhost:7297/_framework/aspnetcore-browser-refresh.js - -
[2023-04-09 17:43:13.869 +03:00  INF]  Request finished HTTP/2 GET https://localhost:7297/_framework/aspnetcore-browser-refresh.js - - - 200 11984 application/javascript;+charset=utf-8 0.5527ms
[2023-04-09 17:43:13.877 +03:00  INF]  Request finished HTTP/2 GET https://localhost:7297/_vs/browserLink - - - 200 - text/javascript;+charset=UTF-8 8.7002ms
[2023-04-09 17:43:14.058 +03:00  INF]  Request starting HTTP/2 GET https://localhost:7297/swagger/v1/swagger.json - -
[2023-04-09 17:43:14.065 +03:00  INF]  Request finished HTTP/2 GET https://localhost:7297/swagger/v1/swagger.json - - - 200 - application/json;charset=utf-8 6.5229ms
